Job launching after 0.22 seconds in submission.
Running python job.
Changed into dir /home/data/Projects/git_repo/hacone/Spearmint-PESM/examples/cifar10
Importing train_eval_image_classifier_jetson.py
Running train_eval_image_classifier_jetson.main()
WARNING:tensorflow:From /home/data/Projects/git_repo/hacone/Spearmint-PESM/examples/cifar10/train_eval_image_classifier_jetson.py:419: create_global_step (from tensorflow.contrib.framework.python.ops.variables) is deprecated and will be removed in a future version.
Instructions for updating:
Please switch to tf.train.create_global_step
_-1_-2_2_0_-2_-2_5_4_-2_-2_6_7_0_0_4_4_2_2_1_2
[-1, -2, 2, 0, -2, -2, 5, 4, -2, -2, 6, 7, 0, 0, 4, 4, 2, 2, 1, 2]
train model
cifar10
output dimension of o1 for cell 0 block 0 with input -1 and operation 3x3_depth_conv:
[32, 32, 32, 24]
output dimension of o2 for cell 0 block 0 with input -2 and operation 3x3_max_pool:
[32, 32, 32, 24]
output dimension of o1 for cell 0 block 1 with input -2 and operation 5x5_conv:
[32, 32, 32, 24]
output dimension of o2 for cell 0 block 1 with input -2 and operation 5x5_depth_conv:
[32, 32, 32, 24]
output dimension of o1 for cell 0 block 2 with input -2 and operation 7x7_depth_conv:
[32, 32, 32, 24]
output dimension of o2 for cell 0 block 2 with input -2 and operation 7x7_conv:
[32, 32, 32, 24]
output dimension of o1 for cell 0 block 3 with input 0 and operation 5x5_depth_conv:
[32, 32, 32, 24]
output dimension of o2 for cell 0 block 3 with input 0 and operation 5x5_depth_conv:
[32, 32, 32, 24]

Identity subsample used

output dimension of o1 for cell 0 block 4 with input 2 and operation identity:
[32, 32, 32, 24]
output dimension of o2 for cell 0 block 4 with input 2 and operation 3x3_depth_conv:
[32, 32, 32, 24]
output dimension of o1 for cell 1 block 0 with input -1 and operation 3x3_depth_conv:
[32, 32, 32, 24]
output dimension of o2 for cell 1 block 0 with input -2 and operation 3x3_max_pool:
[32, 32, 32, 24]
output dimension of o1 for cell 1 block 1 with input -2 and operation 5x5_conv:
[32, 32, 32, 24]
output dimension of o2 for cell 1 block 1 with input -2 and operation 5x5_depth_conv:
[32, 32, 32, 24]
output dimension of o1 for cell 1 block 2 with input -2 and operation 7x7_depth_conv:
[32, 32, 32, 24]
output dimension of o2 for cell 1 block 2 with input -2 and operation 7x7_conv:
[32, 32, 32, 24]
output dimension of o1 for cell 1 block 3 with input 0 and operation 5x5_depth_conv:
[32, 32, 32, 24]
output dimension of o2 for cell 1 block 3 with input 0 and operation 5x5_depth_conv:
[32, 32, 32, 24]

Identity subsample used

output dimension of o1 for cell 1 block 4 with input 2 and operation identity:
[32, 32, 32, 24]
output dimension of o2 for cell 1 block 4 with input 2 and operation 3x3_depth_conv:
[32, 32, 32, 24]
output dimension of o1 for cell 2 block 0 with input -1 and operation 3x3_depth_conv:
[32, 16, 16, 24]
output dimension of o2 for cell 2 block 0 with input -2 and operation 3x3_max_pool:
[32, 16, 16, 24]
output dimension of o1 for cell 2 block 1 with input -2 and operation 5x5_conv:
[32, 16, 16, 24]
output dimension of o2 for cell 2 block 1 with input -2 and operation 5x5_depth_conv:
[32, 16, 16, 24]
output dimension of o1 for cell 2 block 2 with input -2 and operation 7x7_depth_conv:
[32, 16, 16, 24]
output dimension of o2 for cell 2 block 2 with input -2 and operation 7x7_conv:
[32, 16, 16, 24]
output dimension of o1 for cell 2 block 3 with input 0 and operation 5x5_depth_conv:
[32, 16, 16, 24]
output dimension of o2 for cell 2 block 3 with input 0 and operation 5x5_depth_conv:
[32, 16, 16, 24]

Identity subsample used

output dimension of o1 for cell 2 block 4 with input 2 and operation identity:
[32, 16, 16, 24]
output dimension of o2 for cell 2 block 4 with input 2 and operation 3x3_depth_conv:
[32, 16, 16, 24]
output dimension of o1 for cell 3 block 0 with input -1 and operation 3x3_depth_conv:
[32, 16, 16, 48]
output dimension of o2 for cell 3 block 0 with input -2 and operation 3x3_max_pool:
[32, 32, 32, 48]
output dimension of o1 for cell 3 block 1 with input -2 and operation 5x5_conv:
[32, 32, 32, 48]
output dimension of o2 for cell 3 block 1 with input -2 and operation 5x5_depth_conv:
[32, 32, 32, 48]
output dimension of o1 for cell 3 block 2 with input -2 and operation 7x7_depth_conv:
[32, 32, 32, 48]
output dimension of o2 for cell 3 block 2 with input -2 and operation 7x7_conv:
[32, 32, 32, 48]
output dimension of o1 for cell 3 block 3 with input 0 and operation 5x5_depth_conv:
[32, 16, 16, 48]
output dimension of o2 for cell 3 block 3 with input 0 and operation 5x5_depth_conv:
[32, 16, 16, 48]

Identity subsample used

output dimension of o1 for cell 3 block 4 with input 2 and operation identity:
[32, 32, 32, 48]
output dimension of o2 for cell 3 block 4 with input 2 and operation 3x3_depth_conv:
[32, 32, 32, 48]
output dimension of o1 for cell 4 block 0 with input -1 and operation 3x3_depth_conv:
[32, 16, 16, 48]
output dimension of o2 for cell 4 block 0 with input -2 and operation 3x3_max_pool:
[32, 16, 16, 48]
output dimension of o1 for cell 4 block 1 with input -2 and operation 5x5_conv:
[32, 16, 16, 48]
output dimension of o2 for cell 4 block 1 with input -2 and operation 5x5_depth_conv:
[32, 16, 16, 48]
output dimension of o1 for cell 4 block 2 with input -2 and operation 7x7_depth_conv:
[32, 16, 16, 48]
output dimension of o2 for cell 4 block 2 with input -2 and operation 7x7_conv:
[32, 16, 16, 48]
output dimension of o1 for cell 4 block 3 with input 0 and operation 5x5_depth_conv:
[32, 16, 16, 48]
output dimension of o2 for cell 4 block 3 with input 0 and operation 5x5_depth_conv:
[32, 16, 16, 48]

Identity subsample used

output dimension of o1 for cell 4 block 4 with input 2 and operation identity:
[32, 16, 16, 48]
output dimension of o2 for cell 4 block 4 with input 2 and operation 3x3_depth_conv:
[32, 16, 16, 48]
output dimension of o1 for cell 5 block 0 with input -1 and operation 3x3_depth_conv:
[32, 8, 8, 48]
output dimension of o2 for cell 5 block 0 with input -2 and operation 3x3_max_pool:
[32, 8, 8, 48]
output dimension of o1 for cell 5 block 1 with input -2 and operation 5x5_conv:
[32, 8, 8, 48]
output dimension of o2 for cell 5 block 1 with input -2 and operation 5x5_depth_conv:
[32, 8, 8, 48]
output dimension of o1 for cell 5 block 2 with input -2 and operation 7x7_depth_conv:
[32, 8, 8, 48]
output dimension of o2 for cell 5 block 2 with input -2 and operation 7x7_conv:
[32, 8, 8, 48]
output dimension of o1 for cell 5 block 3 with input 0 and operation 5x5_depth_conv:
[32, 8, 8, 48]
output dimension of o2 for cell 5 block 3 with input 0 and operation 5x5_depth_conv:
[32, 8, 8, 48]

Identity subsample used

output dimension of o1 for cell 5 block 4 with input 2 and operation identity:
[32, 8, 8, 48]
output dimension of o2 for cell 5 block 4 with input 2 and operation 3x3_depth_conv:
[32, 8, 8, 48]
output dimension of o1 for cell 6 block 0 with input -1 and operation 3x3_depth_conv:
[32, 8, 8, 96]
output dimension of o2 for cell 6 block 0 with input -2 and operation 3x3_max_pool:
[32, 16, 16, 96]
output dimension of o1 for cell 6 block 1 with input -2 and operation 5x5_conv:
[32, 16, 16, 96]
output dimension of o2 for cell 6 block 1 with input -2 and operation 5x5_depth_conv:
[32, 16, 16, 96]
output dimension of o1 for cell 6 block 2 with input -2 and operation 7x7_depth_conv:
[32, 16, 16, 96]
output dimension of o2 for cell 6 block 2 with input -2 and operation 7x7_conv:
[32, 16, 16, 96]
output dimension of o1 for cell 6 block 3 with input 0 and operation 5x5_depth_conv:
[32, 8, 8, 96]
output dimension of o2 for cell 6 block 3 with input 0 and operation 5x5_depth_conv:
[32, 8, 8, 96]

Identity subsample used

output dimension of o1 for cell 6 block 4 with input 2 and operation identity:
[32, 16, 16, 96]
output dimension of o2 for cell 6 block 4 with input 2 and operation 3x3_depth_conv:
[32, 16, 16, 96]
output dimension of o1 for cell 7 block 0 with input -1 and operation 3x3_depth_conv:
[32, 8, 8, 96]
output dimension of o2 for cell 7 block 0 with input -2 and operation 3x3_max_pool:
[32, 8, 8, 96]
output dimension of o1 for cell 7 block 1 with input -2 and operation 5x5_conv:
[32, 8, 8, 96]
output dimension of o2 for cell 7 block 1 with input -2 and operation 5x5_depth_conv:
[32, 8, 8, 96]
output dimension of o1 for cell 7 block 2 with input -2 and operation 7x7_depth_conv:
[32, 8, 8, 96]
output dimension of o2 for cell 7 block 2 with input -2 and operation 7x7_conv:
[32, 8, 8, 96]
output dimension of o1 for cell 7 block 3 with input 0 and operation 5x5_depth_conv:
[32, 8, 8, 96]
output dimension of o2 for cell 7 block 3 with input 0 and operation 5x5_depth_conv:
[32, 8, 8, 96]

Identity subsample used

output dimension of o1 for cell 7 block 4 WARNING:tensorflow:From /home/data/Projects/git_repo/hacone/Spearmint-PESM/examples/cifar10/train_eval_image_classifier_jetson.py:489: softmax_cross_entropy (from tensorflow.contrib.losses.python.losses.loss_ops) is deprecated and will be removed after 2016-12-30.
Instructions for updating:
Use tf.losses.softmax_cross_entropy instead. Note that the order of the logits and labels arguments has been changed.
WARNING:tensorflow:From /home/lile/Projects/.virtualenvs/nn_search/local/lib/python2.7/site-packages/tensorflow/contrib/losses/python/losses/loss_ops.py:398: compute_weighted_loss (from tensorflow.contrib.losses.python.losses.loss_ops) is deprecated and will be removed after 2016-12-30.
Instructions for updating:
Use tf.losses.compute_weighted_loss instead.
WARNING:tensorflow:From /home/lile/Projects/.virtualenvs/nn_search/local/lib/python2.7/site-packages/tensorflow/contrib/losses/python/losses/loss_ops.py:151: add_loss (from tensorflow.contrib.losses.python.losses.loss_ops) is deprecated and will be removed after 2016-12-30.
Instructions for updating:
Use tf.losses.add_loss instead.
INFO:tensorflow:Summary name /clone_loss is illegal; using clone_loss instead.
2019-02-11 11:15:01.693397: I tensorflow/core/platform/cpu_feature_guard.cc:137] Your CPU supports instructions that this TensorFlow binary was not compiled to use: SSE4.1 SSE4.2 AVX AVX2 FMA
2019-02-11 11:15:01.865048: I tensorflow/core/common_runtime/gpu/gpu_device.cc:1030] Found device 0 with properties: 
name: GeForce GTX 1080 Ti major: 6 minor: 1 memoryClockRate(GHz): 1.582
pciBusID: 0000:09:00.0
totalMemory: 10.91GiB freeMemory: 10.60GiB
2019-02-11 11:15:01.865094: I tensorflow/core/common_runtime/gpu/gpu_device.cc:1120] Creating TensorFlow device (/device:GPU:0) -> (device: 0, name: GeForce GTX 1080 Ti, pci bus id: 0000:09:00.0, compute capability: 6.1)
INFO:tensorflow:Starting Session.
INFO:tensorflow:Saving checkpoint to path /home/lile/Projects/git_repo/hacone/outputs/cifarnet_jetson/_-1_-2_2_0_-2_-2_5_4_-2_-2_6_7_0_0_4_4_2_2_1_2/model.ckpt
INFO:tensorflow:Starting Queues.
INFO:tensorflow:global_step/sec: 0
INFO:tensorflow:Recording summary at step 0.
INFO:tensorflow:global step 10: loss = 2.3667 (0.126 sec/step)
INFO:tensorflow:global step 20: loss = 2.4035 (0.128 sec/step)
INFO:tensorflow:global step 30: loss = 2.3191 (0.127 sec/step)
with input 2 and operation identity:
[32, 8, 8, 96]
output dimension of o2 for cell 7 block 4 with input 2 and operation 3x3_depth_conv:
[32, 8, 8, 96]
final output shape
(32, 1, 1, 288)
Traceback (most recent call last):
  File "/home/data/Projects/git_repo/hacone/Spearmint-PESM/spearmint/launcher.py", line 245, in launch
    result = python_launcher(job)
  File "/home/data/Projects/git_repo/hacone/Spearmint-PESM/spearmint/launcher.py", line 330, in python_launcher
    result = module.main(job['id'], params)
  File "/home/data/Projects/git_repo/hacone/Spearmint-PESM/examples/cifar10/train_eval_image_classifier_jetson.py", line 788, in main
    train_model(candidate, N, F)
  File "/home/data/Projects/git_repo/hacone/Spearmint-PESM/examples/cifar10/train_eval_image_classifier_jetson.py", line 591, in train_model
    sync_optimizer=optimizer if FLAGS.sync_replicas else None)
  File "/home/lile/Projects/.virtualenvs/nn_search/local/lib/python2.7/site-packages/tensorflow/contrib/slim/python/slim/learning.py", line 763, in train
    sess, train_op, global_step, train_step_kwargs)
  File "/home/lile/Projects/.virtualenvs/nn_search/local/lib/python2.7/site-packages/tensorflow/contrib/slim/python/slim/learning.py", line 487, in train_step
    run_metadata=run_metadata)
  File "/home/lile/Projects/.virtualenvs/nn_search/local/lib/python2.7/site-packages/tensorflow/python/client/session.py", line 889, in run
    run_metadata_ptr)
  File "/home/lile/Projects/.virtualenvs/nn_search/local/lib/python2.7/site-packages/tensorflow/python/client/session.py", line 1120, in _run
    feed_dict_tensor, options, run_metadata)
  File "/home/lile/Projects/.virtualenvs/nn_search/local/lib/python2.7/site-packages/tensorflow/python/client/session.py", line 1317, in _do_run
    options, run_metadata)
  File "/home/lile/Projects/.virtualenvs/nn_search/local/lib/python2.7/site-packages/tensorflow/python/client/session.py", line 1323, in _do_call
    return fn(*args)
  File "/home/lile/Projects/.virtualenvs/nn_search/local/lib/python2.7/site-packages/tensorflow/python/client/session.py", line 1302, in _run_fn
    status, run_metadata)
KeyboardInterrupt
Problem executing the function
Job failed in 21.06 seconds.
(<type 'exceptions.KeyboardInterrupt'>, KeyboardInterrupt(), <traceback object at 0x7fb0e76e1368>)
