Job launching after 0.27 seconds in submission.
Running python job.
Changed into dir /home/data/Projects/git_repo/hacone/Spearmint-PESM/examples/cifar10
Importing train_eval_image_classifier_jetson.py
Running train_eval_image_classifier_jetson.main()
WARNING:tensorflow:From /home/data/Projects/git_repo/hacone/Spearmint-PESM/examples/cifar10/train_eval_image_classifier_jetson.py:419: create_global_step (from tensorflow.contrib.framework.python.ops.variables) is deprecated and will be removed in a future version.
Instructions for updating:
Please switch to tf.train.create_global_step
_-1_-1_1_0_-2_-1_1_2_1_-1_1_3_-1_-1_6_1_2_1_5_4
[-1, -1, 1, 0, -2, -1, 1, 2, 1, -1, 1, 3, -1, -1, 6, 1, 2, 1, 5, 4]
train model
cifar10

Identity conv2D

output dimension of o1 for cell 0 block 0 with input -1 and operation identity:
[32, 32, 32, 24]
output dimension of o2 for cell 0 block 0 with input -1 and operation 3x3_max_pool:
[32, 32, 32, 24]

Identity conv2D

output dimension of o1 for cell 0 block 1 with input -2 and operation identity:
[32, 32, 32, 24]
output dimension of o2 for cell 0 block 1 with input -1 and operation 3x3_depth_conv:
[32, 32, 32, 24]

Identity subsample used

output dimension of o1 for cell 0 block 2 with input 1 and operation identity:
[32, 32, 32, 24]
output dimension of o2 for cell 0 block 2 with input -1 and operation 3x3_conv:
[32, 32, 32, 24]

Identity conv2D

output dimension of o1 for cell 0 block 3 with input -1 and operation 7x7_depth_conv:
[32, 32, 32, 24]
output dimension of o2 for cell 0 block 3 with input -1 and operation identity:
[32, 32, 32, 24]
output dimension of o1 for cell 0 block 4 with input 2 and operation 5x5_conv:
[32, 32, 32, 24]
output dimension of o2 for cell 0 block 4 with input 1 and operation 5x5_depth_conv:
[32, 32, 32, 24]

Identity conv2D

output dimension of o1 for cell 1 block 0 with input -1 and operation identity:
[32, 32, 32, 24]
output dimension of o2 for cell 1 block 0 with input -1 and operation 3x3_max_pool:
[32, 32, 32, 24]

Identity conv2D

output dimension of o1 for cell 1 block 1 with input -2 and operation identity:
[32, 32, 32, 24]
output dimension of o2 for cell 1 block 1 with input -1 and operation 3x3_depth_conv:
[32, 32, 32, 24]

Identity subsample used

output dimension of o1 for cell 1 block 2 with input 1 and operation identity:
[32, 32, 32, 24]
output dimension of o2 for cell 1 block 2 with input -1 and operation 3x3_conv:
[32, 32, 32, 24]

Identity conv2D

output dimension of o1 for cell 1 block 3 with input -1 and operation 7x7_depth_conv:
[32, 32, 32, 24]
output dimension of o2 for cell 1 block 3 with input -1 and operation identity:
[32, 32, 32, 24]
output dimension of o1 for cell 1 block 4 with input 2 and operation 5x5_conv:
[32, 32, 32, 24]
output dimension of o2 for cell 1 block 4 with input 1 and operation 5x5_depth_conv:
[32, 32, 32, 24]

Identity conv2D

output dimension of o1 for cell 2 block 0 with input -1 and operation identity:
[32, 16, 16, 24]
output dimension of o2 for cell 2 block 0 with input -1 and operation 3x3_max_pool:
[32, 16, 16, 24]

Identity conv2D

output dimension of o1 for cell 2 block 1 with input -2 and operation identity:
[32, 16, 16, 24]
output dimension of o2 for cell 2 block 1 with input -1 and operation 3x3_depth_conv:
[32, 16, 16, 24]

Identity subsample used

output dimension of o1 for cell 2 block 2 with input 1 and operation identity:
[32, 16, 16, 24]
output dimension of o2 for cell 2 block 2 with input -1 and operation 3x3_conv:
[32, 16, 16, 24]

Identity conv2D

output dimension of o1 for cell 2 block 3 with input -1 and operation 7x7_depth_conv:
[32, 16, 16, 24]
output dimension of o2 for cell 2 block 3 with input -1 and operation identity:
[32, 16, 16, 24]
output dimension of o1 for cell 2 block 4 with input 2 and operation 5x5_conv:
[32, 16, 16, 24]
output dimension of o2 for cell 2 block 4 with input 1 and operation 5x5_depth_conv:
[32, 16, 16, 24]

Identity conv2D

output dimension of o1 for cell 3 block 0 with input -1 and operation identity:
[32, 16, 16, 48]
output dimension of o2 for cell 3 block 0 with input -1 and operation 3x3_max_pool:
[32, 16, 16, 48]

Identity conv2D

output dimension of o1 for cell 3 block 1 with input -2 and operation identity:
[32, 32, 32, 48]
output dimension of o2 for cell 3 block 1 with input -1 and operation 3x3_depth_conv:
[32, 16, 16, 48]

Identity subsample used

output dimension of o1 for cell 3 block 2 with input 1 and operation identity:
[32, 16, 16, 48]
output dimension of o2 for cell 3 block 2 with input -1 and operation 3x3_conv:
[32, 16, 16, 48]

Identity conv2D

output dimension of o1 for cell 3 block 3 with input -1 and operation 7x7_depth_conv:
[32, 16, 16, 48]
output dimension of o2 for cell 3 block 3 with input -1 and operation identity:
[32, 16, 16, 48]
output dimension of o1 for cell 3 block 4 with input 2 and operation 5x5_conv:
[32, 16, 16, 48]
output dimension of o2 for cell 3 block 4 with input 1 and operation 5x5_depth_conv:
[32, 16, 16, 48]

Identity conv2D

output dimension of o1 for cell 4 block 0 with input -1 and operation identity:
[32, 16, 16, 48]
output dimension of o2 for cell 4 block 0 with input -1 and operation 3x3_max_pool:
[32, 16, 16, 48]

Identity conv2D

output dimension of o1 for cell 4 block 1 with input -2 and operation identity:
[32, 16, 16, 48]
output dimension of o2 for cell 4 block 1 with input -1 and operation 3x3_depth_conv:
[32, 16, 16, 48]

Identity subsample used

output dimension of o1 for cell 4 block 2 with input 1 and operation identity:
[32, 16, 16, 48]
output dimension of o2 for cell 4 block 2 with input -1 and operation 3x3_conv:
[32, 16, 16, 48]

Identity conv2D

output dimension of o1 for cell 4 block 3 with input -1 and operation 7x7_depth_conv:
[32, 16, 16, 48]
output dimension of o2 for cell 4 block 3 with input -1 and operation identity:
[32, 16, 16, 48]
output dimension of o1 for cell 4 block 4 with input 2 and operation 5x5_conv:
[32, 16, 16, 48]
output dimension of o2 for cell 4 block 4 with input 1 and operation 5x5_depth_conv:
[32, 16, 16, 48]

Identity conv2D

output dimension of o1 for cell 5 block 0 with input -1 and operation identity:
[32, 8, 8, 48]
output dimension of o2 for cell 5 block 0 with input -1 and operation 3x3_max_pool:
[32, 8, 8, 48]

Identity conv2D

output dimension of o1 for cell 5 block 1 with input -2 and operation identity:
[32, 8, 8, 48]
output dimension of o2 for cell 5 block 1 with input -1 and operation 3x3_depth_conv:
[32, 8, 8, 48]

Identity subsample used

output dimension of o1 for cell 5 block 2 with input 1 and operation identity:
[32, 8, 8, 48]
output dimension of o2 for cell 5 block 2 with input -1 and operation 3x3_conv:
[32, 8, 8, 48]

Identity conv2D

output dimension of o1 for cell 5 block 3 with input -1 and operation 7x7_depth_conv:
[32, 8, 8, 48]
output dimension of o2 for cell 5 block 3 with input -1 and operation identity:
[32, 8, 8, 48]
output dimension of o1 for cell 5 block 4 with input 2 and operation 5x5_conv:
[32, 8, 8, 48]
output dimension of o2 for cell 5 block 4 with input 1 and operation 5x5_depth_conv:
[32, 8, 8, 48]

Identity conv2D

output dimension of o1 for cell 6 block 0 with input -1 and operation identity:
[32, 8, 8, 96]
output dimension of o2 for cell 6 block 0 with input -1 and operation 3x3_max_pool:
[32, 8, 8, 96]

Identity conv2D

output dimension of o1 for cell 6 block 1 with input -2 and operation identity:
[32, 16, 16, 96]
output dimension of o2 for cell 6 block 1 with input -1 and operation 3x3_depth_conv:
[32, 8, 8, 96]

Identity subsample used

output dimension of o1 for cell 6 block 2 with input 1 and operation identity:
[32, 8, 8, 96]
output dimension of o2 for cell 6 block 2 with input -1 and operation 3x3_conv:
[32, 8, 8, 96]

Identity conv2D

output dimension of o1 for cell 6 block 3 with input -1 and operation 7x7_depth_conv:
[32, 8, 8, 96]
output dimension of o2 for cell 6 block 3 with input -1 and operation identity:
[32, 8, 8, 96]
output dimension of o1 for cell 6 block 4 with input 2 and operation 5x5_conv:
[32, 8, 8, 96]
output dimension of o2 for cell 6 block 4 with input 1 and operation 5x5_depth_conv:
[32, 8, 8, 96]

Identity conv2D

output dimension of o1 for cell 7 block 0 with input -1 and operation identity:
[32, 8, 8, 96]
output dimension of o2 for cell 7 block 0 with input -1 and operation 3x3_max_pool:
[32, 8, 8, 96]

Identity conv2D

output dimension of o1 for cell 7 block 1 with input -2 and operation identity:
[32, 8, 8, 96]
output dimension of o2 for cell 7 block 1 with input -1 and operation 3x3_depth_conv:
[32, 8, 8, 96]

Identity subsample used

output dimension of o1 for cell 7 block 2 with input 1 and operation identity:
[32, 8, 8, 96]
output dimension of o2 for cell 7 block 2 with input -1 and operaWARNING:tensorflow:From /home/data/Projects/git_repo/hacone/Spearmint-PESM/examples/cifar10/train_eval_image_classifier_jetson.py:489: softmax_cross_entropy (from tensorflow.contrib.losses.python.losses.loss_ops) is deprecated and will be removed after 2016-12-30.
Instructions for updating:
Use tf.losses.softmax_cross_entropy instead. Note that the order of the logits and labels arguments has been changed.
WARNING:tensorflow:From /home/lile/Projects/.virtualenvs/nn_search/local/lib/python2.7/site-packages/tensorflow/contrib/losses/python/losses/loss_ops.py:398: compute_weighted_loss (from tensorflow.contrib.losses.python.losses.loss_ops) is deprecated and will be removed after 2016-12-30.
Instructions for updating:
Use tf.losses.compute_weighted_loss instead.
WARNING:tensorflow:From /home/lile/Projects/.virtualenvs/nn_search/local/lib/python2.7/site-packages/tensorflow/contrib/losses/python/losses/loss_ops.py:151: add_loss (from tensorflow.contrib.losses.python.losses.loss_ops) is deprecated and will be removed after 2016-12-30.
Instructions for updating:
Use tf.losses.add_loss instead.
INFO:tensorflow:Summary name /clone_loss is illegal; using clone_loss instead.
2019-02-12 23:06:41.845827: I tensorflow/core/platform/cpu_feature_guard.cc:137] Your CPU supports instructions that this TensorFlow binary was not compiled to use: SSE4.1 SSE4.2 AVX AVX2 FMA
2019-02-12 23:06:42.052617: I tensorflow/core/common_runtime/gpu/gpu_device.cc:1030] Found device 0 with properties: 
name: GeForce GTX 1080 Ti major: 6 minor: 1 memoryClockRate(GHz): 1.582
pciBusID: 0000:09:00.0
totalMemory: 10.91GiB freeMemory: 10.60GiB
2019-02-12 23:06:42.052660: I tensorflow/core/common_runtime/gpu/gpu_device.cc:1120] Creating TensorFlow device (/device:GPU:0) -> (device: 0, name: GeForce GTX 1080 Ti, pci bus id: 0000:09:00.0, compute capability: 6.1)
INFO:tensorflow:Restoring parameters from /home/lile/Projects/git_repo/hacone/outputs/cifarnet_jetson/_-1_-1_1_0_-2_-1_1_2_1_-1_1_3_-1_-1_6_1_2_1_5_4/model.ckpt-14062
INFO:tensorflow:Starting Session.
INFO:tensorflow:Saving checkpoint to path /home/lile/Projects/git_repo/hacone/outputs/cifarnet_jetson/_-1_-1_1_0_-2_-1_1_2_1_-1_1_3_-1_-1_6_1_2_1_5_4/model.ckpt
INFO:tensorflow:Starting Queues.
INFO:tensorflow:global_step/sec: 0
INFO:tensorflow:Recording summary at step 14062.
INFO:tensorflow:Stopping Training.
INFO:tensorflow:Finished training! Saving model to disk.
WARNING:tensorflow:From /home/data/Projects/git_repo/hacone/Spearmint-PESM/examples/cifar10/train_eval_image_classifier_jetson.py:597: get_or_create_global_step (from tensorflow.contrib.framework.python.ops.variables) is deprecated and will be removed in a future version.
Instructions for updating:
Please switch to tf.train.get_or_create_global_step
INFO:tensorflow:Scale of 0 disables regularizer.
tion 3x3_conv:
[32, 8, 8, 96]

Identity conv2D

output dimension of o1 for cell 7 block 3 with input -1 and operation 7x7_depth_conv:
[32, 8, 8, 96]
output dimension of o2 for cell 7 block 3 with input -1 and operation identity:
[32, 8, 8, 96]
output dimension of o1 for cell 7 block 4 with input 2 and operation 5x5_conv:
[32, 8, 8, 96]
output dimension of o2 for cell 7 block 4 with input 1 and operation 5x5_depth_conv:
[32, 8, 8, 96]
final output shape
(32, 1, 1, 288)
eval model

Identity conv2D

output dimension of o1 for cell 0 block 0 with input -1 and operation identity:
[100, 32, 32, 24]
output dimension of o2 for cell 0 block 0 with input -1 and operation 3x3_max_pool:
[100, 32, 32, 24]

Identity conv2D

output dimension of o1 for cell 0 block 1 with input -2 and operation identity:
[100, 32, 32, 24]
output dimension of o2 for cell 0 block 1 with input -1 and operation 3x3_depth_conv:
[100, 32, 32, 24]

Identity subsample used

output dimension of o1 for cell 0 block 2 with input 1 and operation identity:
[100, 32, 32, 24]
output dimension of o2 for cell 0 block 2 with input -1 and operation 3x3_conv:
[100, 32, 32, 24]

Identity conv2D

output dimension of o1 for cell 0 block 3 with input -1 and operation 7x7_depth_conv:
[100, 32, 32, 24]
output dimension of o2 for cell 0 block 3 with input -1 and operation identity:
[100, 32, 32, 24]
output dimension of o1 for cell 0 block 4 with input 2 and operation 5x5_conv:
[100, 32, 32, 24]
output dimension of o2 for cell 0 block 4 with input 1 and operation 5x5_depth_conv:
[100, 32, 32, 24]

Identity conv2D

output dimension of o1 for cell 1 block 0 with input -1 and operation identity:
[100, 32, 32, 24]
output dimension of o2 for cell 1 block 0 with input -1 and operation 3x3_max_pool:
[100, 32, 32, 24]

Identity conv2D

output dimension of o1 for cell 1 block 1 with input -2 and operation identity:
[100, 32, 32, 24]
output dimension of o2 for cell 1 block 1 with input -1 and operation 3x3_depth_conv:
[100, 32, 32, 24]

Identity subsample used

output dimension of o1 for cell 1 block 2 with input 1 and operation identity:
[100, 32, 32, 24]
output dimension of o2 for cell 1 block 2 with input -1 and operation 3x3_conv:
[100, 32, 32, 24]

Identity conv2D

output dimension of o1 for cell 1 block 3 with input -1 and operation 7x7_depth_conv:
[100, 32, 32, 24]
output dimension of o2 for cell 1 block 3 with input -1 and operation identity:
[100, 32, 32, 24]
output dimension of o1 for cell 1 block 4 with input 2 and operation 5x5_conv:
[100, 32, 32, 24]
output dimension of o2 for cell 1 block 4 with input 1 and operation 5x5_depth_conv:
[100, 32, 32, 24]

Identity conv2D

output dimension of o1 for cell 2 block 0 with input -1 and operation identity:
[100, 16, 16, 24]
output dimension of o2 for cell 2 block 0 with input -1 and operation 3x3_max_pool:
[100, 16, 16, 24]

Identity conv2D

output dimension of o1 for cell 2 block 1 with input -2 and operation identity:
[100, 16, 16, 24]
output dimension of o2 for cell 2 block 1 with input -1 and operation 3x3_depth_conv:
[100, 16, 16, 24]

Identity subsample used

output dimension of o1 for cell 2 block 2 with input 1 and operation identity:
[100, 16, 16, 24]
output dimension of o2 for cell 2 block 2 with input -1 and operation 3x3_conv:
[100, 16, 16, 24]

Identity conv2D

output dimension of o1 for cell 2 block 3 with input -1 and operation 7x7_depth_conv:
[100, 16, 16, 24]
output dimension of o2 for cell 2 block 3 with input -1 and operation identity:
[100, 16, 16, 24]
output dimension of o1 for cell 2 block 4 with input 2 and operation 5x5_conv:
[100, 16, 16, 24]
output dimension of o2 for cell 2 block 4 with input 1 and operation 5x5_depth_conv:
[100, 16, 16, 24]

Identity conv2D

output dimension of o1 for cell 3 block 0 with input -1 and operation identity:
[100, 16, 16, 48]
output dimension of o2 for cell 3 block 0 with input -1 and operation 3x3_max_pool:
[100, 16, 16, 48]

Identity conv2D

output dimension of o1 for cell 3 block 1 with input -2 and operation identity:
[100, 32, 32, 48]
output dimension of o2 for cell 3 block 1 with input -1 and operation 3x3_depth_conv:
[100, 16, 16, 48]

Identity subsample used

output dimension of o1 for cell 3 block 2 with input 1 and operation identity:
[100, 16, 16, 48]
output dimension of o2 for cell 3 block 2 with input -1 and operation 3x3_conv:
[100, 16, 16, 48]

Identity conv2D

output dimension of o1 for cell 3 block 3 with input -1 and operation 7x7_depth_conv:
[100, 16, 16, 48]
output dimension of o2 for cell 3 block 3 with input -1 and operation identity:
[100, 16, 16, 48]
output dimension of o1 for cell 3 block 4 with input 2 and operation 5x5_conv:
[100, 16, 16, 48]
output dimension of o2 for cell 3 block 4 with input 1 and operation 5x5_depth_conv:
[100, 16, 16, 48]

Identity conv2D

output dimension of o1 for cell 4 block 0 with input -1 and operation identity:
[100, 16, 16, 48]
output dimension of o2 for cell 4 block 0 with input -1 and operation 3x3_max_pool:
[100, 16, 16, 48]

Identity conv2D

output dimension of o1 for cell 4 block 1 with input -2 and operation identity:
[100, 16, 16, 48]
output dimension of o2 for cell 4 block 1 with input -1 and operation 3x3_depth_conv:
[100, 16, 16, 48]

Identity subsample used

output dimension of o1 for cell 4 block 2 with input 1 and operation identity:
[100, 16, 16, 48]
output dimension of o2 for cell 4 block 2 with input -1 and operation 3x3_conv:
[100, 16, 16, 48]

Identity conv2D

output dimension of o1 for cell 4 block 3 with input -1 and operation 7x7_depth_conv:
[100, 16, 16, 48]
output dimension of o2 for cell 4 block 3 with input -1 and operation identity:
[100, 16, 16, 48]
output dimension of o1 for cell 4 block 4 with input 2 and operation 5x5_conv:
[100, 16, 16, 48]
output dimension of o2 for cell 4 block 4 with input 1 and operation 5x5_depth_conv:
[100, 16, 16, 48]

Identity conv2D

output dimension of o1 for cell 5 block 0 with input -1 and operation identity:
[100, 8, 8, 48]
output dimension of o2 for cell 5 block 0 with input -1 and operation 3x3_max_pool:
[100, 8, 8, 48]

Identity conv2D

output dimension of o1 for cell 5 block 1 with input -2 and operation identity:
[100, 8, 8, 48]
output dimension of o2 for cell 5 block 1 with input -1 and operation 3x3_depth_conv:
[100, 8, 8, 48]

Identity subsample used

output dimension of o1 for cell 5 block 2 with input 1 and operation identity:
[100, 8, 8, 48]
output dimension of o2 for cell 5 block 2 with input -1 and operation 3x3_conv:
[100, 8, 8, 48]

Identity conv2D

output dimension of o1 for cell 5 block 3 with input -1 and operation 7x7_depth_conv:
[100, 8, 8, 48]
output dimension of o2 for cell 5 block 3 with input -1 and operation identity:
[100, 8, 8, 48]
output dimension of o1 for cell 5 block 4 with input 2 and operation 5x5_conv:
[100, 8, 8, 48]
output dimension of o2 for cell 5 block 4 with input 1 and operation 5x5_depth_conv:
[100, 8, 8, 48]

Identity conv2D

output dimension of o1 for cell 6 block 0 with input -1 and operation identity:
[100, 8, 8, 96]
output dimension of o2 for cell 6 block 0 with input -1 and operation 3x3_max_pool:
[100, 8, 8, 96]

Identity conv2D

output dimension of o1 for cell 6 block 1 with input -2 and operation identity:
[100, 16, 16, 96]
output dimension of o2 for cell 6 block 1 with input -1 and operation 3x3_depth_conv:
[100, 8, 8, 96]

Identity subsample used

output dimension of o1 for cell 6 block 2 with input 1 and operation identity:
[100, 8, 8, 96]
output dimension of o2 for cell 6 block 2 with input -1 and operation 3x3_conv:
[100, 8, 8, 96]

Identity conv2D

output dimension of o1 for cell 6 block 3 with input -1 and operation 7x7_depth_conv:
[100, 8, 8, 96]
output dimension of o2 for cell 6 block 3 with input -1 and operation identity:
[100, 8, 8, 96]
output dimension of o1 for cell 6 block 4 with input 2 and operation 5x5_conv:
[100, 8, 8, 96]
output dimension of o2 for cell 6 block 4 with input 1 and operation 5x5_depth_conv:
[100, 8, 8, 96]

Identity conv2D

output dimension of o1 for cell 7 block 0 with input -1 and operation identity:
[100, 8, 8, 96]
output dimension of o2 for cell 7 block 0 with input -1 and operation 3x3_max_pWARNING:tensorflow:From /home/data/Projects/git_repo/hacone/Spearmint-PESM/examples/cifar10/train_eval_image_classifier_jetson.py:664: streaming_recall_at_k (from tensorflow.contrib.metrics.python.ops.metric_ops) is deprecated and will be removed after 2016-11-08.
Instructions for updating:
Please use `streaming_sparse_recall_at_k`, and reshape labels from [batch_size] to [batch_size, 1].
INFO:tensorflow:Evaluating /home/lile/Projects/git_repo/hacone/outputs/cifarnet_jetson/_-1_-1_1_0_-2_-1_1_2_1_-1_1_3_-1_-1_6_1_2_1_5_4/model.ckpt-14063
INFO:tensorflow:Starting evaluation at 2019-02-12-15:06:52
2019-02-12 23:06:52.971468: I tensorflow/core/common_runtime/gpu/gpu_device.cc:1120] Creating TensorFlow device (/device:GPU:0) -> (device: 0, name: GeForce GTX 1080 Ti, pci bus id: 0000:09:00.0, compute capability: 6.1)
INFO:tensorflow:Restoring parameters from /home/lile/Projects/git_repo/hacone/outputs/cifarnet_jetson/_-1_-1_1_0_-2_-1_1_2_1_-1_1_3_-1_-1_6_1_2_1_5_4/model.ckpt-14063
INFO:tensorflow:Evaluation [1/50]
INFO:tensorflow:Evaluation [2/50]
INFO:tensorflow:Evaluation [3/50]
INFO:tensorflow:Evaluation [4/50]
INFO:tensorflow:Evaluation [5/50]
INFO:tensorflow:Evaluation [6/50]
INFO:tensorflow:Evaluation [7/50]
INFO:tensorflow:Evaluation [8/50]
INFO:tensorflow:Evaluation [9/50]
INFO:tensorflow:Evaluation [10/50]
INFO:tensorflow:Evaluation [11/50]
INFO:tensorflow:Evaluation [12/50]
INFO:tensorflow:Evaluation [13/50]
INFO:tensorflow:Evaluation [14/50]
INFO:tensorflow:Evaluation [15/50]
INFO:tensorflow:Evaluation [16/50]
INFO:tensorflow:Evaluation [17/50]
INFO:tensorflow:Evaluation [18/50]
INFO:tensorflow:Evaluation [19/50]
INFO:tensorflow:Evaluation [20/50]
INFO:tensorflow:Evaluation [21/50]
INFO:tensorflow:Evaluation [22/50]
INFO:tensorflow:Evaluation [23/50]
INFO:tensorflow:Evaluation [24/50]
INFO:tensorflow:Evaluation [25/50]
INFO:tensorflow:Evaluation [26/50]
INFO:tensorflow:Evaluation [27/50]
INFO:tensorflow:Evaluation [28/50]
INFO:tensorflow:Evaluation [29/50]
INFO:tensorflow:Evaluation [30/50]
INFO:tensorflow:Evaluation [31/50]
INFO:tensorflow:Evaluation [32/50]
INFO:tensorflow:Evaluation [33/50]
INFO:tensorflow:Evaluation [34/50]
INFO:tensorflow:Evaluation [35/50]
INFO:tensorflow:Evaluation [36/50]
INFO:tensorflow:Evaluation [37/50]
INFO:tensorflow:Evaluation [38/50]
INFO:tensorflow:Evaluation [39/50]
INFO:tensorflow:Evaluation [40/50]
INFO:tensorflow:Evaluation [41/50]
INFO:tensorflow:Evaluation [42/50]
INFO:tensorflow:Evaluation [43/50]
INFO:tensorflow:Evaluation [44/50]
INFO:tensorflow:Evaluation [45/50]
INFO:tensorflow:Evaluation [46/50]
INFO:tensorflow:Evaluation [47/50]
INFO:tensorflow:Evaluation [48/50]
INFO:tensorflow:Evaluation [49/50]
INFO:tensorflow:Evaluation [50/50]
2019-02-12 23:06:59.632754: I tensorflow/core/kernels/logging_ops.cc:79] eval/Recall_5[0.9814]
2019-02-12 23:06:59.633028: I tensorflow/core/kernels/logging_ops.cc:79] eval/Accuracy[0.7514]
INFO:tensorflow:Finished evaluation at 2019-02-12-15:06:59
WARNING:tensorflow:From /home/nvidia/Projects/hacone/scripts/measure_inference_jetson.py:608: get_or_create_global_step (from tensorflow.contrib.framework.python.ops.variables) is deprecated and will be removed in a future version.
Instructions for updating:
Please switch to tf.train.get_or_create_global_step
INFO:tensorflow:Scale of 0 disables regularizer.
/home/nvidia/Projects/hacone/outputs/_-1_-1_1_0_-2_-1_1_2_1_-1_1_3_-1_-1_6_1_2_1_5_4
[-1, -1, 1, 0, -2, -1, 1, 2, 1, -1, 1, 3, -1, -1, 6, 1, 2, 1, 5, 4]
eval model

Identity conv2D

output dimension of o1 for cell 0 block 0 with input -1 and operation identity:
[100, 32, 32, 24]
output dimension of o2 for cell 0 block 0 with input -1 and operation 3x3_max_pool:
[100, 32, 32, 24]

Identity conv2D

output dimension of o1 for cell 0 block 1 with input -2 and operation identity:
[100, 32, 32, 24]
output dimension of o2 for cell 0 block 1 with input -1 and operation 3x3_depth_conv:
[100, 32, 32, 24]

Identity subsample used

output dimension of o1 for cell 0 block 2 with input 1 and operation identity:
[100, 32, 32, 24]
output dimension of o2 for cell 0 block 2 with input -1 and operation 3x3_conv:
[100, 32, 32, 24]

Identity conv2D

output dimension of o1 for cell 0 block 3 with input -1 and operation 7x7_depth_conv:
[100, 32, 32, 24]
output dimension of o2 for cell 0 block 3 with input -1 and operation identity:
[100, 32, 32, 24]
output dimension of o1 for cell 0 block 4 with input 2 and operation 5x5_conv:
[100, 32, 32, 24]
output dimension of o2 for cell 0 block 4 with input 1 and operation 5x5_depth_conv:
[100, 32, 32, 24]

Identity conv2D

output dimension of o1 for cell 1 block 0 with input -1 and operation identity:
[100, 32, 32, 24]
output dimension of o2 for cell 1 block 0 with input -1 and operation 3x3_max_pool:
[100, 32, 32, 24]

Identity conv2D

output dimension of o1 for cell 1 block 1 with input -2 and operation identity:
[100, 32, 32, 24]
output dimension of o2 for cell 1 block 1 with input -1 and operation 3x3_depth_conv:
[100, 32, 32, 24]

Identity subsample used

output dimension of o1 for cell 1 block 2 with input 1 and operation identity:
[100, 32, 32, 24]
output dimension of o2 for cell 1 block 2 with input -1 and operation 3x3_conv:
[100, 32, 32, 24]

Identity conv2D

output dimension of o1 for cell 1 block 3 with input -1 and operation 7x7_depth_conv:
[100, 32, 32, 24]
output dimension of o2 for cell 1 block 3 with input -1 and operation identity:
[100, 32, 32, 24]
output dimension of o1 for cell 1 block 4 with input 2 and operation 5x5_conv:
[100, 32, 32, 24]
output dimension of o2 for cell 1 block 4 with input 1 and operation 5x5_depth_conv:
[100, 32, 32, 24]

Identity conv2D

output dimension of o1 for cell 2 block 0 with input -1 and operation identity:
[100, 16, 16, 24]
output dimension of o2 for cell 2 block 0 with input -1 and operation 3x3_max_pool:
[100, 16, 16, 24]

Identity conv2D

output dimension of o1 for cell 2 block 1 with input -2 and operation identity:
[100, 16, 16, 24]
output dimension of o2 for cell 2 block 1 with input -1 and operation 3x3_depth_conv:
[100, 16, 16, 24]

Identity subsample used

output dimension of o1 for cell 2 block 2 with input 1 and operation identity:
[100, 16, 16, 24]
output dimension of o2 for cell 2 block 2 with input -1 and operation 3x3_conv:
[100, 16, 16, 24]

Identity conv2D

output dimension of o1 for cell 2 block 3 with input -1 and operation 7x7_depth_conv:
[100, 16, 16, 24]
output dimension of o2 for cell 2 block 3 with input -1 and operation identity:
[100, 16, 16, 24]
output dimension of o1 for cell 2 block 4 with input 2 and operation 5x5_conv:
[100, 16, 16, 24]
output dimension of o2 for cell 2 block 4 with input 1 and operation 5x5_depth_conv:
[100, 16, 16, 24]

Identity conv2D

output dimension of o1 for cell 3 block 0 with input -1 and operation identity:
[100, 16, 16, 48]
output dimension of o2 for cell 3 block 0 with input -1 and operation 3x3_max_pool:
[100, 16, 16, 48]

Identity conv2D

output dimension of o1 for cell 3 block 1 with input -2 and operation identity:
[100, 32, 32, 48]
output dimension of o2 for cell 3 block 1 with input -1 and operation 3x3_depth_conv:
[100, 16, 16, 48]

Identity subsample used

output dimension of o1 for cell 3 block 2 with input 1 and operation identity:
[100, 16, 16, 48]
output dimension of o2 for cell 3 block 2 with input -1 and operation 3x3_conv:
[100, 16, 16, 48]

Identity conv2D

output dimension of o1 for cell 3 block 3 with input -1 and operation 7x7_depth_conv:
[100, 16, 16, 48]
output dimension of o2 for cell 3 block 3 with input -1 and operation identity:
[100, 16, 16, 48]
output dimension of o1 for cell 3 block 4 with input 2 and operation 5x5_conv:
[100, 16, 16, 48]
output dimension of o2 for cell 3 block 4 with input 1 and operation 5x5_depth_conv:
[100, 16, 16, 48]

Identity conv2D

output dimension of o1 for cell 4 block 0 with input -1 and operation identity:
[100, 16, 16, 48]
output dimension of o2 for cell 4 block 0 with input -1 and operation 3x3_max_pool:
[100, 16, 16, 48]

Identity conv2D

output dimension of o1 for cell 4 block 1 with input -2 and operation identity:
[100, 16, 16, 48]
output dimension of o2 for cell 4 block 1 with input -1 and operation 3x3_depth_conv:
[100, 16, 16, 48]

Identity subsample used

output dimension of o1 for cell 4 block 2 with input 1 and operation identity:
[100, 16, 16, 48]
output dimension of o2 for cell 4 block 2 with input -1 and operation 3x3_conv:
[100, 16, 16, 48]

Identity conv2D

output dimension of o1 for cell 4 block 3 with input -1 and operation 7x7_depth_conv:
[100, 16, 16, 48]
output dimension of o2 for cell 4 block 3 with input -1 and operation identity:
[100, 16, 16, 48]
output dimension of o1 for cell 4 block 4 with input 2 and operation 5x5_conv:
[100, 16, 16, 48]
output dimension of o2 for cell 4 block 4 with input 1 and operation 5x5_depth_conv:
[100, 16, 16, 48]

Identity conv2D

output dimension of o1 for cell 5 block 0 with input -1 and operation identity:
[100, 8, 8, 48]
output dimension of o2 for cell 5 block 0 with input -1 and operation 3x3_max_pool:
[100, 8, 8, 48]

Identity conv2D

output dimension of o1 for cell 5 block 1 with input -2 and operation identity:
[100, 8, 8, 48]
output dimension of o2 for cell 5 block 1 with input -1 and operation 3x3_depth_conv:
[100, 8, 8, 48]

Identity subsample used

output dimension of o1 for cell 5 block 2 with input 1 and operation identity:
[100, 8, 8, 48]
output dimension of o2 for cell 5 block 2 with input -1 and operation 3x3_conv:
[100, 8, 8, 48]

Identity conv2D

output dimension of o1 for cell 5 block 3 with input -1 and operation 7x7_depth_conv:
[100, 8, 8, 48]
output dimension of o2 for cell 5 block 3 with input -1 and operation identity:
[100, 8, 8, 48]
output dimension of o1 for cell 5 block 4 with input 2 and operation 5x5_conv:
[100, 8, 8, 48]
output dimension of o2 for cell 5 block 4 with input 1 and operation 5x5_depth_conv:
[100, 8, 8, 48]

Identity conv2D

output dimension of o1 for cell 6 block 0 with input -1 and operation identity:
[100, 8, 8, 96]
output dimension of o2 for cell 6 block 0 with input -1 and operation 3x3_max_pool:
[100, 8, 8, 96]

Identity conv2D

output dimension of o1 for cell 6 block 1 with input -2 and operation identity:
[100, 16, 16, 96]
output dimension of o2 for cell 6 block 1 with input -1 and operation 3x3_depth_conv:
[100, 8, 8, 96]

Identity subsample used

output dimension of o1 for cell 6 block 2 with input 1 and operation identity:
[100, 8, 8, 96]
output dimension of o2 for cell 6 block 2 with input -1 and operation 3x3_conv:
[100, 8, 8, 96]

Identity conv2D

output dimension of o1 for cell 6 block 3 with input -1 and operation 7x7_depth_conv:
[100, 8, 8, 96]
output dimension of o2 for cell 6 block 3 with input -1 and operation identity:
[100, 8, 8, 96]
output dimension of o1 for cell 6 block 4 with input 2 and operation 5x5_conv:
[100, 8, 8, 96]
output dimension of o2 for cell 6 block 4 with input 1 and operation 5x5_depth_conv:
[100, 8, 8, 96]

Identity conv2D

output dimension of o1 for cell 7 block 0 with input -1 and operation identity:
[100, 8, 8, 96]
output dimension of o2 for cell 7 block 0 with input -1 and operation 3x3_max_pool:
[100, 8, 8, 96]

Identity conv2D

output dimension of o1 for cell 7 block 1 with input -2 and operation identity:
[100, 8, 8, 96]
output dimension of o2 for cell 7 block 1 with input -1 and operation 3x3_depth_conv:
[100, 8, 8, 96]

Identity subsample used

output dimension of o1 for cell 7 block 2 with input 1 anWARNING:tensorflow:From /home/nvidia/Projects/hacone/nn_search/nets/cifarnet.py:117: calling reduce_mean (from tensorflow.python.ops.math_ops) with keep_dims is deprecated and will be removed in a future version.
Instructions for updating:
keep_dims is deprecated, use keepdims instead
WARNING:tensorflow:From /home/nvidia/Projects/hacone/scripts/measure_inference_jetson.py:673: streaming_accuracy (from tensorflow.contrib.metrics.python.ops.metric_ops) is deprecated and will be removed in a future version.
Instructions for updating:
Please switch to tf.metrics.accuracy. Note that the order of the labels and predictions arguments has been switched.
INFO:tensorflow:Evaluating None
INFO:tensorflow:Starting evaluation at 2016-05-17-11:55:37
2016-05-17 11:55:38.807740: E tensorflow/stream_executor/cuda/cuda_gpu_executor.cc:881] could not open file to read NUMA node: /sys/bus/pci/devices/0000:00:00.0/numa_node
Your kernel may have been built without NUMA support.
2016-05-17 11:55:38.807841: I tensorflow/core/common_runtime/gpu/gpu_device.cc:1105] Found device 0 with properties: 
name: NVIDIA Tegra X2 major: 6 minor: 2 memoryClockRate(GHz): 1.3005
pciBusID: 0000:00:00.0
totalMemory: 7.66GiB freeMemory: 4.50GiB
2016-05-17 11:55:38.807882: I tensorflow/core/common_runtime/gpu/gpu_device.cc:1195] Creating TensorFlow device (/device:GPU:0) -> (device: 0, name: NVIDIA Tegra X2, pci bus id: 0000:00:00.0, compute capability: 6.2)
2016-05-17 11:55:40.117976: I tensorflow/core/common_runtime/gpu/gpu_device.cc:859] Could not identify NUMA node of /job:localhost/replica:0/task:0/device:GPU:0, defaulting to 0.  Your kernel may not have been built with NUMA support.
INFO:tensorflow:Evaluation [5/50]
INFO:tensorflow:Evaluation [10/50]
INFO:tensorflow:Evaluation [15/50]
INFO:tensorflow:Evaluation [20/50]
INFO:tensorflow:Evaluation [25/50]
INFO:tensorflow:Evaluation [30/50]
INFO:tensorflow:Evaluation [35/50]
INFO:tensorflow:Evaluation [40/50]
INFO:tensorflow:Evaluation [45/50]
INFO:tensorflow:Evaluation [50/50]
d operation identity:
[100, 8, 8, 96]
output dimension of o2 for cell 7 block 2 with input -1 and operation 3x3_conv:
[100, 8, 8, 96]

Identity conv2D

output dimension of o1 for cell 7 block 3 with input -1 and operation 7x7_depth_conv:
[100, 8, 8, 96]
output dimension of o2 for cell 7 block 3 with input -1 and operation identity:
[100, 8, 8, 96]
output dimension of o1 for cell 7 block 4 with input 2 and operation 5x5_conv:
[100, 8, 8, 96]
output dimension of o2 for cell 7 block 4 with input 1 and operation 5x5_depth_conv:
[100, 8, 8, 96]
final output shape
(100, 288)
eval/Accuracy[0.1094]
INFO:tensorflow:Finished evaluation at 2016-05-17-11:56:47
duration is:53.701294
energy is:166.615391424
Got result {'energy': 166.6153914240001, 'time': 53.701294, 'f': 0.24860000610351562}
Completed successfully in 110.32 seconds. [{'energy': 166.6153914240001, 'time': 53.701294, 'f': 0.24860000610351562}]
ool:
[100, 8, 8, 96]

Identity conv2D

output dimension of o1 for cell 7 block 1 with input -2 and operation identity:
[100, 8, 8, 96]
output dimension of o2 for cell 7 block 1 with input -1 and operation 3x3_depth_conv:
[100, 8, 8, 96]

Identity subsample used

output dimension of o1 for cell 7 block 2 with input 1 and operation identity:
[100, 8, 8, 96]
output dimension of o2 for cell 7 block 2 with input -1 and operation 3x3_conv:
[100, 8, 8, 96]

Identity conv2D

output dimension of o1 for cell 7 block 3 with input -1 and operation 7x7_depth_conv:
[100, 8, 8, 96]
output dimension of o2 for cell 7 block 3 with input -1 and operation identity:
[100, 8, 8, 96]
output dimension of o1 for cell 7 block 4 with input 2 and operation 5x5_conv:
[100, 8, 8, 96]
output dimension of o2 for cell 7 block 4 with input 1 and operation 5x5_depth_conv:
[100, 8, 8, 96]
final output shape
(100, 1, 1, 288)
