Job launching after 0.25 seconds in submission.
Running python job.
Changed into dir /home/data/Projects/git_repo/hacone/Spearmint-PESM/examples/cifar10
Importing train_eval_image_classifier_jetson.py
Running train_eval_image_classifier_jetson.main()
WARNING:tensorflow:From /home/data/Projects/git_repo/hacone/Spearmint-PESM/examples/cifar10/train_eval_image_classifier_jetson.py:419: create_global_step (from tensorflow.contrib.framework.python.ops.variables) is deprecated and will be removed in a future version.
Instructions for updating:
Please switch to tf.train.create_global_step
_-1_-1_5_1_-2_-1_3_6_0_-2_0_1_-1_1_4_0_0_1_2_0
[-1, -1, 5, 1, -2, -1, 3, 6, 0, -2, 0, 1, -1, 1, 4, 0, 0, 1, 2, 0]
train model
cifar10

Identity conv2D

output dimension of o1 for cell 0 block 0 with input -1 and operation 5x5_conv:
[32, 32, 32, 24]
output dimension of o2 for cell 0 block 0 with input -1 and operation identity:
[32, 32, 32, 24]
output dimension of o1 for cell 0 block 1 with input -2 and operation 3x3_conv:
[32, 32, 32, 24]
output dimension of o2 for cell 0 block 1 with input -1 and operation 7x7_depth_conv:
[32, 32, 32, 24]

Identity conv2D

output dimension of o1 for cell 0 block 2 with input 0 and operation 3x3_max_pool:
[32, 32, 32, 24]
output dimension of o2 for cell 0 block 2 with input -2 and operation identity:
[32, 32, 32, 24]
output dimension of o1 for cell 0 block 3 with input -1 and operation 5x5_depth_conv:
[32, 32, 32, 24]
output dimension of o2 for cell 0 block 3 with input 1 and operation 3x3_max_pool:
[32, 32, 32, 24]
output dimension of o1 for cell 0 block 4 with input 0 and operation 3x3_depth_conv:
[32, 32, 32, 24]
output dimension of o2 for cell 0 block 4 with input 1 and operation 3x3_max_pool:
[32, 32, 32, 24]

Identity conv2D

output dimension of o1 for cell 1 block 0 with input -1 and operation 5x5_conv:
[32, 32, 32, 24]
output dimension of o2 for cell 1 block 0 with input -1 and operation identity:
[32, 32, 32, 24]
output dimension of o1 for cell 1 block 1 with input -2 and operation 3x3_conv:
[32, 32, 32, 24]
output dimension of o2 for cell 1 block 1 with input -1 and operation 7x7_depth_conv:
[32, 32, 32, 24]

Identity conv2D

output dimension of o1 for cell 1 block 2 with input 0 and operation 3x3_max_pool:
[32, 32, 32, 24]
output dimension of o2 for cell 1 block 2 with input -2 and operation identity:
[32, 32, 32, 24]
output dimension of o1 for cell 1 block 3 with input -1 and operation 5x5_depth_conv:
[32, 32, 32, 24]
output dimension of o2 for cell 1 block 3 with input 1 and operation 3x3_max_pool:
[32, 32, 32, 24]
output dimension of o1 for cell 1 block 4 with input 0 and operation 3x3_depth_conv:
[32, 32, 32, 24]
output dimension of o2 for cell 1 block 4 with input 1 and operation 3x3_max_pool:
[32, 32, 32, 24]

Identity conv2D

output dimension of o1 for cell 2 block 0 with input -1 and operation 5x5_conv:
[32, 16, 16, 24]
output dimension of o2 for cell 2 block 0 with input -1 and operation identity:
[32, 16, 16, 24]
output dimension of o1 for cell 2 block 1 with input -2 and operation 3x3_conv:
[32, 16, 16, 24]
output dimension of o2 for cell 2 block 1 with input -1 and operation 7x7_depth_conv:
[32, 16, 16, 24]

Identity conv2D

output dimension of o1 for cell 2 block 2 with input 0 and operation 3x3_max_pool:
[32, 16, 16, 24]
output dimension of o2 for cell 2 block 2 with input -2 and operation identity:
[32, 16, 16, 24]
output dimension of o1 for cell 2 block 3 with input -1 and operation 5x5_depth_conv:
[32, 16, 16, 24]
output dimension of o2 for cell 2 block 3 with input 1 and operation 3x3_max_pool:
[32, 16, 16, 24]
output dimension of o1 for cell 2 block 4 with input 0 and operation 3x3_depth_conv:
[32, 16, 16, 24]
output dimension of o2 for cell 2 block 4 with input 1 and operation 3x3_max_pool:
[32, 16, 16, 24]

Identity conv2D

output dimension of o1 for cell 3 block 0 with input -1 and operation 5x5_conv:
[32, 16, 16, 48]
output dimension of o2 for cell 3 block 0 with input -1 and operation identity:
[32, 16, 16, 48]
output dimension of o1 for cell 3 block 1 with input -2 and operation 3x3_conv:
[32, 32, 32, 48]
output dimension of o2 for cell 3 block 1 with input -1 and operation 7x7_depth_conv:
[32, 16, 16, 48]

Identity conv2D

output dimension of o1 for cell 3 block 2 with input 0 and operation 3x3_max_pool:
[32, 16, 16, 48]
output dimension of o2 for cell 3 block 2 with input -2 and operation identity:
[32, 32, 32, 48]
output dimension of o1 for cell 3 block 3 with input -1 and operation 5x5_depth_conv:
[32, 16, 16, 48]
output dimension of o2 for cell 3 block 3 with input 1 and operation 3x3_max_pool:
[32, 16, 16, 48]
output dimension of o1 for cell 3 block 4 with input 0 and operation 3x3_depth_conv:
[32, 16, 16, 48]
output dimension of o2 for cell 3 block 4 with input 1 and operation 3x3_max_pool:
[32, 16, 16, 48]

Identity conv2D

output dimension of o1 for cell 4 block 0 with input -1 and operation 5x5_conv:
[32, 16, 16, 48]
output dimension of o2 for cell 4 block 0 with input -1 and operation identity:
[32, 16, 16, 48]
output dimension of o1 for cell 4 block 1 with input -2 and operation 3x3_conv:
[32, 16, 16, 48]
output dimension of o2 for cell 4 block 1 with input -1 and operation 7x7_depth_conv:
[32, 16, 16, 48]

Identity conv2D

output dimension of o1 for cell 4 block 2 with input 0 and operation 3x3_max_pool:
[32, 16, 16, 48]
output dimension of o2 for cell 4 block 2 with input -2 and operation identity:
[32, 16, 16, 48]
output dimension of o1 for cell 4 block 3 with input -1 and operation 5x5_depth_conv:
[32, 16, 16, 48]
output dimension of o2 for cell 4 block 3 with input 1 and operation 3x3_max_pool:
[32, 16, 16, 48]
output dimension of o1 for cell 4 block 4 with input 0 and operation 3x3_depth_conv:
[32, 16, 16, 48]
output dimension of o2 for cell 4 block 4 with input 1 and operation 3x3_max_pool:
[32, 16, 16, 48]

Identity conv2D

output dimension of o1 for cell 5 block 0 with input -1 and operation 5x5_conv:
[32, 8, 8, 48]
output dimension of o2 for cell 5 block 0 with input -1 and operation identity:
[32, 8, 8, 48]
output dimension of o1 for cell 5 block 1 with input -2 and operation 3x3_conv:
[32, 8, 8, 48]
output dimension of o2 for cell 5 block 1 with input -1 and operation 7x7_depth_conv:
[32, 8, 8, 48]

Identity conv2D

output dimension of o1 for cell 5 block 2 with input 0 and operation 3x3_max_pool:
[32, 8, 8, 48]
output dimension of o2 for cell 5 block 2 with input -2 and operation identity:
[32, 8, 8, 48]
output dimension of o1 for cell 5 block 3 with input -1 and operation 5x5_depth_conv:
[32, 8, 8, 48]
output dimension of o2 for cell 5 block 3 with input 1 and operation 3x3_max_pool:
[32, 8, 8, 48]
output dimension of o1 for cell 5 block 4 with input 0 and operation 3x3_depth_conv:
[32, 8, 8, 48]
output dimension of o2 for cell 5 block 4 with input 1 and operation 3x3_max_pool:
[32, 8, 8, 48]

Identity conv2D

output dimension of o1 for cell 6 block 0 with input -1 and operation 5x5_conv:
[32, 8, 8, 96]
output dimension of o2 for cell 6 block 0 with input -1 and operation identity:
[32, 8, 8, 96]
output dimension of o1 for cell 6 block 1 with input -2 and operation 3x3_conv:
[32, 16, 16, 96]
output dimension of o2 for cell 6 block 1 with input -1 and operation 7x7_depth_conv:
[32, 8, 8, 96]

Identity conv2D

output dimension of o1 for cell 6 block 2 with input 0 and operation 3x3_max_pool:
[32, 8, 8, 96]
output dimension of o2 for cell 6 block 2 with input -2 and operation identity:
[32, 16, 16, 96]
output dimension of o1 for cell 6 block 3 with input -1 and operation 5x5_depth_conv:
[32, 8, 8, 96]
output dimension of o2 for cell 6 block 3 with input 1 and operation 3x3_max_pool:
[32, 8, 8, 96]
output dimension of o1 for cell 6 block 4 with input 0 and operation 3x3_depth_conv:
[32, 8, 8, 96]
output dimension of o2 for cell 6 block 4 with input 1 and operation 3x3_max_pool:
[32, 8, 8, 96]

Identity conv2D

output dimension of o1 for cell 7 block 0 with input -1 and operation 5x5_conv:
[32, 8, 8, 96]
output dimension of o2 for cell 7 block 0 with input -1 and operation identity:
[32, 8, 8, 96]
output dimension of o1 for cell 7 block 1 with input -2 and operation 3x3_conv:
[32, 8, 8, 96]
output dimension of o2 for cell 7 block 1 with input -1 and operation 7x7_depth_conv:
[32, 8, 8, 96]

Identity conv2D

output dimension of o1 for cell 7 block 2 with input 0 and operation 3x3_max_pool:
[32, 8, 8, 96]
output dimension of o2 for cell 7 block 2 with input -2 and operation identity:
[32, 8, 8, 96]
output dimension of o1 for cell 7 block 3 with input -1 and operation 5x5_depth_conv:
[32, 8, 8, 96]
output dimension of o2 for cell 7 block 3 with input 1 and operation 3x3_max_pool:
[32, 8, 8, 96]
output dimension of o1 for cell 7 block 4 with input 0 aWARNING:tensorflow:From /home/data/Projects/git_repo/hacone/Spearmint-PESM/examples/cifar10/train_eval_image_classifier_jetson.py:489: softmax_cross_entropy (from tensorflow.contrib.losses.python.losses.loss_ops) is deprecated and will be removed after 2016-12-30.
Instructions for updating:
Use tf.losses.softmax_cross_entropy instead. Note that the order of the logits and labels arguments has been changed.
WARNING:tensorflow:From /home/lile/Projects/.virtualenvs/nn_search/local/lib/python2.7/site-packages/tensorflow/contrib/losses/python/losses/loss_ops.py:398: compute_weighted_loss (from tensorflow.contrib.losses.python.losses.loss_ops) is deprecated and will be removed after 2016-12-30.
Instructions for updating:
Use tf.losses.compute_weighted_loss instead.
WARNING:tensorflow:From /home/lile/Projects/.virtualenvs/nn_search/local/lib/python2.7/site-packages/tensorflow/contrib/losses/python/losses/loss_ops.py:151: add_loss (from tensorflow.contrib.losses.python.losses.loss_ops) is deprecated and will be removed after 2016-12-30.
Instructions for updating:
Use tf.losses.add_loss instead.
INFO:tensorflow:Summary name /clone_loss is illegal; using clone_loss instead.
2019-02-13 11:36:00.100078: I tensorflow/core/platform/cpu_feature_guard.cc:137] Your CPU supports instructions that this TensorFlow binary was not compiled to use: SSE4.1 SSE4.2 AVX AVX2 FMA
2019-02-13 11:36:00.264223: I tensorflow/core/common_runtime/gpu/gpu_device.cc:1030] Found device 0 with properties: 
name: GeForce GTX 1080 Ti major: 6 minor: 1 memoryClockRate(GHz): 1.582
pciBusID: 0000:09:00.0
totalMemory: 10.91GiB freeMemory: 219.44MiB
2019-02-13 11:36:00.264279: I tensorflow/core/common_runtime/gpu/gpu_device.cc:1120] Creating TensorFlow device (/device:GPU:0) -> (device: 0, name: GeForce GTX 1080 Ti, pci bus id: 0000:09:00.0, compute capability: 6.1)
2019-02-13 11:36:00.265862: E tensorflow/stream_executor/cuda/cuda_driver.cc:936] failed to allocate 219.44M (230096896 bytes) from device: CUDA_ERROR_OUT_OF_MEMORY
INFO:tensorflow:Starting Session.
INFO:tensorflow:Saving checkpoint to path /home/lile/Projects/git_repo/hacone/outputs/cifarnet_jetson/_-1_-1_5_1_-2_-1_3_6_0_-2_0_1_-1_1_4_0_0_1_2_0/model.ckpt
INFO:tensorflow:Starting Queues.
2019-02-13 11:36:04.906737: E tensorflow/stream_executor/cuda/cuda_blas.cc:366] failed to create cublas handle: CUBLAS_STATUS_NOT_INITIALIZED
INFO:tensorflow:global_step/sec: 0
2019-02-13 11:36:05.786782: E tensorflow/stream_executor/cuda/cuda_blas.cc:366] failed to create cublas handle: CUBLAS_STATUS_NOT_INITIALIZED
2019-02-13 11:36:05.789655: E tensorflow/stream_executor/cuda/cuda_blas.cc:366] failed to create cublas handle: CUBLAS_STATUS_NOT_INITIALIZED
2019-02-13 11:36:05.791500: E tensorflow/stream_executor/cuda/cuda_blas.cc:366] failed to create cublas handle: CUBLAS_STATUS_NOT_INITIALIZED
2019-02-13 11:36:06.541025: F ./tensorflow/core/util/cuda_kernel_helper.h:200] Check failed: err == cudaSuccess (2 vs. 0)
nd operation 3x3_depth_conv:
[32, 8, 8, 96]
output dimension of o2 for cell 7 block 4 with input 1 and operation 3x3_max_pool:
[32, 8, 8, 96]
final output shape
(32, 1, 1, 288)
Aborted (core dumped)
