Job launching after 0.24 seconds in submission.
Running python job.
Changed into dir /home/data/Projects/git_repo/hacone/Spearmint-PESM/examples/cifar10
Importing train_eval_image_classifier_jetson.py
Running train_eval_image_classifier_jetson.main()
WARNING:tensorflow:From /home/data/Projects/git_repo/hacone/Spearmint-PESM/examples/cifar10/train_eval_image_classifier_jetson.py:419: create_global_step (from tensorflow.contrib.framework.python.ops.variables) is deprecated and will be removed in a future version.
Instructions for updating:
Please switch to tf.train.create_global_step
_-2_-1_3_2_-2_0_7_7_-2_0_0_2_1_0_1_3_1_-2_7_4
[-2, -1, 3, 2, -2, 0, 7, 7, -2, 0, 0, 2, 1, 0, 1, 3, 1, -2, 7, 4]
train model
cifar10
output dimension of o1 for cell 0 block 0 with input -2 and operation 3x3_conv:
[32, 32, 32, 24]
output dimension of o2 for cell 0 block 0 with input -1 and operation 3x3_depth_conv:
[32, 32, 32, 24]
output dimension of o1 for cell 0 block 1 with input -2 and operation 7x7_conv:
[32, 32, 32, 24]
output dimension of o2 for cell 0 block 1 with input 0 and operation 7x7_conv:
[32, 32, 32, 24]
output dimension of o1 for cell 0 block 2 with input -2 and operation 3x3_max_pool:
[32, 32, 32, 24]
output dimension of o2 for cell 0 block 2 with input 0 and operation 3x3_depth_conv:
[32, 32, 32, 24]

Identity subsample used

output dimension of o1 for cell 0 block 3 with input 1 and operation identity:
[32, 32, 32, 24]
output dimension of o2 for cell 0 block 3 with input 0 and operation 3x3_conv:
[32, 32, 32, 24]
output dimension of o1 for cell 0 block 4 with input 1 and operation 7x7_conv:
[32, 32, 32, 24]
output dimension of o2 for cell 0 block 4 with input -2 and operation 5x5_depth_conv:
[32, 32, 32, 24]
output dimension of o1 for cell 1 block 0 with input -2 and operation 3x3_conv:
[32, 32, 32, 24]
output dimension of o2 for cell 1 block 0 with input -1 and operation 3x3_depth_conv:
[32, 32, 32, 24]
output dimension of o1 for cell 1 block 1 with input -2 and operation 7x7_conv:
[32, 32, 32, 24]
output dimension of o2 for cell 1 block 1 with input 0 and operation 7x7_conv:
[32, 32, 32, 24]
output dimension of o1 for cell 1 block 2 with input -2 and operation 3x3_max_pool:
[32, 32, 32, 24]
output dimension of o2 for cell 1 block 2 with input 0 and operation 3x3_depth_conv:
[32, 32, 32, 24]

Identity subsample used

output dimension of o1 for cell 1 block 3 with input 1 and operation identity:
[32, 32, 32, 24]
output dimension of o2 for cell 1 block 3 with input 0 and operation 3x3_conv:
[32, 32, 32, 24]
output dimension of o1 for cell 1 block 4 with input 1 and operation 7x7_conv:
[32, 32, 32, 24]
output dimension of o2 for cell 1 block 4 with input -2 and operation 5x5_depth_conv:
[32, 32, 32, 24]
output dimension of o1 for cell 2 block 0 with input -2 and operation 3x3_conv:
[32, 16, 16, 24]
output dimension of o2 for cell 2 block 0 with input -1 and operation 3x3_depth_conv:
[32, 16, 16, 24]
output dimension of o1 for cell 2 block 1 with input -2 and operation 7x7_conv:
[32, 16, 16, 24]
output dimension of o2 for cell 2 block 1 with input 0 and operation 7x7_conv:
[32, 16, 16, 24]
output dimension of o1 for cell 2 block 2 with input -2 and operation 3x3_max_pool:
[32, 16, 16, 24]
output dimension of o2 for cell 2 block 2 with input 0 and operation 3x3_depth_conv:
[32, 16, 16, 24]

Identity subsample used

output dimension of o1 for cell 2 block 3 with input 1 and operation identity:
[32, 16, 16, 24]
output dimension of o2 for cell 2 block 3 with input 0 and operation 3x3_conv:
[32, 16, 16, 24]
output dimension of o1 for cell 2 block 4 with input 1 and operation 7x7_conv:
[32, 16, 16, 24]
output dimension of o2 for cell 2 block 4 with input -2 and operation 5x5_depth_conv:
[32, 16, 16, 24]
output dimension of o1 for cell 3 block 0 with input -2 and operation 3x3_conv:
[32, 32, 32, 48]
output dimension of o2 for cell 3 block 0 with input -1 and operation 3x3_depth_conv:
[32, 16, 16, 48]
output dimension of o1 for cell 3 block 1 with input -2 and operation 7x7_conv:
[32, 32, 32, 48]
output dimension of o2 for cell 3 block 1 with input 0 and operation 7x7_conv:
[32, 16, 16, 48]
output dimension of o1 for cell 3 block 2 with input -2 and operation 3x3_max_pool:
[32, 32, 32, 48]
output dimension of o2 for cell 3 block 2 with input 0 and operation 3x3_depth_conv:
[32, 16, 16, 48]

Identity subsample used

output dimension of o1 for cell 3 block 3 with input 1 and operation identity:
[32, 16, 16, 48]
output dimension of o2 for cell 3 block 3 with input 0 and operation 3x3_conv:
[32, 16, 16, 48]
output dimension of o1 for cell 3 block 4 with input 1 and operation 7x7_conv:
[32, 16, 16, 48]
output dimension of o2 for cell 3 block 4 with input -2 and operation 5x5_depth_conv:
[32, 32, 32, 48]
output dimension of o1 for cell 4 block 0 with input -2 and operation 3x3_conv:
[32, 16, 16, 48]
output dimension of o2 for cell 4 block 0 with input -1 and operation 3x3_depth_conv:
[32, 16, 16, 48]
output dimension of o1 for cell 4 block 1 with input -2 and operation 7x7_conv:
[32, 16, 16, 48]
output dimension of o2 for cell 4 block 1 with input 0 and operation 7x7_conv:
[32, 16, 16, 48]
output dimension of o1 for cell 4 block 2 with input -2 and operation 3x3_max_pool:
[32, 16, 16, 48]
output dimension of o2 for cell 4 block 2 with input 0 and operation 3x3_depth_conv:
[32, 16, 16, 48]

Identity subsample used

output dimension of o1 for cell 4 block 3 with input 1 and operation identity:
[32, 16, 16, 48]
output dimension of o2 for cell 4 block 3 with input 0 and operation 3x3_conv:
[32, 16, 16, 48]
output dimension of o1 for cell 4 block 4 with input 1 and operation 7x7_conv:
[32, 16, 16, 48]
output dimension of o2 for cell 4 block 4 with input -2 and operation 5x5_depth_conv:
[32, 16, 16, 48]
output dimension of o1 for cell 5 block 0 with input -2 and operation 3x3_conv:
[32, 8, 8, 48]
output dimension of o2 for cell 5 block 0 with input -1 and operation 3x3_depth_conv:
[32, 8, 8, 48]
output dimension of o1 for cell 5 block 1 with input -2 and operation 7x7_conv:
[32, 8, 8, 48]
output dimension of o2 for cell 5 block 1 with input 0 and operation 7x7_conv:
[32, 8, 8, 48]
output dimension of o1 for cell 5 block 2 with input -2 and operation 3x3_max_pool:
[32, 8, 8, 48]
output dimension of o2 for cell 5 block 2 with input 0 and operation 3x3_depth_conv:
[32, 8, 8, 48]

Identity subsample used

output dimension of o1 for cell 5 block 3 with input 1 and operation identity:
[32, 8, 8, 48]
output dimension of o2 for cell 5 block 3 with input 0 and operation 3x3_conv:
[32, 8, 8, 48]
output dimension of o1 for cell 5 block 4 with input 1 and operation 7x7_conv:
[32, 8, 8, 48]
output dimension of o2 for cell 5 block 4 with input -2 and operation 5x5_depth_conv:
[32, 8, 8, 48]
output dimension of o1 for cell 6 block 0 with input -2 and operation 3x3_conv:
[32, 16, 16, 96]
output dimension of o2 for cell 6 block 0 with input -1 and operation 3x3_depth_conv:
[32, 8, 8, 96]
output dimension of o1 for cell 6 block 1 with input -2 and operation 7x7_conv:
[32, 16, 16, 96]
output dimension of o2 for cell 6 block 1 with input 0 and operation 7x7_conv:
[32, 8, 8, 96]
output dimension of o1 for cell 6 block 2 with input -2 and operation 3x3_max_pool:
[32, 16, 16, 96]
output dimension of o2 for cell 6 block 2 with input 0 and operation 3x3_depth_conv:
[32, 8, 8, 96]

Identity subsample used

output dimension of o1 for cell 6 block 3 with input 1 and operation identity:
[32, 8, 8, 96]
output dimension of o2 for cell 6 block 3 with input 0 and operation 3x3_conv:
[32, 8, 8, 96]
output dimension of o1 for cell 6 block 4 with input 1 and operation 7x7_conv:
[32, 8, 8, 96]
output dimension of o2 for cell 6 block 4 with input -2 and operation 5x5_depth_conv:
[32, 16, 16, 96]
output dimension of o1 for cell 7 block 0 with input -2 and operation 3x3_conv:
[32, 8, 8, 96]
output dimension of o2 for cell 7 block 0 with input -1 and operation 3x3_depth_conv:
[32, 8, 8, 96]
output dimension of o1 for cell 7 block 1 with input -2 and operation 7x7_conv:
[32, 8, 8, 96]
output dimension of o2 for cell 7 block 1 with input 0 and operation 7x7_conv:
[32, 8, 8, 96]
output dimension of o1 for cell 7 block 2 with input -2 and operation 3x3_max_pool:
[32, 8, 8, 96]
output dimension of o2 for cell 7 block 2 with input 0 and operation 3x3_depth_conv:
[32, 8, 8, 96]

Identity subsample used

output dimension of o1 for cell 7 block 3 with input 1 and operation identity:
[32, 8, 8, 96]
output dimension of o2 for cell 7 block 3 with input 0 and operation 3x3_conv:
[32, 8, 8, 96]
output dimension of o1 for cell 7 block 4 with input 1 and operation 7x7_conv:
[32, 8, 8, 96]
output dimension of o2 for cell 7 block 4 with input -2 and operation 5x5_depth_conv:
[32, 8, 8, 96]
final ouWARNING:tensorflow:From /home/data/Projects/git_repo/hacone/Spearmint-PESM/examples/cifar10/train_eval_image_classifier_jetson.py:489: softmax_cross_entropy (from tensorflow.contrib.losses.python.losses.loss_ops) is deprecated and will be removed after 2016-12-30.
Instructions for updating:
Use tf.losses.softmax_cross_entropy instead. Note that the order of the logits and labels arguments has been changed.
WARNING:tensorflow:From /home/lile/Projects/.virtualenvs/nn_search/local/lib/python2.7/site-packages/tensorflow/contrib/losses/python/losses/loss_ops.py:398: compute_weighted_loss (from tensorflow.contrib.losses.python.losses.loss_ops) is deprecated and will be removed after 2016-12-30.
Instructions for updating:
Use tf.losses.compute_weighted_loss instead.
WARNING:tensorflow:From /home/lile/Projects/.virtualenvs/nn_search/local/lib/python2.7/site-packages/tensorflow/contrib/losses/python/losses/loss_ops.py:151: add_loss (from tensorflow.contrib.losses.python.losses.loss_ops) is deprecated and will be removed after 2016-12-30.
Instructions for updating:
Use tf.losses.add_loss instead.
INFO:tensorflow:Summary name /clone_loss is illegal; using clone_loss instead.
2019-02-13 10:35:43.361279: I tensorflow/core/platform/cpu_feature_guard.cc:137] Your CPU supports instructions that this TensorFlow binary was not compiled to use: SSE4.1 SSE4.2 AVX AVX2 FMA
2019-02-13 10:35:43.525832: I tensorflow/core/common_runtime/gpu/gpu_device.cc:1030] Found device 0 with properties: 
name: GeForce GTX 1080 Ti major: 6 minor: 1 memoryClockRate(GHz): 1.582
pciBusID: 0000:09:00.0
totalMemory: 10.91GiB freeMemory: 219.44MiB
2019-02-13 10:35:43.525878: I tensorflow/core/common_runtime/gpu/gpu_device.cc:1120] Creating TensorFlow device (/device:GPU:0) -> (device: 0, name: GeForce GTX 1080 Ti, pci bus id: 0000:09:00.0, compute capability: 6.1)
2019-02-13 10:35:43.527480: E tensorflow/stream_executor/cuda/cuda_driver.cc:936] failed to allocate 219.44M (230096896 bytes) from device: CUDA_ERROR_OUT_OF_MEMORY
INFO:tensorflow:Starting Session.
INFO:tensorflow:Saving checkpoint to path /home/lile/Projects/git_repo/hacone/outputs/cifarnet_jetson/_-2_-1_3_2_-2_0_7_7_-2_0_0_2_1_0_1_3_1_-2_7_4/model.ckpt
INFO:tensorflow:Starting Queues.
2019-02-13 10:35:49.544203: E tensorflow/stream_executor/cuda/cuda_blas.cc:366] failed to create cublas handle: CUBLAS_STATUS_NOT_INITIALIZED
INFO:tensorflow:global_step/sec: 0
2019-02-13 10:35:50.711646: E tensorflow/stream_executor/cuda/cuda_blas.cc:366] failed to create cublas handle: CUBLAS_STATUS_NOT_INITIALIZED
2019-02-13 10:35:50.715192: E tensorflow/stream_executor/cuda/cuda_blas.cc:366] failed to create cublas handle: CUBLAS_STATUS_NOT_INITIALIZED
2019-02-13 10:35:50.718087: E tensorflow/stream_executor/cuda/cuda_blas.cc:366] failed to create cublas handle: CUBLAS_STATUS_NOT_INITIALIZED
2019-02-13 10:35:50.889068: E tensorflow/stream_executor/cuda/cuda_blas.cc:366] failed to create cublas handle: CUBLAS_STATUS_NOT_INITIALIZED
2019-02-13 10:35:50.889132: W tensorflow/stream_executor/stream.cc:1901] attempting to perform BLAS operation using StreamExecutor without BLAS support
2019-02-13 10:35:50.890841: I tensorflow/stream_executor/stream.cc:1851] stream 0x79c2f70 did not wait for stream: 0x79be900
2019-02-13 10:35:50.890861: I tensorflow/stream_executor/stream.cc:1851] stream 0x79c2f70 did not wait for stream: 0x79be900
2019-02-13 10:35:50.890906: I tensorflow/stream_executor/stream.cc:4637] stream 0x79c2f70 did not memcpy host-to-device; source: 0x7fa8b8002560
2019-02-13 10:35:50.890964: I tensorflow/stream_executor/stream.cc:4637] stream 0x79c2f70 did not memcpy host-to-device; source: 0x7fa8e40150e0
2019-02-13 10:35:50.892120: F ./tensorflow/core/util/cuda_kernel_helper.h:200] Check failed: err == cudaSuccess (2 vs. 0)
tput shape
(32, 1, 1, 288)
Aborted (core dumped)
