Job launching after 0.28 seconds in submission.
Running python job.
Changed into dir /home/data/Projects/git_repo/hacone/Spearmint-PESM/examples/cifar10
Importing train_eval_image_classifier_jetson.py
Running train_eval_image_classifier_jetson.main()
WARNING:tensorflow:From /home/data/Projects/git_repo/hacone/Spearmint-PESM/examples/cifar10/train_eval_image_classifier_jetson.py:419: create_global_step (from tensorflow.contrib.framework.python.ops.variables) is deprecated and will be removed in a future version.
Instructions for updating:
Please switch to tf.train.create_global_step
_-1_-2_2_5_0_-1_1_1_-1_-2_2_5_0_-2_4_2_1_3_3_3
[-1, -2, 2, 5, 0, -1, 1, 1, -1, -2, 2, 5, 0, -2, 4, 2, 1, 3, 3, 3]
train model
cifar10
output dimension of o1 for cell 0 block 0 with input -1 and operation 3x3_depth_conv:
[32, 32, 32, 24]
output dimension of o2 for cell 0 block 0 with input -2 and operation 5x5_conv:
[32, 32, 32, 24]

Identity subsample used


Identity conv2D

output dimension of o1 for cell 0 block 1 with input 0 and operation identity:
[32, 32, 32, 24]
output dimension of o2 for cell 0 block 1 with input -1 and operation identity:
[32, 32, 32, 24]
output dimension of o1 for cell 0 block 2 with input -1 and operation 3x3_depth_conv:
[32, 32, 32, 24]
output dimension of o2 for cell 0 block 2 with input -2 and operation 5x5_conv:
[32, 32, 32, 24]
output dimension of o1 for cell 0 block 3 with input 0 and operation 5x5_depth_conv:
[32, 32, 32, 24]
output dimension of o2 for cell 0 block 3 with input -2 and operation 3x3_depth_conv:
[32, 32, 32, 24]
output dimension of o1 for cell 0 block 4 with input 1 and operation 3x3_conv:
[32, 32, 32, 24]
output dimension of o2 for cell 0 block 4 with input 3 and operation 3x3_conv:
[32, 32, 32, 24]
output dimension of o1 for cell 1 block 0 with input -1 and operation 3x3_depth_conv:
[32, 32, 32, 24]
output dimension of o2 for cell 1 block 0 with input -2 and operation 5x5_conv:
[32, 32, 32, 24]

Identity subsample used


Identity conv2D

output dimension of o1 for cell 1 block 1 with input 0 and operation identity:
[32, 32, 32, 24]
output dimension of o2 for cell 1 block 1 with input -1 and operation identity:
[32, 32, 32, 24]
output dimension of o1 for cell 1 block 2 with input -1 and operation 3x3_depth_conv:
[32, 32, 32, 24]
output dimension of o2 for cell 1 block 2 with input -2 and operation 5x5_conv:
[32, 32, 32, 24]
output dimension of o1 for cell 1 block 3 with input 0 and operation 5x5_depth_conv:
[32, 32, 32, 24]
output dimension of o2 for cell 1 block 3 with input -2 and operation 3x3_depth_conv:
[32, 32, 32, 24]
output dimension of o1 for cell 1 block 4 with input 1 and operation 3x3_conv:
[32, 32, 32, 24]
output dimension of o2 for cell 1 block 4 with input 3 and operation 3x3_conv:
[32, 32, 32, 24]
output dimension of o1 for cell 2 block 0 with input -1 and operation 3x3_depth_conv:
[32, 16, 16, 24]
output dimension of o2 for cell 2 block 0 with input -2 and operation 5x5_conv:
[32, 16, 16, 24]

Identity subsample used


Identity conv2D

output dimension of o1 for cell 2 block 1 with input 0 and operation identity:
[32, 16, 16, 24]
output dimension of o2 for cell 2 block 1 with input -1 and operation identity:
[32, 16, 16, 24]
output dimension of o1 for cell 2 block 2 with input -1 and operation 3x3_depth_conv:
[32, 16, 16, 24]
output dimension of o2 for cell 2 block 2 with input -2 and operation 5x5_conv:
[32, 16, 16, 24]
output dimension of o1 for cell 2 block 3 with input 0 and operation 5x5_depth_conv:
[32, 16, 16, 24]
output dimension of o2 for cell 2 block 3 with input -2 and operation 3x3_depth_conv:
[32, 16, 16, 24]
output dimension of o1 for cell 2 block 4 with input 1 and operation 3x3_conv:
[32, 16, 16, 24]
output dimension of o2 for cell 2 block 4 with input 3 and operation 3x3_conv:
[32, 16, 16, 24]
output dimension of o1 for cell 3 block 0 with input -1 and operation 3x3_depth_conv:
[32, 16, 16, 48]
output dimension of o2 for cell 3 block 0 with input -2 and operation 5x5_conv:
[32, 32, 32, 48]

Identity subsample used


Identity subsample used

output dimension of o1 for cell 3 block 1 with input 0 and operation identity:
[32, 16, 16, 48]
output dimension of o2 for cell 3 block 1 with input -1 and operation identity:
[32, 16, 16, 48]
output dimension of o1 for cell 3 block 2 with input -1 and operation 3x3_depth_conv:
[32, 16, 16, 48]
output dimension of o2 for cell 3 block 2 with input -2 and operation 5x5_conv:
[32, 32, 32, 48]
output dimension of o1 for cell 3 block 3 with input 0 and operation 5x5_depth_conv:
[32, 16, 16, 48]
output dimension of o2 for cell 3 block 3 with input -2 and operation 3x3_depth_conv:
[32, 32, 32, 48]
output dimension of o1 for cell 3 block 4 with input 1 and operation 3x3_conv:
[32, 16, 16, 48]
output dimension of o2 for cell 3 block 4 with input 3 and operation 3x3_conv:
[32, 16, 16, 48]
output dimension of o1 for cell 4 block 0 with input -1 and operation 3x3_depth_conv:
[32, 16, 16, 48]
output dimension of o2 for cell 4 block 0 with input -2 and operation 5x5_conv:
[32, 16, 16, 48]

Identity subsample used


Identity conv2D

output dimension of o1 for cell 4 block 1 with input 0 and operation identity:
[32, 16, 16, 48]
output dimension of o2 for cell 4 block 1 with input -1 and operation identity:
[32, 16, 16, 48]
output dimension of o1 for cell 4 block 2 with input -1 and operation 3x3_depth_conv:
[32, 16, 16, 48]
output dimension of o2 for cell 4 block 2 with input -2 and operation 5x5_conv:
[32, 16, 16, 48]
output dimension of o1 for cell 4 block 3 with input 0 and operation 5x5_depth_conv:
[32, 16, 16, 48]
output dimension of o2 for cell 4 block 3 with input -2 and operation 3x3_depth_conv:
[32, 16, 16, 48]
output dimension of o1 for cell 4 block 4 with input 1 and operation 3x3_conv:
[32, 16, 16, 48]
output dimension of o2 for cell 4 block 4 with input 3 and operation 3x3_conv:
[32, 16, 16, 48]
output dimension of o1 for cell 5 block 0 with input -1 and operation 3x3_depth_conv:
[32, 8, 8, 48]
output dimension of o2 for cell 5 block 0 with input -2 and operation 5x5_conv:
[32, 8, 8, 48]

Identity subsample used


Identity conv2D

output dimension of o1 for cell 5 block 1 with input 0 and operation identity:
[32, 8, 8, 48]
output dimension of o2 for cell 5 block 1 with input -1 and operation identity:
[32, 8, 8, 48]
output dimension of o1 for cell 5 block 2 with input -1 and operation 3x3_depth_conv:
[32, 8, 8, 48]
output dimension of o2 for cell 5 block 2 with input -2 and operation 5x5_conv:
[32, 8, 8, 48]
output dimension of o1 for cell 5 block 3 with input 0 and operation 5x5_depth_conv:
[32, 8, 8, 48]
output dimension of o2 for cell 5 block 3 with input -2 and operation 3x3_depth_conv:
[32, 8, 8, 48]
output dimension of o1 for cell 5 block 4 with input 1 and operation 3x3_conv:
[32, 8, 8, 48]
output dimension of o2 for cell 5 block 4 with input 3 and operation 3x3_conv:
[32, 8, 8, 48]
output dimension of o1 for cell 6 block 0 with input -1 and operation 3x3_depth_conv:
[32, 8, 8, 96]
output dimension of o2 for cell 6 block 0 with input -2 and operation 5x5_conv:
[32, 16, 16, 96]

Identity subsample used


Identity subsample used

output dimension of o1 for cell 6 block 1 with input 0 and operation identity:
[32, 8, 8, 96]
output dimension of o2 for cell 6 block 1 with input -1 and operation identity:
[32, 8, 8, 96]
output dimension of o1 for cell 6 block 2 with input -1 and operation 3x3_depth_conv:
[32, 8, 8, 96]
output dimension of o2 for cell 6 block 2 with input -2 and operation 5x5_conv:
[32, 16, 16, 96]
output dimension of o1 for cell 6 block 3 with input 0 and operation 5x5_depth_conv:
[32, 8, 8, 96]
output dimension of o2 for cell 6 block 3 with input -2 and operation 3x3_depth_conv:
[32, 16, 16, 96]
output dimension of o1 for cell 6 block 4 with input 1 and operation 3x3_conv:
[32, 8, 8, 96]
output dimension of o2 for cell 6 block 4 with input 3 and operation 3x3_conv:
[32, 8, 8, 96]
output dimension of o1 for cell 7 block 0 with input -1 and operation 3x3_depth_conv:
[32, 8, 8, 96]
output dimension of o2 for cell 7 block 0 with input -2 and operation 5x5_conv:
[32, 8, 8, 96]

Identity subsample used


Identity conv2D

output dimension of o1 for cell 7 block 1 with input 0 and operation identity:
[32, 8, 8, 96]
output dimension of o2 for cell 7 block 1 with input -1 and operation identity:
[32, 8, 8, 96]
output dimension of o1 for cell 7 block 2 with input -1 and operation 3x3_depth_conv:
[32, 8, 8, 96]
output dimension of o2 for cell 7 block 2 with input -2 and operation 5x5_conv:
[32, 8, 8, 96]
output dimension of o1 for cell 7 block 3 with input 0 and operation 5x5_depth_conv:
[32, 8, 8, 96]
output dimension of o2 for cell 7 block 3 with input -2 and operation 3x3_depth_conv:
[32, 8, 8, 96]
output dimenWARNING:tensorflow:From /home/data/Projects/git_repo/hacone/Spearmint-PESM/examples/cifar10/train_eval_image_classifier_jetson.py:489: softmax_cross_entropy (from tensorflow.contrib.losses.python.losses.loss_ops) is deprecated and will be removed after 2016-12-30.
Instructions for updating:
Use tf.losses.softmax_cross_entropy instead. Note that the order of the logits and labels arguments has been changed.
WARNING:tensorflow:From /home/lile/Projects/.virtualenvs/nn_search/local/lib/python2.7/site-packages/tensorflow/contrib/losses/python/losses/loss_ops.py:398: compute_weighted_loss (from tensorflow.contrib.losses.python.losses.loss_ops) is deprecated and will be removed after 2016-12-30.
Instructions for updating:
Use tf.losses.compute_weighted_loss instead.
WARNING:tensorflow:From /home/lile/Projects/.virtualenvs/nn_search/local/lib/python2.7/site-packages/tensorflow/contrib/losses/python/losses/loss_ops.py:151: add_loss (from tensorflow.contrib.losses.python.losses.loss_ops) is deprecated and will be removed after 2016-12-30.
Instructions for updating:
Use tf.losses.add_loss instead.
INFO:tensorflow:Summary name /clone_loss is illegal; using clone_loss instead.
2019-02-13 02:48:48.574087: I tensorflow/core/platform/cpu_feature_guard.cc:137] Your CPU supports instructions that this TensorFlow binary was not compiled to use: SSE4.1 SSE4.2 AVX AVX2 FMA
2019-02-13 02:48:48.757015: I tensorflow/core/common_runtime/gpu/gpu_device.cc:1030] Found device 0 with properties: 
name: GeForce GTX 1080 Ti major: 6 minor: 1 memoryClockRate(GHz): 1.582
pciBusID: 0000:09:00.0
totalMemory: 10.91GiB freeMemory: 10.60GiB
2019-02-13 02:48:48.757060: I tensorflow/core/common_runtime/gpu/gpu_device.cc:1120] Creating TensorFlow device (/device:GPU:0) -> (device: 0, name: GeForce GTX 1080 Ti, pci bus id: 0000:09:00.0, compute capability: 6.1)
INFO:tensorflow:Starting Session.
INFO:tensorflow:Saving checkpoint to path /home/lile/Projects/git_repo/hacone/outputs/cifarnet_jetson/_-1_-2_2_5_0_-1_1_1_-1_-2_2_5_0_-2_4_2_1_3_3_3/model.ckpt
INFO:tensorflow:Starting Queues.
INFO:tensorflow:global_step/sec: 0
INFO:tensorflow:Recording summary at step 0.
INFO:tensorflow:global step 10: loss = 2.3090 (0.082 sec/step)
INFO:tensorflow:global step 20: loss = 2.3482 (0.082 sec/step)
INFO:tensorflow:global step 30: loss = 2.3326 (0.082 sec/step)
INFO:tensorflow:global step 40: loss = 2.1968 (0.083 sec/step)
INFO:tensorflow:global step 50: loss = 2.4372 (0.082 sec/step)
INFO:tensorflow:global step 60: loss = 2.2193 (0.082 sec/step)
INFO:tensorflow:global step 70: loss = 2.1229 (0.084 sec/step)
INFO:tensorflow:global step 80: loss = 2.0686 (0.082 sec/step)
INFO:tensorflow:global step 90: loss = 2.0203 (0.081 sec/step)
INFO:tensorflow:global step 100: loss = 1.9607 (0.082 sec/step)
INFO:tensorflow:global step 110: loss = 1.7025 (0.082 sec/step)
INFO:tensorflow:global step 120: loss = 2.2218 (0.082 sec/step)
INFO:tensorflow:global step 130: loss = 1.9838 (0.082 sec/step)
INFO:tensorflow:global step 140: loss = 1.8790 (0.081 sec/step)
INFO:tensorflow:global step 150: loss = 1.7509 (0.082 sec/step)
INFO:tensorflow:global step 160: loss = 1.9982 (0.082 sec/step)
INFO:tensorflow:global step 170: loss = 1.9950 (0.081 sec/step)
INFO:tensorflow:global step 180: loss = 1.6585 (0.082 sec/step)
INFO:tensorflow:global step 190: loss = 2.0810 (0.084 sec/step)
INFO:tensorflow:global step 200: loss = 1.9876 (0.082 sec/step)
INFO:tensorflow:global step 210: loss = 1.8947 (0.082 sec/step)
INFO:tensorflow:global step 220: loss = 1.7808 (0.083 sec/step)
INFO:tensorflow:global step 230: loss = 1.9527 (0.082 sec/step)
INFO:tensorflow:global step 240: loss = 2.2303 (0.083 sec/step)
INFO:tensorflow:global step 250: loss = 1.7973 (0.082 sec/step)
INFO:tensorflow:global step 260: loss = 2.4527 (0.082 sec/step)
INFO:tensorflow:global step 270: loss = 2.0176 (0.082 sec/step)
INFO:tensorflow:global step 280: loss = 2.1279 (0.083 sec/step)
INFO:tensorflow:global step 290: loss = 1.5241 (0.082 sec/step)
INFO:tensorflow:global step 300: loss = 2.0646 (0.082 sec/step)
INFO:tensorflow:global step 310: loss = 1.6819 (0.082 sec/step)
INFO:tensorflow:global step 320: loss = 1.7179 (0.082 sec/step)
INFO:tensorflow:global step 330: loss = 1.7471 (0.083 sec/step)
INFO:tensorflow:global step 340: loss = 1.4634 (0.082 sec/step)
INFO:tensorflow:global step 350: loss = 1.9998 (0.083 sec/step)
INFO:tensorflow:global step 360: loss = 1.7930 (0.083 sec/step)
INFO:tensorflow:global step 370: loss = 1.6525 (0.082 sec/step)
INFO:tensorflow:global step 380: loss = 1.9299 (0.083 sec/step)
INFO:tensorflow:global step 390: loss = 1.7908 (0.083 sec/step)
INFO:tensorflow:global step 400: loss = 1.6643 (0.082 sec/step)
INFO:tensorflow:global step 410: loss = 2.2012 (0.083 sec/step)
INFO:tensorflow:global step 420: loss = 1.6455 (0.082 sec/step)
INFO:tensorflow:global step 430: loss = 1.4388 (0.082 sec/step)
INFO:tensorflow:global step 440: loss = 2.3092 (0.083 sec/step)
INFO:tensorflow:global step 450: loss = 1.6811 (0.082 sec/step)
INFO:tensorflow:global step 460: loss = 1.6820 (0.083 sec/step)
INFO:tensorflow:global step 470: loss = 1.3891 (0.084 sec/step)
INFO:tensorflow:global step 480: loss = 1.6405 (0.084 sec/step)
INFO:tensorflow:global step 490: loss = 2.0041 (0.083 sec/step)
INFO:tensorflow:global step 500: loss = 1.7288 (0.083 sec/step)
INFO:tensorflow:global step 510: loss = 2.0612 (0.082 sec/step)
INFO:tensorflow:global step 520: loss = 1.8063 (0.083 sec/step)
INFO:tensorflow:global step 530: loss = 2.1571 (0.082 sec/step)
INFO:tensorflow:global step 540: loss = 1.8276 (0.083 sec/step)
INFO:tensorflow:global step 550: loss = 1.9265 (0.083 sec/step)
INFO:tensorflow:global step 560: loss = 1.7022 (0.082 sec/step)
INFO:tensorflow:global step 570: loss = 1.5778 (0.083 sec/step)
INFO:tensorflow:global step 580: loss = 1.7649 (0.083 sec/step)
INFO:tensorflow:global step 590: loss = 1.3092 (0.082 sec/step)
INFO:tensorflow:global step 600: loss = 1.2720 (0.083 sec/step)
INFO:tensorflow:global step 610: loss = 1.7140 (0.084 sec/step)
INFO:tensorflow:global step 620: loss = 1.3357 (0.083 sec/step)
INFO:tensorflow:global step 630: loss = 1.4840 (0.083 sec/step)
INFO:tensorflow:global step 640: loss = 1.2322 (0.082 sec/step)
INFO:tensorflow:global step 650: loss = 1.4625 (0.083 sec/step)
INFO:tensorflow:global step 660: loss = 1.6951 (0.083 sec/step)
INFO:tensorflow:global step 670: loss = 1.4992 (0.082 sec/step)
INFO:tensorflow:global step 680: loss = 1.8821 (0.084 sec/step)
INFO:tensorflow:global step 690: loss = 2.0956 (0.083 sec/step)
INFO:tensorflow:global step 700: loss = 1.5428 (0.083 sec/step)
INFO:tensorflow:global step 710: loss = 1.1227 (0.083 sec/step)
INFO:tensorflow:global step 720: loss = 1.7437 (0.083 sec/step)
INFO:tensorflow:global step 730: loss = 1.2715 (0.083 sec/step)
INFO:tensorflow:global step 740: loss = 1.4419 (0.083 sec/step)
INFO:tensorflow:global step 750: loss = 1.5599 (0.084 sec/step)
INFO:tensorflow:global step 760: loss = 0.8314 (0.082 sec/step)
INFO:tensorflow:global step 770: loss = 1.6445 (0.083 sec/step)
INFO:tensorflow:global step 780: loss = 1.2844 (0.084 sec/step)
INFO:tensorflow:global step 790: loss = 1.5847 (0.083 sec/step)
INFO:tensorflow:global step 800: loss = 1.5206 (0.083 sec/step)
INFO:tensorflow:global step 810: loss = 1.4978 (0.084 sec/step)
INFO:tensorflow:global step 820: loss = 1.3434 (0.083 sec/step)
INFO:tensorflow:global step 830: loss = 1.3001 (0.085 sec/step)
INFO:tensorflow:global step 840: loss = 1.3663 (0.082 sec/step)
INFO:tensorflow:global step 850: loss = 1.4594 (0.083 sec/step)
INFO:tensorflow:global step 860: loss = 1.2399 (0.083 sec/step)
INFO:tensorflow:global step 870: loss = 1.3650 (0.083 sec/step)
INFO:tensorflow:global step 880: loss = 1.4430 (0.083 sec/step)
INFO:tensorflow:global step 890: loss = 1.3788 (0.083 sec/step)
INFO:tensorflow:global step 900: loss = 1.1173 (0.085 sec/step)
INFO:tensorflow:global step 910: loss = 1.2594 (0.083 sec/step)
INFO:tensorflow:global step 920: loss = 1.7880 (0.083 sec/step)
INFO:tensorflow:global step 930: loss = 1.7653 (0.083 sec/step)
INFO:tensorflow:global step 940: loss = 1.4630 (0.083 sec/step)
INFO:tensorflow:global step 950: loss = 1.4512 (0.083 sec/step)
INFO:tensorflow:global step 960: loss = 1.7822 (0.083 sec/step)
INFO:tensorflow:global step 970: loss = 1.3507 (0.082 sec/step)
INFO:tensorflow:global step 980: loss = 1.5386 (0.083 sec/step)
INFO:tensorflow:global step 990: loss = 1.4397 (0.083 sec/step)
INFO:tensorflow:global step 1000: loss = 1.4499 (0.083 sec/step)
INFO:tensorflow:global step 1010: loss = 1.1328 (0.083 sec/step)
INFO:tensorflow:global step 1020: loss = 1.5138 (0.083 sec/step)
INFO:tensorflow:global step 1030: loss = 1.2256 (0.083 sec/step)
INFO:tensorflow:global step 1040: loss = 1.7091 (0.083 sec/step)
INFO:tensorflow:global step 1050: loss = 1.4861 (0.084 sec/step)
INFO:tensorflow:global step 1060: loss = 1.0433 (0.083 sec/step)
INFO:tensorflow:global step 1070: loss = 1.3699 (0.083 sec/step)
INFO:tensorflow:global step 1080: loss = 1.3252 (0.083 sec/step)
INFO:tensorflow:global step 1090: loss = 1.3665 (0.083 sec/step)
INFO:tensorflow:global step 1100: loss = 1.6552 (0.085 sec/step)
INFO:tensorflow:global step 1110: loss = 1.6252 (0.084 sec/step)
INFO:tensorflow:global step 1120: loss = 1.2804 (0.083 sec/step)
INFO:tensorflow:global step 1130: loss = 1.3027 (0.083 sec/step)
INFO:tensorflow:global step 1140: loss = 1.2529 (0.083 sec/step)
INFO:tensorflow:global step 1150: loss = 1.6578 (0.083 sec/step)
INFO:tensorflow:global step 1160: loss = 1.6650 (0.084 sec/step)
INFO:tensorflow:global step 1170: loss = 1.2121 (0.083 sec/step)
INFO:tensorflow:global step 1180: loss = 1.5099 (0.083 sec/step)
INFO:tensorflow:global step 1190: loss = 1.1679 (0.083 sec/step)
INFO:tensorflow:global step 1200: loss = 1.2403 (0.084 sec/step)
INFO:tensorflow:global step 1210: loss = 1.1294 (0.083 sec/step)
INFO:tensorflow:global step 1220: loss = 1.3726 (0.083 sec/step)
INFO:tensorflow:global step 1230: loss = 0.8009 (0.083 sec/step)
INFO:tensorflow:global step 1240: loss = 0.9934 (0.083 sec/step)
INFO:tensorflow:global step 1250: loss = 0.9200 (0.083 sec/step)
INFO:tensorflow:global step 1260: loss = 1.6166 (0.083 sec/step)
INFO:tensorflow:global step 1270: loss = 1.6043 (0.083 sec/step)
INFO:tensorflow:global step 1280: loss = 1.2085 (0.083 sec/step)
INFO:tensorflow:global step 1290: loss = 1.4459 (0.083 sec/step)
INFO:tensorflow:global step 1300: loss = 1.6436 (0.083 sec/step)
INFO:tensorflow:global step 1310: loss = 1.4603 (0.085 sec/step)
INFO:tensorflow:global step 1320: loss = 1.1029 (0.084 sec/step)
INFO:tensorflow:global step 1330: loss = 1.3092 (0.083 sec/step)
INFO:tensorflow:global step 1340: loss = 1.4684 (0.082 sec/step)
INFO:tensorflow:global step 1350: loss = 0.8716 (0.083 sec/step)
INFO:tensorflow:global step 1360: loss = 0.9645 (0.084 sec/step)
INFO:tensorflow:global step 1370: loss = 1.2730 (0.084 sec/step)
INFO:tensorflow:global step 1380: loss = 1.1916 (0.083 sec/step)
INFO:tensorflow:global step 1390: loss = 1.5577 (0.084 sec/step)
INFO:tensorflow:global step 1400: loss = 0.9216 (0.083 sec/step)
INFO:tensorflow:global step 1410: loss = 1.2604 (0.083 sec/step)
INFO:tensorflow:global step 1420: loss = 1.5582 (0.085 sec/step)
INFO:tensorflow:global step 1430: loss = 1.4814 (0.083 sec/step)
INFO:tensorflow:global step 1440: loss = 1.2425 (0.082 sec/step)
INFO:tensorflow:global step 1450: loss = 1.1811 (0.083 sec/step)
INFO:tensorflow:global step 1460: loss = 1.2938 (0.084 sec/step)
INFO:tensorflow:global step 1470: loss = 1.5248 (0.083 sec/step)
INFO:tensorflow:global step 1480: loss = 1.3288 (0.083 sec/step)
INFO:tensorflow:global step 1490: loss = 1.5286 (0.083 sec/step)
INFO:tensorflow:global step 1500: loss = 0.9909 (0.083 sec/step)
INFO:tensorflow:global step 1510: loss = 1.3075 (0.083 sec/step)
INFO:tensorflow:global step 1520: loss = 1.0702 (0.083 sec/step)
INFO:tensorflow:Saving checkpoint to path /home/lile/Projects/git_repo/hacone/outputs/cifarnet_jetson/_-1_-2_2_5_0_-1_1_1_-1_-2_2_5_0_-2_4_2_1_3_3_3/model.ckpt
INFO:tensorflow:Recording summary at step 1523.
INFO:tensorflow:global_step/sec: 2.53876
INFO:tensorflow:Saving checkpoint to path /home/lile/Projects/git_repo/hacone/outputs/cifarnet_jetson/_-1_-2_2_5_0_-1_1_1_-1_-2_2_5_0_-2_4_2_1_3_3_3/model.ckpt
INFO:tensorflow:Recording summary at step 1523.
INFO:tensorflow:global_step/sec: 0
INFO:tensorflow:Saving checkpoint to path /home/lile/Projects/git_repo/hacone/outputs/cifarnet_jetson/_-1_-2_2_5_0_-1_1_1_-1_-2_2_5_0_-2_4_2_1_3_3_3/model.ckpt
INFO:tensorflow:Recording summary at step 1523.
INFO:tensorflow:global_step/sec: 0
INFO:tensorflow:Saving checkpoint to path /home/lile/Projects/git_repo/hacone/outputs/cifarnet_jetson/_-1_-2_2_5_0_-1_1_1_-1_-2_2_5_0_-2_4_2_1_3_3_3/model.ckpt
INFO:tensorflow:Recording summary at step 1523.
INFO:tensorflow:global_step/sec: 0
INFO:tensorflow:Saving checkpoint to path /home/lile/Projects/git_repo/hacone/outputs/cifarnet_jetson/_-1_-2_2_5_0_-1_1_1_-1_-2_2_5_0_-2_4_2_1_3_3_3/model.ckpt
INFO:tensorflow:Recording summary at step 1523.
INFO:tensorflow:global_step/sec: 0
INFO:tensorflow:Saving checkpoint to path /home/lile/Projects/git_repo/hacone/outputs/cifarnet_jetson/_-1_-2_2_5_0_-1_1_1_-1_-2_2_5_0_-2_4_2_1_3_3_3/model.ckpt
INFO:tensorflow:global_step/sec: 0
INFO:tensorflow:Recording summary at step 1523.
INFO:tensorflow:Saving checkpoint to path /home/lile/Projects/git_repo/hacone/outputs/cifarnet_jetson/_-1_-2_2_5_0_-1_1_1_-1_-2_2_5_0_-2_4_2_1_3_3_3/model.ckpt
INFO:tensorflow:Recording summary at step 1523.
INFO:tensorflow:global_step/sec: 0
INFO:tensorflow:Saving checkpoint to path /home/lile/Projects/git_repo/hacone/outputs/cifarnet_jetson/_-1_-2_2_5_0_-1_1_1_-1_-2_2_5_0_-2_4_2_1_3_3_3/model.ckpt
INFO:tensorflow:Recording summary at step 1523.
INFO:tensorflow:global_step/sec: 0
INFO:tensorflow:Saving checkpoint to path /home/lile/Projects/git_repo/hacone/outputs/cifarnet_jetson/_-1_-2_2_5_0_-1_1_1_-1_-2_2_5_0_-2_4_2_1_3_3_3/model.ckpt
INFO:tensorflow:Recording summary at step 1523.
INFO:tensorflow:global_step/sec: 0
INFO:tensorflow:Saving checkpoint to path /home/lile/Projects/git_repo/hacone/outputs/cifarnet_jetson/_-1_-2_2_5_0_-1_1_1_-1_-2_2_5_0_-2_4_2_1_3_3_3/model.ckpt
INFO:tensorflow:Recording summary at step 1523.
INFO:tensorflow:Saving checkpoint to path /home/lile/Projects/git_repo/hacone/outputs/cifarnet_jetson/_-1_-2_2_5_0_-1_1_1_-1_-2_2_5_0_-2_4_2_1_3_3_3/model.ckpt
INFO:tensorflow:Recording summary at step 1523.
INFO:tensorflow:Saving checkpoint to path /home/lile/Projects/git_repo/hacone/outputs/cifarnet_jetson/_-1_-2_2_5_0_-1_1_1_-1_-2_2_5_0_-2_4_2_1_3_3_3/model.ckpt
INFO:tensorflow:Recording summary at step 1523.
INFO:tensorflow:Saving checkpoint to path /home/lile/Projects/git_repo/hacone/outputs/cifarnet_jetson/_-1_-2_2_5_0_-1_1_1_-1_-2_2_5_0_-2_4_2_1_3_3_3/model.ckpt
INFO:tensorflow:Recording summary at step 1523.
INFO:tensorflow:Saving checkpoint to path /home/lile/Projects/git_repo/hacone/outputs/cifarnet_jetson/_-1_-2_2_5_0_-1_1_1_-1_-2_2_5_0_-2_4_2_1_3_3_3/model.ckpt
INFO:tensorflow:Recording summary at step 1523.
INFO:tensorflow:Saving checkpoint to path /home/lile/Projects/git_repo/hacone/outputs/cifarnet_jetson/_-1_-2_2_5_0_-1_1_1_-1_-2_2_5_0_-2_4_2_1_3_3_3/model.ckpt
INFO:tensorflow:Recording summary at step 1523.
INFO:tensorflow:Saving checkpoint to path /home/lile/Projects/git_repo/hacone/outputs/cifarnet_jetson/_-1_-2_2_5_0_-1_1_1_-1_-2_2_5_0_-2_4_2_1_3_3_3/model.ckpt
INFO:tensorflow:Recording summary at step 1523.
INFO:tensorflow:Saving checkpoint to path /home/lile/Projects/git_repo/hacone/outputs/cifarnet_jetson/_-1_-2_2_5_0_-1_1_1_-1_-2_2_5_0_-2_4_2_1_3_3_3/model.ckpt
INFO:tensorflow:Recording summary at step 1523.
INFO:tensorflow:Saving checkpoint to path /home/lile/Projects/git_repo/hacone/outputs/cifarnet_jetson/_-1_-2_2_5_0_-1_1_1_-1_-2_2_5_0_-2_4_2_1_3_3_3/model.ckpt
INFO:tensorflow:Recording summary at step 1523.
INFO:tensorflow:Saving checkpoint to path /home/lile/Projects/git_repo/hacone/outputs/cifarnet_jetson/_-1_-2_2_5_0_-1_1_1_-1_-2_2_5_0_-2_4_2_1_3_3_3/model.ckpt
INFO:tensorflow:Recording summary at step 1523.
INFO:tensorflow:Saving checkpoint to path /home/lile/Projects/git_repo/hacone/outputs/cifarnet_jetson/_-1_-2_2_5_0_-1_1_1_-1_-2_2_5_0_-2_4_2_1_3_3_3/model.ckpt
INFO:tensorflow:Recording summary at step 1523.
INFO:tensorflow:Saving checkpoint to path /home/lile/Projects/git_repo/hacone/outputs/cifarnet_jetson/_-1_-2_2_5_0_-1_1_1_-1_-2_2_5_0_-2_4_2_1_3_3_3/model.ckpt
INFO:tensorflow:Recording summary at step 1523.
INFO:tensorflow:Saving checkpoint to path /home/lile/Projects/git_repo/hacone/outputs/cifarnet_jetson/_-1_-2_2_5_0_-1_1_1_-1_-2_2_5_0_-2_4_2_1_3_3_3/model.ckpt
INFO:tensorflow:Recording summary at step 1523.
INFO:tensorflow:Saving checkpoint to path /home/lile/Projects/git_repo/hacone/outputs/cifarnet_jetson/_-1_-2_2_5_0_-1_1_1_-1_-2_2_5_0_-2_4_2_1_3_3_3/model.ckpt
INFO:tensorflow:Recording summary at step 1523.
INFO:tensorflow:Saving checkpoint to path /home/lile/Projects/git_repo/hacone/outputs/cifarnet_jetson/_-1_-2_2_5_0_-1_1_1_-1_-2_2_5_0_-2_4_2_1_3_3_3/model.ckpt
INFO:tensorflow:Recording summary at step 1523.
INFO:tensorflow:Saving checkpoint to path /home/lile/Projects/git_repo/hacone/outputs/cifarnet_jetson/_-1_-2_2_5_0_-1_1_1_-1_-2_2_5_0_-2_4_2_1_3_3_3/model.ckpt
INFO:tensorflow:Recording summary at step 1523.
INFO:tensorflow:Saving checkpoint to path /home/lile/Projects/git_repo/hacone/outputs/cifarnet_jetson/_-1_-2_2_5_0_-1_1_1_-1_-2_2_5_0_-2_4_2_1_3_3_3/model.ckpt
INFO:tensorflow:Recording summary at step 1523.
INFO:tensorflow:Saving checkpoint to path /home/lile/Projects/git_repo/hacone/outputs/cifarnet_jetson/_-1_-2_2_5_0_-1_1_1_-1_-2_2_5_0_-2_4_2_1_3_3_3/model.ckpt
INFO:tensorflow:Recording summary at step 1523.
INFO:tensorflow:Saving checkpoint to path /home/lile/Projects/git_repo/hacone/outputs/cifarnet_jetson/_-1_-2_2_5_0_-1_1_1_-1_-2_2_5_0_-2_4_2_1_3_3_3/model.ckpt
INFO:tensorflow:Recording summary at step 1523.
INFO:tensorflow:Saving checkpoint to path /home/lile/Projects/git_repo/hacone/outputs/cifarnet_jetson/_-1_-2_2_5_0_-1_1_1_-1_-2_2_5_0_-2_4_2_1_3_3_3/model.ckpt
INFO:tensorflow:Recording summary at step 1523.
INFO:tensorflow:Saving checkpoint to path /home/lile/Projects/git_repo/hacone/outputs/cifarnet_jetson/_-1_-2_2_5_0_-1_1_1_-1_-2_2_5_0_-2_4_2_1_3_3_3/model.ckpt
INFO:tensorflow:Recording summary at step 1523.
INFO:tensorflow:Saving checkpoint to path /home/lile/Projects/git_repo/hacone/outputs/cifarnet_jetson/_-1_-2_2_5_0_-1_1_1_-1_-2_2_5_0_-2_4_2_1_3_3_3/model.ckpt
INFO:tensorflow:Recording summary at step 1523.
INFO:tensorflow:Saving checkpoint to path /home/lile/Projects/git_repo/hacone/outputs/cifarnet_jetson/_-1_-2_2_5_0_-1_1_1_-1_-2_2_5_0_-2_4_2_1_3_3_3/model.ckpt
INFO:tensorflow:Recording summary at step 1523.
INFO:tensorflow:Saving checkpoint to path /home/lile/Projects/git_repo/hacone/outputs/cifarnet_jetson/_-1_-2_2_5_0_-1_1_1_-1_-2_2_5_0_-2_4_2_1_3_3_3/model.ckpt
INFO:tensorflow:Recording summary at step 1523.
INFO:tensorflow:Saving checkpoint to path /home/lile/Projects/git_repo/hacone/outputs/cifarnet_jetson/_-1_-2_2_5_0_-1_1_1_-1_-2_2_5_0_-2_4_2_1_3_3_3/model.ckpt
INFO:tensorflow:Recording summary at step 1523.
INFO:tensorflow:Saving checkpoint to path /home/lile/Projects/git_repo/hacone/outputs/cifarnet_jetson/_-1_-2_2_5_0_-1_1_1_-1_-2_2_5_0_-2_4_2_1_3_3_3/model.ckpt
INFO:tensorflow:Recording summary at step 1523.
INFO:tensorflow:Saving checkpoint to path /home/lile/Projects/git_repo/hacone/outputs/cifarnet_jetson/_-1_-2_2_5_0_-1_1_1_-1_-2_2_5_0_-2_4_2_1_3_3_3/model.ckpt
INFO:tensorflow:Recording summary at step 1523.
INFO:tensorflow:Saving checkpoint to path /home/lile/Projects/git_repo/hacone/outputs/cifarnet_jetson/_-1_-2_2_5_0_-1_1_1_-1_-2_2_5_0_-2_4_2_1_3_3_3/model.ckpt
INFO:tensorflow:Recording summary at step 1523.
INFO:tensorflow:Saving checkpoint to path /home/lile/Projects/git_repo/hacone/outputs/cifarnet_jetson/_-1_-2_2_5_0_-1_1_1_-1_-2_2_5_0_-2_4_2_1_3_3_3/model.ckpt
INFO:tensorflow:Recording summary at step 1523.
INFO:tensorflow:Saving checkpoint to path /home/lile/Projects/git_repo/hacone/outputs/cifarnet_jetson/_-1_-2_2_5_0_-1_1_1_-1_-2_2_5_0_-2_4_2_1_3_3_3/model.ckpt
INFO:tensorflow:Recording summary at step 1523.
INFO:tensorflow:Saving checkpoint to path /home/lile/Projects/git_repo/hacone/outputs/cifarnet_jetson/_-1_-2_2_5_0_-1_1_1_-1_-2_2_5_0_-2_4_2_1_3_3_3/model.ckpt
INFO:tensorflow:Recording summary at step 1523.
INFO:tensorflow:Saving checkpoint to path /home/lile/Projects/git_repo/hacone/outputs/cifarnet_jetson/_-1_-2_2_5_0_-1_1_1_-1_-2_2_5_0_-2_4_2_1_3_3_3/model.ckpt
INFO:tensorflow:Recording summary at step 1523.
INFO:tensorflow:Saving checkpoint to path /home/lile/Projects/git_repo/hacone/outputs/cifarnet_jetson/_-1_-2_2_5_0_-1_1_1_-1_-2_2_5_0_-2_4_2_1_3_3_3/model.ckpt
INFO:tensorflow:Recording summary at step 1523.
INFO:tensorflow:Saving checkpoint to path /home/lile/Projects/git_repo/hacone/outputs/cifarnet_jetson/_-1_-2_2_5_0_-1_1_1_-1_-2_2_5_0_-2_4_2_1_3_3_3/model.ckpt
INFO:tensorflow:Recording summary at step 1523.
INFO:tensorflow:Saving checkpoint to path /home/lile/Projects/git_repo/hacone/outputs/cifarnet_jetson/_-1_-2_2_5_0_-1_1_1_-1_-2_2_5_0_-2_4_2_1_3_3_3/model.ckpt
INFO:tensorflow:Recording summary at step 1523.
INFO:tensorflow:Saving checkpoint to path /home/lile/Projects/git_repo/hacone/outputs/cifarnet_jetson/_-1_-2_2_5_0_-1_1_1_-1_-2_2_5_0_-2_4_2_1_3_3_3/model.ckpt
INFO:tensorflow:Recording summary at step 1523.
INFO:tensorflow:Saving checkpoint to path /home/lile/Projects/git_repo/hacone/outputs/cifarnet_jetson/_-1_-2_2_5_0_-1_1_1_-1_-2_2_5_0_-2_4_2_1_3_3_3/model.ckpt
INFO:tensorflow:Recording summary at step 1523.
INFO:tensorflow:Saving checkpoint to path /home/lile/Projects/git_repo/hacone/outputs/cifarnet_jetson/_-1_-2_2_5_0_-1_1_1_-1_-2_2_5_0_-2_4_2_1_3_3_3/model.ckpt
INFO:tensorflow:Recording summary at step 1523.
INFO:tensorflow:Saving checkpoint to path /home/lile/Projects/git_repo/hacone/outputs/cifarnet_jetson/_-1_-2_2_5_0_-1_1_1_-1_-2_2_5_0_-2_4_2_1_3_3_3/model.ckpt
INFO:tensorflow:Recording summary at step 1523.
INFO:tensorflow:Saving checkpoint to path /home/lile/Projects/git_repo/hacone/outputs/cifarnet_jetson/_-1_-2_2_5_0_-1_1_1_-1_-2_2_5_0_-2_4_2_1_3_3_3/model.ckpt
INFO:tensorflow:Recording summary at step 1523.
INFO:tensorflow:Saving checkpoint to path /home/lile/Projects/git_repo/hacone/outputs/cifarnet_jetson/_-1_-2_2_5_0_-1_1_1_-1_-2_2_5_0_-2_4_2_1_3_3_3/model.ckpt
INFO:tensorflow:Recording summary at step 1523.
INFO:tensorflow:Saving checkpoint to path /home/lile/Projects/git_repo/hacone/outputs/cifarnet_jetson/_-1_-2_2_5_0_-1_1_1_-1_-2_2_5_0_-2_4_2_1_3_3_3/model.ckpt
INFO:tensorflow:Recording summary at step 1523.
INFO:tensorflow:Saving checkpoint to path /home/lile/Projects/git_repo/hacone/outputs/cifarnet_jetson/_-1_-2_2_5_0_-1_1_1_-1_-2_2_5_0_-2_4_2_1_3_3_3/model.ckpt
INFO:tensorflow:Recording summary at step 1523.
INFO:tensorflow:Saving checkpoint to path /home/lile/Projects/git_repo/hacone/outputs/cifarnet_jetson/_-1_-2_2_5_0_-1_1_1_-1_-2_2_5_0_-2_4_2_1_3_3_3/model.ckpt
INFO:tensorflow:Recording summary at step 1523.
Terminated
