Job launching after 0.23 seconds in submission.
Running python job.
Changed into dir /home/data/Projects/git_repo/hacone/Spearmint-PESM/examples/cifar10
Importing train_eval_image_classifier_titanx.py
Running train_eval_image_classifier_titanx.main()
WARNING:tensorflow:From /home/data/Projects/git_repo/hacone/Spearmint-PESM/examples/cifar10/train_eval_image_classifier_titanx.py:419: create_global_step (from tensorflow.contrib.framework.python.ops.variables) is deprecated and will be removed in a future version.
Instructions for updating:
Please switch to tf.train.create_global_step
_-2_-1_0_4_-1_-1_2_2_0_-2_4_7_1_1_4_7_1_1_4_4
[-2, -1, 0, 4, -1, -1, 2, 2, 0, -2, 4, 7, 1, 1, 4, 7, 1, 1, 4, 4]
train model
cifar10
output dimension of o1 for cell 0 block 0 with input -2 and operation 3x3_max_pool:
[32, 32, 32, 24]
output dimension of o2 for cell 0 block 0 with input -1 and operation 5x5_depth_conv:
[32, 32, 32, 24]
output dimension of o1 for cell 0 block 1 with input -1 and operation 3x3_depth_conv:
[32, 32, 32, 24]
output dimension of o2 for cell 0 block 1 with input -1 and operation 3x3_depth_conv:
[32, 32, 32, 24]
output dimension of o1 for cell 0 block 2 with input 0 and operation 5x5_depth_conv:
[32, 32, 32, 24]
output dimension of o2 for cell 0 block 2 with input -2 and operation 7x7_conv:
[32, 32, 32, 24]
output dimension of o1 for cell 0 block 3 with input 1 and operation 5x5_depth_conv:
[32, 32, 32, 24]
output dimension of o2 for cell 0 block 3 with input 1 and operation 7x7_conv:
[32, 32, 32, 24]
output dimension of o1 for cell 0 block 4 with input 1 and operation 5x5_depth_conv:
[32, 32, 32, 24]
output dimension of o2 for cell 0 block 4 with input 1 and operation 5x5_depth_conv:
[32, 32, 32, 24]
output dimension of o1 for cell 1 block 0 with input -2 and operation 3x3_max_pool:
[32, 32, 32, 24]
output dimension of o2 for cell 1 block 0 with input -1 and operation 5x5_depth_conv:
[32, 32, 32, 24]
output dimension of o1 for cell 1 block 1 with input -1 and operation 3x3_depth_conv:
[32, 32, 32, 24]
output dimension of o2 for cell 1 block 1 with input -1 and operation 3x3_depth_conv:
[32, 32, 32, 24]
output dimension of o1 for cell 1 block 2 with input 0 and operation 5x5_depth_conv:
[32, 32, 32, 24]
output dimension of o2 for cell 1 block 2 with input -2 and operation 7x7_conv:
[32, 32, 32, 24]
output dimension of o1 for cell 1 block 3 with input 1 and operation 5x5_depth_conv:
[32, 32, 32, 24]
output dimension of o2 for cell 1 block 3 with input 1 and operation 7x7_conv:
[32, 32, 32, 24]
output dimension of o1 for cell 1 block 4 with input 1 and operation 5x5_depth_conv:
[32, 32, 32, 24]
output dimension of o2 for cell 1 block 4 with input 1 and operation 5x5_depth_conv:
[32, 32, 32, 24]
output dimension of o1 for cell 2 block 0 with input -2 and operation 3x3_max_pool:
[32, 16, 16, 24]
output dimension of o2 for cell 2 block 0 with input -1 and operation 5x5_depth_conv:
[32, 16, 16, 24]
output dimension of o1 for cell 2 block 1 with input -1 and operation 3x3_depth_conv:
[32, 16, 16, 24]
output dimension of o2 for cell 2 block 1 with input -1 and operation 3x3_depth_conv:
[32, 16, 16, 24]
output dimension of o1 for cell 2 block 2 with input 0 and operation 5x5_depth_conv:
[32, 16, 16, 24]
output dimension of o2 for cell 2 block 2 with input -2 and operation 7x7_conv:
[32, 16, 16, 24]
output dimension of o1 for cell 2 block 3 with input 1 and operation 5x5_depth_conv:
[32, 16, 16, 24]
output dimension of o2 for cell 2 block 3 with input 1 and operation 7x7_conv:
[32, 16, 16, 24]
output dimension of o1 for cell 2 block 4 with input 1 and operation 5x5_depth_conv:
[32, 16, 16, 24]
output dimension of o2 for cell 2 block 4 with input 1 and operation 5x5_depth_conv:
[32, 16, 16, 24]
output dimension of o1 for cell 3 block 0 with input -2 and operation 3x3_max_pool:
[32, 32, 32, 48]
output dimension of o2 for cell 3 block 0 with input -1 and operation 5x5_depth_conv:
[32, 16, 16, 48]
output dimension of o1 for cell 3 block 1 with input -1 and operation 3x3_depth_conv:
[32, 16, 16, 48]
output dimension of o2 for cell 3 block 1 with input -1 and operation 3x3_depth_conv:
[32, 16, 16, 48]
output dimension of o1 for cell 3 block 2 with input 0 and operation 5x5_depth_conv:
[32, 16, 16, 48]
output dimension of o2 for cell 3 block 2 with input -2 and operation 7x7_conv:
[32, 32, 32, 48]
output dimension of o1 for cell 3 block 3 with input 1 and operation 5x5_depth_conv:
[32, 16, 16, 48]
output dimension of o2 for cell 3 block 3 with input 1 and operation 7x7_conv:
[32, 16, 16, 48]
output dimension of o1 for cell 3 block 4 with input 1 and operation 5x5_depth_conv:
[32, 16, 16, 48]
output dimension of o2 for cell 3 block 4 with input 1 and operation 5x5_depth_conv:
[32, 16, 16, 48]
output dimension of o1 for cell 4 block 0 with input -2 and operation 3x3_max_pool:
[32, 16, 16, 48]
output dimension of o2 for cell 4 block 0 with input -1 and operation 5x5_depth_conv:
[32, 16, 16, 48]
output dimension of o1 for cell 4 block 1 with input -1 and operation 3x3_depth_conv:
[32, 16, 16, 48]
output dimension of o2 for cell 4 block 1 with input -1 and operation 3x3_depth_conv:
[32, 16, 16, 48]
output dimension of o1 for cell 4 block 2 with input 0 and operation 5x5_depth_conv:
[32, 16, 16, 48]
output dimension of o2 for cell 4 block 2 with input -2 and operation 7x7_conv:
[32, 16, 16, 48]
output dimension of o1 for cell 4 block 3 with input 1 and operation 5x5_depth_conv:
[32, 16, 16, 48]
output dimension of o2 for cell 4 block 3 with input 1 and operation 7x7_conv:
[32, 16, 16, 48]
output dimension of o1 for cell 4 block 4 with input 1 and operation 5x5_depth_conv:
[32, 16, 16, 48]
output dimension of o2 for cell 4 block 4 with input 1 and operation 5x5_depth_conv:
[32, 16, 16, 48]
output dimension of o1 for cell 5 block 0 with input -2 and operation 3x3_max_pool:
[32, 8, 8, 48]
output dimension of o2 for cell 5 block 0 with input -1 and operation 5x5_depth_conv:
[32, 8, 8, 48]
output dimension of o1 for cell 5 block 1 with input -1 and operation 3x3_depth_conv:
[32, 8, 8, 48]
output dimension of o2 for cell 5 block 1 with input -1 and operation 3x3_depth_conv:
[32, 8, 8, 48]
output dimension of o1 for cell 5 block 2 with input 0 and operation 5x5_depth_conv:
[32, 8, 8, 48]
output dimension of o2 for cell 5 block 2 with input -2 and operation 7x7_conv:
[32, 8, 8, 48]
output dimension of o1 for cell 5 block 3 with input 1 and operation 5x5_depth_conv:
[32, 8, 8, 48]
output dimension of o2 for cell 5 block 3 with input 1 and operation 7x7_conv:
[32, 8, 8, 48]
output dimension of o1 for cell 5 block 4 with input 1 and operation 5x5_depth_conv:
[32, 8, 8, 48]
output dimension of o2 for cell 5 block 4 with input 1 and operation 5x5_depth_conv:
[32, 8, 8, 48]
output dimension of o1 for cell 6 block 0 with input -2 and operation 3x3_max_pool:
[32, 16, 16, 96]
output dimension of o2 for cell 6 block 0 with input -1 and operation 5x5_depth_conv:
[32, 8, 8, 96]
output dimension of o1 for cell 6 block 1 with input -1 and operation 3x3_depth_conv:
[32, 8, 8, 96]
output dimension of o2 for cell 6 block 1 with input -1 and operation 3x3_depth_conv:
[32, 8, 8, 96]
output dimension of o1 for cell 6 block 2 with input 0 and operation 5x5_depth_conv:
[32, 8, 8, 96]
output dimension of o2 for cell 6 block 2 with input -2 and operation 7x7_conv:
[32, 16, 16, 96]
output dimension of o1 for cell 6 block 3 with input 1 and operation 5x5_depth_conv:
[32, 8, 8, 96]
output dimension of o2 for cell 6 block 3 with input 1 and operation 7x7_conv:
[32, 8, 8, 96]
output dimension of o1 for cell 6 block 4 with input 1 and operation 5x5_depth_conv:
[32, 8, 8, 96]
output dimension of o2 for cell 6 block 4 with input 1 and operation 5x5_depth_conv:
[32, 8, 8, 96]
output dimension of o1 for cell 7 block 0 with input -2 and operation 3x3_max_pool:
[32, 8, 8, 96]
output dimension of o2 for cell 7 block 0 with input -1 and operation 5x5_depth_conv:
[32, 8, 8, 96]
output dimension of o1 for cell 7 block 1 with input -1 and operation 3x3_depth_conv:
[32, 8, 8, 96]
output dimension of o2 for cell 7 block 1 with input -1 and operation 3x3_depth_conv:
[32, 8, 8, 96]
output dimension of o1 for cell 7 block 2 with input 0 and operation 5x5_depth_conv:
[32, 8, 8, 96]
output dimension of o2 for cell 7 block 2 with input -2 and operation 7x7_conv:
[32, 8, 8, 96]
output dimension of o1 for cell 7 block 3 with input 1 and operation 5x5_depth_conv:
[32, 8, 8, 96]
output dimension of o2 for cell 7 block 3 with input 1 and operation 7x7_conv:
[32, 8, 8, 96]
output dimension of o1 for cell 7 block 4 with input 1 and operation 5x5_depth_conv:
[32, 8, 8, 96]
output dimension of o2 for cell 7 block 4 with input 1 and operation 5x5_depth_conv:
[32, 8, 8, 96]
final output shape
(32, 288)WARNING:tensorflow:From /home/data/Projects/git_repo/hacone/Spearmint-PESM/examples/cifar10/train_eval_image_classifier_titanx.py:489: softmax_cross_entropy (from tensorflow.contrib.losses.python.losses.loss_ops) is deprecated and will be removed after 2016-12-30.
Instructions for updating:
Use tf.losses.softmax_cross_entropy instead. Note that the order of the logits and labels arguments has been changed.
WARNING:tensorflow:From /home/lile/Projects/.virtualenvs/nn_search/local/lib/python2.7/site-packages/tensorflow/contrib/losses/python/losses/loss_ops.py:398: compute_weighted_loss (from tensorflow.contrib.losses.python.losses.loss_ops) is deprecated and will be removed after 2016-12-30.
Instructions for updating:
Use tf.losses.compute_weighted_loss instead.
WARNING:tensorflow:From /home/lile/Projects/.virtualenvs/nn_search/local/lib/python2.7/site-packages/tensorflow/contrib/losses/python/losses/loss_ops.py:151: add_loss (from tensorflow.contrib.losses.python.losses.loss_ops) is deprecated and will be removed after 2016-12-30.
Instructions for updating:
Use tf.losses.add_loss instead.
INFO:tensorflow:Summary name /clone_loss is illegal; using clone_loss instead.
2019-02-12 05:29:02.097262: I tensorflow/core/platform/cpu_feature_guard.cc:137] Your CPU supports instructions that this TensorFlow binary was not compiled to use: SSE4.1 SSE4.2 AVX AVX2 FMA
2019-02-12 05:29:02.272304: I tensorflow/stream_executor/cuda/cuda_gpu_executor.cc:892] successful NUMA node read from SysFS had negative value (-1), but there must be at least one NUMA node, so returning NUMA node zero
2019-02-12 05:29:02.272956: I tensorflow/core/common_runtime/gpu/gpu_device.cc:1030] Found device 0 with properties: 
name: GeForce GTX 1080 Ti major: 6 minor: 1 memoryClockRate(GHz): 1.582
pciBusID: 0000:41:00.0
totalMemory: 10.91GiB freeMemory: 10.60GiB
2019-02-12 05:29:02.272975: I tensorflow/core/common_runtime/gpu/gpu_device.cc:1120] Creating TensorFlow device (/device:GPU:0) -> (device: 0, name: GeForce GTX 1080 Ti, pci bus id: 0000:41:00.0, compute capability: 6.1)
INFO:tensorflow:Starting Session.
INFO:tensorflow:Saving checkpoint to path /home/lile/Projects/git_repo/hacone/outputs/cifarnet_titanx/_-2_-1_0_4_-1_-1_2_2_0_-2_4_7_1_1_4_7_1_1_4_4/model.ckpt
INFO:tensorflow:Starting Queues.
INFO:tensorflow:global_step/sec: 0
INFO:tensorflow:Recording summary at step 0.
INFO:tensorflow:global step 10: loss = 2.4271 (0.126 sec/step)
INFO:tensorflow:global step 20: loss = 2.3163 (0.126 sec/step)
INFO:tensorflow:global step 30: loss = 2.3784 (0.126 sec/step)
INFO:tensorflow:global step 40: loss = 2.3053 (0.126 sec/step)
INFO:tensorflow:global step 50: loss = 2.3939 (0.125 sec/step)
INFO:tensorflow:global step 60: loss = 2.5978 (0.127 sec/step)
INFO:tensorflow:global step 70: loss = 2.1297 (0.126 sec/step)
INFO:tensorflow:global step 80: loss = 2.4308 (0.127 sec/step)
INFO:tensorflow:global step 90: loss = 2.0419 (0.127 sec/step)
INFO:tensorflow:global step 100: loss = 1.9930 (0.126 sec/step)
INFO:tensorflow:global step 110: loss = 2.5076 (0.127 sec/step)
INFO:tensorflow:global step 120: loss = 2.1828 (0.127 sec/step)
INFO:tensorflow:global step 130: loss = 3.1014 (0.127 sec/step)
INFO:tensorflow:global step 140: loss = 2.5645 (0.126 sec/step)
INFO:tensorflow:global step 150: loss = 1.9997 (0.127 sec/step)
INFO:tensorflow:global step 160: loss = 2.0277 (0.126 sec/step)
INFO:tensorflow:global step 170: loss = 1.9617 (0.126 sec/step)
INFO:tensorflow:global step 180: loss = 2.2362 (0.127 sec/step)
INFO:tensorflow:global step 190: loss = 2.0489 (0.126 sec/step)
INFO:tensorflow:global step 200: loss = 2.1441 (0.126 sec/step)
INFO:tensorflow:global step 210: loss = 1.7974 (0.126 sec/step)
INFO:tensorflow:global step 220: loss = 2.8524 (0.128 sec/step)
INFO:tensorflow:global step 230: loss = 2.0257 (0.124 sec/step)
INFO:tensorflow:global step 240: loss = 2.0042 (0.126 sec/step)
INFO:tensorflow:global step 250: loss = 2.2663 (0.127 sec/step)
INFO:tensorflow:global step 260: loss = 2.1390 (0.126 sec/step)
INFO:tensorflow:global step 270: loss = 1.7611 (0.127 sec/step)
INFO:tensorflow:global step 280: loss = 1.7582 (0.127 sec/step)
INFO:tensorflow:global step 290: loss = 2.0125 (0.127 sec/step)
INFO:tensorflow:global step 300: loss = 2.2518 (0.131 sec/step)
INFO:tensorflow:global step 310: loss = 2.1004 (0.128 sec/step)
INFO:tensorflow:global step 320: loss = 2.4483 (0.127 sec/step)
INFO:tensorflow:global step 330: loss = 2.1501 (0.128 sec/step)
INFO:tensorflow:global step 340: loss = 1.8621 (0.127 sec/step)
INFO:tensorflow:global step 350: loss = 2.1740 (0.130 sec/step)
INFO:tensorflow:global step 360: loss = 1.7703 (0.126 sec/step)
INFO:tensorflow:global step 370: loss = 1.9987 (0.128 sec/step)
INFO:tensorflow:global step 380: loss = 1.8117 (0.127 sec/step)
INFO:tensorflow:global step 390: loss = 2.0274 (0.127 sec/step)
INFO:tensorflow:global step 400: loss = 1.9156 (0.128 sec/step)
INFO:tensorflow:global step 410: loss = 1.7944 (0.126 sec/step)
INFO:tensorflow:global step 420: loss = 2.3067 (0.127 sec/step)
INFO:tensorflow:global step 430: loss = 1.7245 (0.127 sec/step)
INFO:tensorflow:global step 440: loss = 1.7445 (0.128 sec/step)
INFO:tensorflow:global step 450: loss = 1.7790 (0.128 sec/step)
INFO:tensorflow:global step 460: loss = 1.8590 (0.128 sec/step)
INFO:tensorflow:global step 470: loss = 1.8983 (0.128 sec/step)
INFO:tensorflow:global step 480: loss = 1.7405 (0.127 sec/step)
INFO:tensorflow:global step 490: loss = 1.5475 (0.128 sec/step)
INFO:tensorflow:global step 500: loss = 2.1527 (0.128 sec/step)
INFO:tensorflow:global step 510: loss = 2.0699 (0.127 sec/step)
INFO:tensorflow:global step 520: loss = 1.9357 (0.128 sec/step)
INFO:tensorflow:global step 530: loss = 1.6635 (0.127 sec/step)
INFO:tensorflow:global step 540: loss = 1.6694 (0.128 sec/step)
INFO:tensorflow:global step 550: loss = 2.0253 (0.129 sec/step)
INFO:tensorflow:global step 560: loss = 1.5231 (0.128 sec/step)
INFO:tensorflow:global step 570: loss = 1.6460 (0.128 sec/step)
INFO:tensorflow:global step 580: loss = 1.9650 (0.128 sec/step)
INFO:tensorflow:global step 590: loss = 1.4333 (0.128 sec/step)
INFO:tensorflow:global step 600: loss = 1.6799 (0.127 sec/step)
INFO:tensorflow:global step 610: loss = 1.6657 (0.128 sec/step)
INFO:tensorflow:global step 620: loss = 1.7339 (0.128 sec/step)
INFO:tensorflow:global step 630: loss = 1.6792 (0.127 sec/step)
INFO:tensorflow:global step 640: loss = 1.5651 (0.127 sec/step)
INFO:tensorflow:global step 650: loss = 1.5773 (0.128 sec/step)
INFO:tensorflow:global step 660: loss = 1.7539 (0.128 sec/step)
INFO:tensorflow:global step 670: loss = 1.6440 (0.128 sec/step)
INFO:tensorflow:global step 680: loss = 2.0543 (0.128 sec/step)
INFO:tensorflow:global step 690: loss = 1.5977 (0.128 sec/step)
INFO:tensorflow:global step 700: loss = 1.9325 (0.127 sec/step)
INFO:tensorflow:global step 710: loss = 1.9221 (0.128 sec/step)
INFO:tensorflow:global step 720: loss = 1.4728 (0.127 sec/step)
INFO:tensorflow:global step 730: loss = 2.2089 (0.129 sec/step)
INFO:tensorflow:global step 740: loss = 1.6154 (0.128 sec/step)
INFO:tensorflow:global step 750: loss = 1.6613 (0.128 sec/step)
INFO:tensorflow:global step 760: loss = 2.0125 (0.128 sec/step)
INFO:tensorflow:global step 770: loss = 1.7480 (0.128 sec/step)
INFO:tensorflow:global step 780: loss = 1.7669 (0.128 sec/step)
INFO:tensorflow:global step 790: loss = 1.7712 (0.128 sec/step)
INFO:tensorflow:global step 800: loss = 1.8114 (0.128 sec/step)
INFO:tensorflow:global step 810: loss = 1.6112 (0.128 sec/step)
INFO:tensorflow:global step 820: loss = 1.6136 (0.128 sec/step)
INFO:tensorflow:global step 830: loss = 1.9196 (0.127 sec/step)
INFO:tensorflow:global step 840: loss = 1.6537 (0.127 sec/step)
INFO:tensorflow:global step 850: loss = 1.9071 (0.128 sec/step)
INFO:tensorflow:global step 860: loss = 1.4759 (0.130 sec/step)
INFO:tensorflow:global step 870: loss = 1.3520 (0.127 sec/step)
INFO:tensorflow:global step 880: loss = 1.3393 (0.129 sec/step)
INFO:tensorflow:global step 890: loss = 1.4844 (0.127 sec/step)
INFO:tensorflow:global step 900: loss = 1.4783 (0.128 sec/step)
INFO:tensorflow:global step 910: loss = 1.4832 (0.127 sec/step)
INFO:tensorflow:global step 920: loss = 1.4872 (0.128 sec/step)
INFO:tensorflow:global step 930: loss = 1.5083 (0.127 sec/step)
INFO:tensorflow:global step 940: loss = 1.3141 (0.128 sec/step)
INFO:tensorflow:global step 950: loss = 1.4285 (0.129 sec/step)
INFO:tensorflow:global step 960: loss = 1.3317 (0.128 sec/step)
INFO:tensorflow:global step 970: loss = 1.6593 (0.128 sec/step)
INFO:tensorflow:global step 980: loss = 1.2941 (0.128 sec/step)
INFO:tensorflow:global step 990: loss = 1.1323 (0.129 sec/step)
INFO:tensorflow:global step 1000: loss = 1.0885 (0.128 sec/step)
INFO:tensorflow:global step 1010: loss = 1.6031 (0.127 sec/step)
INFO:tensorflow:global step 1020: loss = 1.3252 (0.128 sec/step)
INFO:tensorflow:global step 1030: loss = 1.6131 (0.128 sec/step)
INFO:tensorflow:global step 1040: loss = 1.4881 (0.128 sec/step)
INFO:tensorflow:global step 1050: loss = 1.6417 (0.128 sec/step)
INFO:tensorflow:global step 1060: loss = 1.3038 (0.128 sec/step)
INFO:tensorflow:global step 1070: loss = 1.4907 (0.128 sec/step)
INFO:tensorflow:global step 1080: loss = 1.3658 (0.128 sec/step)
INFO:tensorflow:global step 1090: loss = 2.0975 (0.127 sec/step)
INFO:tensorflow:global step 1100: loss = 1.6919 (0.128 sec/step)
INFO:tensorflow:global step 1110: loss = 1.4218 (0.131 sec/step)
INFO:tensorflow:global step 1120: loss = 1.5506 (0.130 sec/step)
INFO:tensorflow:global step 1130: loss = 1.6282 (0.130 sec/step)
INFO:tensorflow:global step 1140: loss = 1.5874 (0.127 sec/step)
INFO:tensorflow:global step 1150: loss = 1.5497 (0.128 sec/step)
INFO:tensorflow:global step 1160: loss = 1.5807 (0.129 sec/step)
INFO:tensorflow:global step 1170: loss = 1.4985 (0.130 sec/step)
INFO:tensorflow:global step 1180: loss = 1.1784 (0.129 sec/step)
INFO:tensorflow:global step 1190: loss = 1.4717 (0.130 sec/step)
INFO:tensorflow:global step 1200: loss = 1.6841 (0.134 sec/step)
INFO:tensorflow:global step 1210: loss = 1.1341 (0.131 sec/step)
INFO:tensorflow:global step 1220: loss = 1.5425 (0.130 sec/step)
INFO:tensorflow:global step 1230: loss = 1.3865 (0.149 sec/step)
INFO:tensorflow:global step 1240: loss = 1.5798 (0.129 sec/step)
INFO:tensorflow:global step 1250: loss = 1.4605 (0.128 sec/step)
INFO:tensorflow:global step 1260: loss = 1.4479 (0.127 sec/step)
INFO:tensorflow:global step 1270: loss = 1.2600 (0.128 sec/step)
INFO:tensorflow:global step 1280: loss = 1.7504 (0.130 sec/step)
INFO:tensorflow:global step 1290: loss = 1.0225 (0.129 sec/step)
INFO:tensorflow:global step 1300: loss = 1.4717 (0.128 sec/step)
INFO:tensorflow:global step 1310: loss = 1.1067 (0.127 sec/step)
INFO:tensorflow:global step 1320: loss = 0.8698 (0.128 sec/step)
INFO:tensorflow:global step 1330: loss = 1.5393 (0.131 sec/step)
INFO:tensorflow:global step 1340: loss = 1.1086 (0.127 sec/step)
INFO:tensorflow:global step 1350: loss = 1.1176 (0.128 sec/step)
INFO:tensorflow:global step 1360: loss = 1.1180 (0.130 sec/step)
INFO:tensorflow:global step 1370: loss = 1.0946 (0.130 sec/step)
INFO:tensorflow:global step 1380: loss = 1.2762 (0.129 sec/step)
INFO:tensorflow:global step 1390: loss = 0.9568 (0.130 sec/step)
INFO:tensorflow:global step 1400: loss = 1.3985 (0.129 sec/step)
INFO:tensorflow:global step 1410: loss = 1.1276 (0.166 sec/step)
INFO:tensorflow:global step 1420: loss = 1.3791 (0.130 sec/step)
INFO:tensorflow:global step 1430: loss = 0.9651 (0.131 sec/step)
INFO:tensorflow:global step 1440: loss = 1.2729 (0.133 sec/step)
INFO:tensorflow:global step 1450: loss = 1.1925 (0.127 sec/step)
INFO:tensorflow:global step 1460: loss = 1.0663 (0.128 sec/step)
INFO:tensorflow:global step 1470: loss = 1.6125 (0.127 sec/step)
INFO:tensorflow:global step 1480: loss = 1.7077 (0.126 sec/step)
INFO:tensorflow:global step 1490: loss = 1.2845 (0.126 sec/step)
INFO:tensorflow:global step 1500: loss = 1.4895 (0.127 sec/step)
INFO:tensorflow:global step 1510: loss = 1.4512 (0.127 sec/step)
INFO:tensorflow:global step 1520: loss = 1.3389 (0.127 sec/step)
INFO:tensorflow:global step 1530: loss = 1.2109 (0.127 sec/step)
INFO:tensorflow:global step 1540: loss = 1.5330 (0.128 sec/step)
INFO:tensorflow:global step 1550: loss = 1.0284 (0.126 sec/step)
INFO:tensorflow:global step 1560: loss = 1.4546 (0.144 sec/step)
INFO:tensorflow:global step 1570: loss = 1.1084 (0.130 sec/step)
INFO:tensorflow:global step 1580: loss = 1.3002 (0.129 sec/step)
INFO:tensorflow:global step 1590: loss = 1.3147 (0.131 sec/step)
INFO:tensorflow:global step 1600: loss = 1.3363 (0.129 sec/step)
INFO:tensorflow:global step 1610: loss = 1.3126 (0.134 sec/step)
INFO:tensorflow:global step 1620: loss = 1.4465 (0.129 sec/step)
INFO:tensorflow:global step 1630: loss = 1.4665 (0.130 sec/step)
INFO:tensorflow:global step 1640: loss = 1.3145 (0.130 sec/step)
INFO:tensorflow:global step 1650: loss = 1.2991 (0.128 sec/step)
INFO:tensorflow:global step 1660: loss = 1.6080 (0.128 sec/step)
INFO:tensorflow:global step 1670: loss = 1.4079 (0.126 sec/step)
INFO:tensorflow:global step 1680: loss = 1.0661 (0.127 sec/step)
INFO:tensorflow:global step 1690: loss = 1.1976 (0.127 sec/step)
INFO:tensorflow:global step 1700: loss = 1.0878 (0.127 sec/step)
INFO:tensorflow:global step 1710: loss = 1.2363 (0.128 sec/step)
INFO:tensorflow:global step 1720: loss = 1.6608 (0.126 sec/step)
INFO:tensorflow:global step 1730: loss = 1.2969 (0.128 sec/step)
INFO:tensorflow:global step 1740: loss = 1.4836 (0.128 sec/step)
INFO:tensorflow:global step 1750: loss = 1.3880 (0.128 sec/step)
INFO:tensorflow:global step 1760: loss = 1.1907 (0.134 sec/step)
INFO:tensorflow:global step 1770: loss = 1.3025 (0.130 sec/step)
INFO:tensorflow:global step 1780: loss = 1.4630 (0.128 sec/step)
INFO:tensorflow:global step 1790: loss = 1.1265 (0.127 sec/step)
INFO:tensorflow:global step 1800: loss = 1.1536 (0.129 sec/step)
INFO:tensorflow:global step 1810: loss = 1.1853 (0.134 sec/step)
INFO:tensorflow:global step 1820: loss = 1.3164 (0.129 sec/step)
INFO:tensorflow:global step 1830: loss = 1.2675 (0.129 sec/step)
INFO:tensorflow:global step 1840: loss = 1.4167 (0.132 sec/step)
INFO:tensorflow:global step 1850: loss = 1.2173 (0.129 sec/step)
INFO:tensorflow:global step 1860: loss = 1.2232 (0.128 sec/step)
INFO:tensorflow:global step 1870: loss = 1.0798 (0.127 sec/step)
INFO:tensorflow:global step 1880: loss = 1.1451 (0.127 sec/step)
INFO:tensorflow:global step 1890: loss = 0.9720 (0.127 sec/step)
INFO:tensorflow:global step 1900: loss = 1.4996 (0.128 sec/step)
INFO:tensorflow:global step 1910: loss = 1.3124 (0.127 sec/step)
INFO:tensorflow:global step 1920: loss = 1.7114 (0.128 sec/step)
INFO:tensorflow:global step 1930: loss = 1.1919 (0.128 sec/step)
INFO:tensorflow:global step 1940: loss = 1.3473 (0.128 sec/step)
INFO:tensorflow:global step 1950: loss = 0.8757 (0.128 sec/step)
INFO:tensorflow:global step 1960: loss = 1.2883 (0.130 sec/step)
INFO:tensorflow:global step 1970: loss = 1.1076 (0.131 sec/step)
INFO:tensorflow:global step 1980: loss = 1.1896 (0.139 sec/step)
INFO:tensorflow:global step 1990: loss = 1.3047 (0.129 sec/step)
INFO:tensorflow:global step 2000: loss = 1.0716 (0.128 sec/step)
INFO:tensorflow:global step 2010: loss = 1.0440 (0.129 sec/step)
INFO:tensorflow:global step 2020: loss = 1.1015 (0.128 sec/step)
INFO:tensorflow:global step 2030: loss = 1.3969 (0.131 sec/step)
INFO:tensorflow:global step 2040: loss = 1.0473 (0.131 sec/step)
INFO:tensorflow:global step 2050: loss = 0.8721 (0.129 sec/step)
INFO:tensorflow:global step 2060: loss = 1.4142 (0.126 sec/step)
INFO:tensorflow:global step 2070: loss = 0.9231 (0.127 sec/step)
INFO:tensorflow:global step 2080: loss = 1.7205 (0.127 sec/step)
INFO:tensorflow:global step 2090: loss = 1.1807 (0.128 sec/step)
INFO:tensorflow:global step 2100: loss = 1.7144 (0.128 sec/step)
INFO:tensorflow:global step 2110: loss = 1.0012 (0.127 sec/step)
INFO:tensorflow:global step 2120: loss = 0.6808 (0.128 sec/step)
INFO:tensorflow:global step 2130: loss = 1.0093 (0.130 sec/step)
INFO:tensorflow:global step 2140: loss = 1.1303 (0.127 sec/step)
INFO:tensorflow:global step 2150: loss = 1.0599 (0.127 sec/step)
INFO:tensorflow:global step 2160: loss = 1.6538 (0.130 sec/step)
INFO:tensorflow:global step 2170: loss = 1.0106 (0.129 sec/step)
INFO:tensorflow:global step 2180: loss = 1.1656 (0.129 sec/step)
INFO:tensorflow:global step 2190: loss = 0.8484 (0.130 sec/step)
INFO:tensorflow:global step 2200: loss = 1.0803 (0.128 sec/step)
INFO:tensorflow:global step 2210: loss = 0.8525 (0.129 sec/step)
INFO:tensorflow:global step 2220: loss = 1.2082 (0.130 sec/step)
INFO:tensorflow:global step 2230: loss = 1.0246 (0.135 sec/step)
INFO:tensorflow:global step 2240: loss = 0.9756 (0.143 sec/step)
INFO:tensorflow:global step 2250: loss = 1.1411 (0.127 sec/step)
INFO:tensorflow:global step 2260: loss = 1.5321 (0.127 sec/step)
INFO:tensorflow:global step 2270: loss = 1.1468 (0.127 sec/step)
INFO:tensorflow:global step 2280: loss = 0.9744 (0.127 sec/step)
INFO:tensorflow:global step 2290: loss = 0.9875 (0.126 sec/step)
INFO:tensorflow:global step 2300: loss = 1.3618 (0.127 sec/step)
INFO:tensorflow:global step 2310: loss = 1.1809 (0.127 sec/step)
INFO:tensorflow:global step 2320: loss = 1.3266 (0.128 sec/step)
INFO:tensorflow:global step 2330: loss = 1.1396 (0.128 sec/step)
INFO:tensorflow:global step 2340: loss = 0.9401 (0.127 sec/step)
INFO:tensorflow:global step 2350: loss = 1.3535 (0.128 sec/step)
INFO:tensorflow:global step 2360: loss = 1.2878 (0.130 sec/step)
INFO:tensorflow:global step 2370: loss = 1.3266 (0.129 sec/step)
INFO:tensorflow:global step 2380: loss = 0.9133 (0.128 sec/step)
INFO:tensorflow:global step 2390: loss = 1.0499 (0.131 sec/step)
INFO:tensorflow:global step 2400: loss = 0.9790 (0.129 sec/step)
INFO:tensorflow:global step 2410: loss = 1.2902 (0.130 sec/step)
INFO:tensorflow:global step 2420: loss = 1.1922 (0.129 sec/step)
INFO:tensorflow:global step 2430: loss = 0.8445 (0.134 sec/step)
INFO:tensorflow:global step 2440: loss = 0.8481 (0.127 sec/step)
INFO:tensorflow:global step 2450: loss = 1.0303 (0.126 sec/step)
INFO:tensorflow:global step 2460: loss = 0.8921 (0.127 sec/step)
INFO:tensorflow:global step 2470: loss = 0.9754 (0.126 sec/step)
INFO:tensorflow:global step 2480: loss = 1.0919 (0.126 sec/step)
INFO:tensorflow:global step 2490: loss = 1.2594 (0.127 sec/step)
INFO:tensorflow:global step 2500: loss = 1.1800 (0.126 sec/step)
INFO:tensorflow:global step 2510: loss = 1.2457 (0.127 sec/step)
INFO:tensorflow:global step 2520: loss = 0.5996 (0.128 sec/step)
INFO:tensorflow:global step 2530: loss = 0.8862 (0.128 sec/step)
INFO:tensorflow:global step 2540: loss = 1.1140 (0.127 sec/step)
INFO:tensorflow:global step 2550: loss = 0.6350 (0.128 sec/step)
INFO:tensorflow:global step 2560: loss = 0.9037 (0.131 sec/step)
INFO:tensorflow:global step 2570: loss = 1.1425 (0.130 sec/step)
INFO:tensorflow:global step 2580: loss = 0.6190 (0.130 sec/step)
INFO:tensorflow:global step 2590: loss = 1.1718 (0.129 sec/step)
INFO:tensorflow:global step 2600: loss = 1.0619 (0.130 sec/step)
INFO:tensorflow:global step 2610: loss = 1.1251 (0.153 sec/step)
INFO:tensorflow:global step 2620: loss = 0.9038 (0.130 sec/step)
INFO:tensorflow:global step 2630: loss = 1.4150 (0.130 sec/step)
INFO:tensorflow:global step 2640: loss = 0.7904 (0.130 sec/step)
INFO:tensorflow:global step 2650: loss = 1.2541 (0.127 sec/step)
INFO:tensorflow:global step 2660: loss = 0.9896 (0.127 sec/step)
INFO:tensorflow:global step 2670: loss = 1.0315 (0.128 sec/step)
INFO:tensorflow:global step 2680: loss = 1.2461 (0.127 sec/step)
INFO:tensorflow:global step 2690: loss = 1.1805 (0.128 sec/step)
INFO:tensorflow:global step 2700: loss = 0.9267 (0.128 sec/step)
INFO:tensorflow:global step 2710: loss = 1.2057 (0.127 sec/step)
INFO:tensorflow:global step 2720: loss = 1.0364 (0.127 sec/step)
INFO:tensorflow:global step 2730: loss = 1.0102 (0.129 sec/step)
INFO:tensorflow:global step 2740: loss = 1.2003 (0.128 sec/step)
INFO:tensorflow:global step 2750: loss = 0.7400 (0.128 sec/step)
INFO:tensorflow:global step 2760: loss = 1.1601 (0.129 sec/step)
INFO:tensorflow:global step 2770: loss = 0.9619 (0.130 sec/step)
INFO:tensorflow:global step 2780: loss = 1.0966 (0.132 sec/step)
INFO:tensorflow:global step 2790: loss = 1.0808 (0.129 sec/step)
INFO:tensorflow:global step 2800: loss = 0.8828 (0.128 sec/step)
INFO:tensorflow:global step 2810: loss = 0.6085 (0.130 sec/step)
INFO:tensorflow:global step 2820: loss = 1.1861 (0.129 sec/step)
INFO:tensorflow:global step 2830: loss = 1.1572 (0.129 sec/step)
INFO:tensorflow:global step 2840: loss = 1.1567 (0.129 sec/step)
INFO:tensorflow:global step 2850: loss = 1.0769 (0.130 sec/step)
INFO:tensorflow:global step 2860: loss = 0.8575 (0.127 sec/step)
INFO:tensorflow:global step 2870: loss = 0.7937 (0.128 sec/step)
INFO:tensorflow:global step 2880: loss = 1.0435 (0.127 sec/step)
INFO:tensorflow:global step 2890: loss = 0.9467 (0.128 sec/step)
INFO:tensorflow:global step 2900: loss = 1.3557 (0.127 sec/step)
INFO:tensorflow:global step 2910: loss = 0.8166 (0.127 sec/step)
INFO:tensorflow:global step 2920: loss = 0.8912 (0.128 sec/step)
INFO:tensorflow:global step 2930: loss = 1.2978 (0.127 sec/step)
INFO:tensorflow:global step 2940: loss = 1.3459 (0.130 sec/step)
INFO:tensorflow:global step 2950: loss = 1.0882 (0.127 sec/step)
INFO:tensorflow:global step 2960: loss = 0.6729 (0.129 sec/step)
INFO:tensorflow:global step 2970: loss = 0.6276 (0.130 sec/step)
INFO:tensorflow:global step 2980: loss = 0.9510 (0.130 sec/step)
INFO:tensorflow:global step 2990: loss = 0.9841 (0.130 sec/step)
INFO:tensorflow:global step 3000: loss = 1.0799 (0.130 sec/step)
INFO:tensorflow:global step 3010: loss = 1.0344 (0.128 sec/step)
INFO:tensorflow:global step 3020: loss = 1.0651 (0.130 sec/step)
INFO:tensorflow:global step 3030: loss = 1.0630 (0.141 sec/step)
INFO:tensorflow:global step 3040: loss = 1.0598 (0.132 sec/step)
INFO:tensorflow:global step 3050: loss = 0.8137 (0.130 sec/step)
INFO:tensorflow:global step 3060: loss = 0.9385 (0.126 sec/step)
INFO:tensorflow:global step 3070: loss = 1.1169 (0.127 sec/step)
INFO:tensorflow:global step 3080: loss = 0.8118 (0.127 sec/step)
INFO:tensorflow:global step 3090: loss = 1.1884 (0.128 sec/step)
INFO:tensorflow:global step 3100: loss = 0.6912 (0.128 sec/step)
INFO:tensorflow:global step 3110: loss = 1.2107 (0.127 sec/step)
INFO:tensorflow:global step 3120: loss = 1.3732 (0.128 sec/step)
INFO:tensorflow:global step 3130: loss = 1.1884 (0.126 sec/step)
INFO:tensorflow:global step 3140: loss = 0.6863 (0.127 sec/step)
INFO:tensorflow:global step 3150: loss = 0.7744 (0.128 sec/step)
INFO:tensorflow:global step 3160: loss = 0.8015 (0.127 sec/step)
INFO:tensorflow:global step 3170: loss = 0.9064 (0.127 sec/step)
INFO:tensorflow:global step 3180: loss = 0.8495 (0.126 sec/step)
INFO:tensorflow:global step 3190: loss = 1.0606 (0.127 sec/step)
INFO:tensorflow:global step 3200: loss = 1.1286 (0.127 sec/step)
INFO:tensorflow:global step 3210: loss = 1.1421 (0.127 sec/step)
INFO:tensorflow:global step 3220: loss = 0.6428 (0.127 sec/step)
INFO:tensorflow:global step 3230: loss = 0.7918 (0.127 sec/step)
INFO:tensorflow:global step 3240: loss = 0.7997 (0.127 sec/step)
INFO:tensorflow:global step 3250: loss = 1.0831 (0.127 sec/step)
INFO:tensorflow:global step 3260: loss = 1.0624 (0.128 sec/step)
INFO:tensorflow:global step 3270: loss = 1.0820 (0.129 sec/step)
INFO:tensorflow:global step 3280: loss = 0.7258 (0.127 sec/step)
INFO:tensorflow:global step 3290: loss = 1.3466 (0.128 sec/step)
INFO:tensorflow:global step 3300: loss = 0.6572 (0.127 sec/step)
INFO:tensorflow:global step 3310: loss = 0.9283 (0.128 sec/step)
INFO:tensorflow:global step 3320: loss = 1.2557 (0.131 sec/step)
INFO:tensorflow:global step 3330: loss = 0.6201 (0.127 sec/step)
INFO:tensorflow:global step 3340: loss = 1.1141 (0.128 sec/step)
INFO:tensorflow:global step 3350: loss = 1.2122 (0.128 sec/step)
INFO:tensorflow:global step 3360: loss = 1.3280 (0.128 sec/step)
INFO:tensorflow:global step 3370: loss = 0.8167 (0.128 sec/step)
INFO:tensorflow:global step 3380: loss = 0.9387 (0.128 sec/step)
INFO:tensorflow:global step 3390: loss = 0.6307 (0.128 sec/step)
INFO:tensorflow:global step 3400: loss = 0.9911 (0.128 sec/step)
INFO:tensorflow:global step 3410: loss = 1.0092 (0.128 sec/step)
INFO:tensorflow:global step 3420: loss = 1.4845 (0.128 sec/step)
INFO:tensorflow:global step 3430: loss = 0.9544 (0.128 sec/step)
INFO:tensorflow:global step 3440: loss = 1.2289 (0.127 sec/step)
INFO:tensorflow:global step 3450: loss = 0.7503 (0.128 sec/step)
INFO:tensorflow:global step 3460: loss = 0.9577 (0.128 sec/step)
INFO:tensorflow:global step 3470: loss = 0.7886 (0.127 sec/step)
INFO:tensorflow:global step 3480: loss = 0.9009 (0.129 sec/step)
INFO:tensorflow:global step 3490: loss = 0.6101 (0.127 sec/step)
INFO:tensorflow:global step 3500: loss = 1.0542 (0.129 sec/step)
INFO:tensorflow:global step 3510: loss = 0.9390 (0.129 sec/step)
INFO:tensorflow:global step 3520: loss = 1.3975 (0.127 sec/step)
INFO:tensorflow:global step 3530: loss = 0.8274 (0.130 sec/step)
INFO:tensorflow:global step 3540: loss = 1.0802 (0.128 sec/step)
INFO:tensorflow:global step 3550: loss = 1.0898 (0.127 sec/step)
INFO:tensorflow:global step 3560: loss = 0.6432 (0.127 sec/step)
INFO:tensorflow:global step 3570: loss = 1.1492 (0.130 sec/step)
INFO:tensorflow:global step 3580: loss = 1.1143 (0.128 sec/step)
INFO:tensorflow:global step 3590: loss = 1.1223 (0.127 sec/step)
INFO:tensorflow:global step 3600: loss = 0.9367 (0.127 sec/step)
INFO:tensorflow:global step 3610: loss = 0.7988 (0.128 sec/step)
INFO:tensorflow:global step 3620: loss = 1.0272 (0.128 sec/step)
INFO:tensorflow:global step 3630: loss = 0.7976 (0.128 sec/step)
INFO:tensorflow:global step 3640: loss = 1.0932 (0.127 sec/step)
INFO:tensorflow:global step 3650: loss = 1.1080 (0.127 sec/step)
INFO:tensorflow:global step 3660: loss = 0.8281 (0.128 sec/step)
INFO:tensorflow:global step 3670: loss = 0.9877 (0.128 sec/step)
INFO:tensorflow:global step 3680: loss = 1.0348 (0.127 sec/step)
INFO:tensorflow:global step 3690: loss = 0.6202 (0.128 sec/step)
INFO:tensorflow:global step 3700: loss = 0.8345 (0.129 sec/step)
INFO:tensorflow:global step 3710: loss = 1.2052 (0.128 sec/step)
INFO:tensorflow:global step 3720: loss = 1.1931 (0.128 sec/step)
INFO:tensorflow:global step 3730: loss = 1.0129 (0.128 sec/step)
INFO:tensorflow:global step 3740: loss = 0.9901 (0.129 sec/step)
INFO:tensorflow:global step 3750: loss = 0.8924 (0.129 sec/step)
INFO:tensorflow:global step 3760: loss = 1.0978 (0.128 sec/step)
INFO:tensorflow:global step 3770: loss = 1.3000 (0.129 sec/step)
INFO:tensorflow:global step 3780: loss = 1.1929 (0.129 sec/step)
INFO:tensorflow:global step 3790: loss = 0.8603 (0.127 sec/step)
INFO:tensorflow:global step 3800: loss = 0.7458 (0.127 sec/step)
INFO:tensorflow:global step 3810: loss = 1.1814 (0.129 sec/step)
INFO:tensorflow:global step 3820: loss = 0.9048 (0.127 sec/step)
INFO:tensorflow:global step 3830: loss = 0.9117 (0.127 sec/step)
INFO:tensorflow:global step 3840: loss = 1.1883 (0.128 sec/step)
INFO:tensorflow:global step 3850: loss = 0.7783 (0.127 sec/step)
INFO:tensorflow:global step 3860: loss = 0.9538 (0.128 sec/step)
INFO:tensorflow:global step 3870: loss = 1.2885 (0.130 sec/step)
INFO:tensorflow:global step 3880: loss = 1.0481 (0.128 sec/step)
INFO:tensorflow:global step 3890: loss = 0.8467 (0.126 sec/step)
INFO:tensorflow:global step 3900: loss = 0.9212 (0.129 sec/step)
INFO:tensorflow:global step 3910: loss = 0.8521 (0.129 sec/step)
INFO:tensorflow:global step 3920: loss = 0.7676 (0.130 sec/step)
INFO:tensorflow:global step 3930: loss = 0.5342 (0.127 sec/step)
INFO:tensorflow:global step 3940: loss = 0.6381 (0.126 sec/step)
INFO:tensorflow:global step 3950: loss = 0.6399 (0.127 sec/step)
INFO:tensorflow:global step 3960: loss = 0.7491 (0.128 sec/step)
INFO:tensorflow:global step 3970: loss = 1.1194 (0.129 sec/step)
INFO:tensorflow:global step 3980: loss = 0.5519 (0.128 sec/step)
INFO:tensorflow:global step 3990: loss = 0.8157 (0.129 sec/step)
INFO:tensorflow:global step 4000: loss = 0.5877 (0.129 sec/step)
INFO:tensorflow:global step 4010: loss = 0.6569 (0.128 sec/step)
INFO:tensorflow:global step 4020: loss = 0.8644 (0.129 sec/step)
INFO:tensorflow:global step 4030: loss = 1.0164 (0.130 sec/step)
INFO:tensorflow:global step 4040: loss = 0.9909 (0.127 sec/step)
INFO:tensorflow:global step 4050: loss = 1.0654 (0.129 sec/step)
INFO:tensorflow:global step 4060: loss = 1.2439 (0.128 sec/step)
INFO:tensorflow:global step 4070: loss = 1.0456 (0.128 sec/step)
INFO:tensorflow:global step 4080: loss = 1.2448 (0.128 sec/step)
INFO:tensorflow:global step 4090: loss = 0.4188 (0.127 sec/step)
INFO:tensorflow:global step 4100: loss = 0.8308 (0.129 sec/step)
INFO:tensorflow:global step 4110: loss = 0.8356 (0.127 sec/step)
INFO:tensorflow:global step 4120: loss = 0.9903 (0.129 sec/step)
INFO:tensorflow:global step 4130: loss = 1.0657 (0.129 sec/step)
INFO:tensorflow:global step 4140: loss = 1.1799 (0.128 sec/step)
INFO:tensorflow:global step 4150: loss = 0.7296 (0.129 sec/step)
INFO:tensorflow:global step 4160: loss = 0.9335 (0.129 sec/step)
INFO:tensorflow:global step 4170: loss = 0.8825 (0.127 sec/step)
INFO:tensorflow:global step 4180: loss = 0.6656 (0.128 sec/step)
INFO:tensorflow:global step 4190: loss = 0.8584 (0.127 sec/step)
INFO:tensorflow:global step 4200: loss = 1.6864 (0.130 sec/step)
INFO:tensorflow:global step 4210: loss = 0.7087 (0.128 sec/step)
INFO:tensorflow:global step 4220: loss = 0.9784 (0.128 sec/step)
INFO:tensorflow:global step 4230: loss = 0.8554 (0.128 sec/step)
INFO:tensorflow:global step 4240: loss = 0.7475 (0.129 sec/step)
INFO:tensorflow:global step 4250: loss = 0.8434 (0.128 sec/step)
INFO:tensorflow:global step 4260: loss = 0.7507 (0.126 sec/step)
INFO:tensorflow:global step 4270: loss = 1.1937 (0.128 sec/step)
INFO:tensorflow:global step 4280: loss = 0.9251 (0.129 sec/step)
INFO:tensorflow:global step 4290: loss = 0.9573 (0.128 sec/step)
INFO:tensorflow:global step 4300: loss = 0.6660 (0.128 sec/step)
INFO:tensorflow:global step 4310: loss = 1.0099 (0.128 sec/step)
INFO:tensorflow:global step 4320: loss = 0.8947 (0.128 sec/step)
INFO:tensorflow:global step 4330: loss = 0.6937 (0.126 sec/step)
INFO:tensorflow:global step 4340: loss = 0.5125 (0.127 sec/step)
INFO:tensorflow:global step 4350: loss = 0.9206 (0.127 sec/step)
INFO:tensorflow:global step 4360: loss = 0.8563 (0.128 sec/step)
INFO:tensorflow:global step 4370: loss = 0.6414 (0.127 sec/step)
INFO:tensorflow:global step 4380: loss = 0.8590 (0.130 sec/step)
INFO:tensorflow:global step 4390: loss = 0.5567 (0.129 sec/step)
INFO:tensorflow:global step 4400: loss = 0.6595 (0.127 sec/step)
INFO:tensorflow:global step 4410: loss = 0.6402 (0.129 sec/step)
INFO:tensorflow:global step 4420: loss = 1.1977 (0.126 sec/step)
INFO:tensorflow:global step 4430: loss = 0.6652 (0.128 sec/step)
INFO:tensorflow:global step 4440: loss = 1.5275 (0.128 sec/step)
INFO:tensorflow:global step 4450: loss = 1.1762 (0.128 sec/step)
INFO:tensorflow:global step 4460: loss = 1.0643 (0.127 sec/step)
INFO:tensorflow:global step 4470: loss = 0.7173 (0.128 sec/step)
INFO:tensorflow:global step 4480: loss = 0.8903 (0.130 sec/step)
INFO:tensorflow:global step 4490: loss = 0.8768 (0.130 sec/step)
INFO:tensorflow:global step 4500: loss = 1.2892 (0.127 sec/step)
INFO:tensorflow:global step 4510: loss = 0.8821 (0.129 sec/step)
INFO:tensorflow:global step 4520: loss = 0.8825 (0.127 sec/step)
INFO:tensorflow:global step 4530: loss = 0.6253 (0.127 sec/step)
INFO:tensorflow:global step 4540: loss = 0.8784 (0.127 sec/step)
INFO:tensorflow:global step 4550: loss = 0.8010 (0.128 sec/step)
INFO:tensorflow:global step 4560: loss = 0.7367 (0.129 sec/step)
INFO:tensorflow:global step 4570: loss = 0.8503 (0.129 sec/step)
INFO:tensorflow:global step 4580: loss = 0.8559 (0.128 sec/step)
INFO:tensorflow:global step 4590: loss = 0.7339 (0.127 sec/step)
INFO:tensorflow:global step 4600: loss = 0.7793 (0.129 sec/step)
INFO:tensorflow:global step 4610: loss = 0.5869 (0.130 sec/step)
INFO:tensorflow:Saving checkpoint to path /home/lile/Projects/git_repo/hacone/outputs/cifarnet_titanx/_-2_-1_0_4_-1_-1_2_2_0_-2_4_7_1_1_4_7_1_1_4_4/model.ckpt
INFO:tensorflow:Recording summary at step 4618.
INFO:tensorflow:global_step/sec: 7.71032

Aborted (core dumped)
