Job launching after 0.36 seconds in submission.
Running python job.
Changed into dir /home/data/Projects/git_repo/hacone/Spearmint-PESM/examples/cifar10
Importing train_eval_image_classifier_titanx.py
Running train_eval_image_classifier_titanx.main()
WARNING:tensorflow:From /home/data/Projects/git_repo/hacone/Spearmint-PESM/examples/cifar10/train_eval_image_classifier_titanx.py:419: create_global_step (from tensorflow.contrib.framework.python.ops.variables) is deprecated and will be removed in a future version.
Instructions for updating:
Please switch to tf.train.create_global_step
_-1_-1_0_0_0_-2_0_1_-2_0_4_0_-2_-2_1_0_-2_3_1_2
[-1, -1, 0, 0, 0, -2, 0, 1, -2, 0, 4, 0, -2, -2, 1, 0, -2, 3, 1, 2]
train model
cifar10
output dimension of o1 for cell 0 block 0 with input -1 and operation 3x3_max_pool:
[32, 32, 32, 24]
output dimension of o2 for cell 0 block 0 with input -1 and operation 3x3_max_pool:
[32, 32, 32, 24]

Identity conv2D

output dimension of o1 for cell 0 block 1 with input 0 and operation 3x3_max_pool:
[32, 32, 32, 24]
output dimension of o2 for cell 0 block 1 with input -2 and operation identity:
[32, 32, 32, 24]
output dimension of o1 for cell 0 block 2 with input -2 and operation 5x5_depth_conv:
[32, 32, 32, 24]
output dimension of o2 for cell 0 block 2 with input 0 and operation 3x3_max_pool:
[32, 32, 32, 24]

Identity conv2D

output dimension of o1 for cell 0 block 3 with input -2 and operation identity:
[32, 32, 32, 24]
output dimension of o2 for cell 0 block 3 with input -2 and operation 3x3_max_pool:
[32, 32, 32, 24]

Identity conv2D

output dimension of o1 for cell 0 block 4 with input -2 and operation identity:
[32, 32, 32, 24]
output dimension of o2 for cell 0 block 4 with input 3 and operation 3x3_depth_conv:
[32, 32, 32, 24]
output dimension of o1 for cell 1 block 0 with input -1 and operation 3x3_max_pool:
[32, 32, 32, 24]
output dimension of o2 for cell 1 block 0 with input -1 and operation 3x3_max_pool:
[32, 32, 32, 24]

Identity conv2D

output dimension of o1 for cell 1 block 1 with input 0 and operation 3x3_max_pool:
[32, 32, 32, 24]
output dimension of o2 for cell 1 block 1 with input -2 and operation identity:
[32, 32, 32, 24]
output dimension of o1 for cell 1 block 2 with input -2 and operation 5x5_depth_conv:
[32, 32, 32, 24]
output dimension of o2 for cell 1 block 2 with input 0 and operation 3x3_max_pool:
[32, 32, 32, 24]

Identity conv2D

output dimension of o1 for cell 1 block 3 with input -2 and operation identity:
[32, 32, 32, 24]
output dimension of o2 for cell 1 block 3 with input -2 and operation 3x3_max_pool:
[32, 32, 32, 24]

Identity conv2D

output dimension of o1 for cell 1 block 4 with input -2 and operation identity:
[32, 32, 32, 24]
output dimension of o2 for cell 1 block 4 with input 3 and operation 3x3_depth_conv:
[32, 32, 32, 24]
output dimension of o1 for cell 2 block 0 with input -1 and operation 3x3_max_pool:
[32, 16, 16, 24]
output dimension of o2 for cell 2 block 0 with input -1 and operation 3x3_max_pool:
[32, 16, 16, 24]

Identity conv2D

output dimension of o1 for cell 2 block 1 with input 0 and operation 3x3_max_pool:
[32, 16, 16, 24]
output dimension of o2 for cell 2 block 1 with input -2 and operation identity:
[32, 16, 16, 24]
output dimension of o1 for cell 2 block 2 with input -2 and operation 5x5_depth_conv:
[32, 16, 16, 24]
output dimension of o2 for cell 2 block 2 with input 0 and operation 3x3_max_pool:
[32, 16, 16, 24]

Identity conv2D

output dimension of o1 for cell 2 block 3 with input -2 and operation identity:
[32, 16, 16, 24]
output dimension of o2 for cell 2 block 3 with input -2 and operation 3x3_max_pool:
[32, 16, 16, 24]

Identity conv2D

output dimension of o1 for cell 2 block 4 with input -2 and operation identity:
[32, 16, 16, 24]
output dimension of o2 for cell 2 block 4 with input 3 and operation 3x3_depth_conv:
[32, 16, 16, 24]
output dimension of o1 for cell 3 block 0 with input -1 and operation 3x3_max_pool:
[32, 16, 16, 48]
output dimension of o2 for cell 3 block 0 with input -1 and operation 3x3_max_pool:
[32, 16, 16, 48]

Identity conv2D

output dimension of o1 for cell 3 block 1 with input 0 and operation 3x3_max_pool:
[32, 16, 16, 48]
output dimension of o2 for cell 3 block 1 with input -2 and operation identity:
[32, 32, 32, 48]
output dimension of o1 for cell 3 block 2 with input -2 and operation 5x5_depth_conv:
[32, 32, 32, 48]
output dimension of o2 for cell 3 block 2 with input 0 and operation 3x3_max_pool:
[32, 16, 16, 48]

Identity conv2D

output dimension of o1 for cell 3 block 3 with input -2 and operation identity:
[32, 32, 32, 48]
output dimension of o2 for cell 3 block 3 with input -2 and operation 3x3_max_pool:
[32, 32, 32, 48]

Identity conv2D

output dimension of o1 for cell 3 block 4 with input -2 and operation identity:
[32, 32, 32, 48]
output dimension of o2 for cell 3 block 4 with input 3 and operation 3x3_depth_conv:
[32, 32, 32, 48]
output dimension of o1 for cell 4 block 0 with input -1 and operation 3x3_max_pool:
[32, 16, 16, 48]
output dimension of o2 for cell 4 block 0 with input -1 and operation 3x3_max_pool:
[32, 16, 16, 48]

Identity conv2D

output dimension of o1 for cell 4 block 1 with input 0 and operation 3x3_max_pool:
[32, 16, 16, 48]
output dimension of o2 for cell 4 block 1 with input -2 and operation identity:
[32, 16, 16, 48]
output dimension of o1 for cell 4 block 2 with input -2 and operation 5x5_depth_conv:
[32, 16, 16, 48]
output dimension of o2 for cell 4 block 2 with input 0 and operation 3x3_max_pool:
[32, 16, 16, 48]

Identity conv2D

output dimension of o1 for cell 4 block 3 with input -2 and operation identity:
[32, 16, 16, 48]
output dimension of o2 for cell 4 block 3 with input -2 and operation 3x3_max_pool:
[32, 16, 16, 48]

Identity conv2D

output dimension of o1 for cell 4 block 4 with input -2 and operation identity:
[32, 16, 16, 48]
output dimension of o2 for cell 4 block 4 with input 3 and operation 3x3_depth_conv:
[32, 16, 16, 48]
output dimension of o1 for cell 5 block 0 with input -1 and operation 3x3_max_pool:
[32, 8, 8, 48]
output dimension of o2 for cell 5 block 0 with input -1 and operation 3x3_max_pool:
[32, 8, 8, 48]

Identity conv2D

output dimension of o1 for cell 5 block 1 with input 0 and operation 3x3_max_pool:
[32, 8, 8, 48]
output dimension of o2 for cell 5 block 1 with input -2 and operation identity:
[32, 8, 8, 48]
output dimension of o1 for cell 5 block 2 with input -2 and operation 5x5_depth_conv:
[32, 8, 8, 48]
output dimension of o2 for cell 5 block 2 with input 0 and operation 3x3_max_pool:
[32, 8, 8, 48]

Identity conv2D

output dimension of o1 for cell 5 block 3 with input -2 and operation identity:
[32, 8, 8, 48]
output dimension of o2 for cell 5 block 3 with input -2 and operation 3x3_max_pool:
[32, 8, 8, 48]

Identity conv2D

output dimension of o1 for cell 5 block 4 with input -2 and operation identity:
[32, 8, 8, 48]
output dimension of o2 for cell 5 block 4 with input 3 and operation 3x3_depth_conv:
[32, 8, 8, 48]
output dimension of o1 for cell 6 block 0 with input -1 and operation 3x3_max_pool:
[32, 8, 8, 96]
output dimension of o2 for cell 6 block 0 with input -1 and operation 3x3_max_pool:
[32, 8, 8, 96]

Identity conv2D

output dimension of o1 for cell 6 block 1 with input 0 and operation 3x3_max_pool:
[32, 8, 8, 96]
output dimension of o2 for cell 6 block 1 with input -2 and operation identity:
[32, 16, 16, 96]
output dimension of o1 for cell 6 block 2 with input -2 and operation 5x5_depth_conv:
[32, 16, 16, 96]
output dimension of o2 for cell 6 block 2 with input 0 and operation 3x3_max_pool:
[32, 8, 8, 96]

Identity conv2D

output dimension of o1 for cell 6 block 3 with input -2 and operation identity:
[32, 16, 16, 96]
output dimension of o2 for cell 6 block 3 with input -2 and operation 3x3_max_pool:
[32, 16, 16, 96]

Identity conv2D

output dimension of o1 for cell 6 block 4 with input -2 and operation identity:
[32, 16, 16, 96]
output dimension of o2 for cell 6 block 4 with input 3 and operation 3x3_depth_conv:
[32, 16, 16, 96]
output dimension of o1 for cell 7 block 0 with input -1 and operation 3x3_max_pool:
[32, 8, 8, 96]
output dimension of o2 for cell 7 block 0 with input -1 and operation 3x3_max_pool:
[32, 8, 8, 96]

Identity conv2D

output dimension of o1 for cell 7 block 1 with input 0 and operation 3x3_max_pool:
[32, 8, 8, 96]
output dimension of o2 for cell 7 block 1 with input -2 and operation identity:
[32, 8, 8, 96]
output dimension of o1 for cell 7 block 2 with input -2 and operation 5x5_depth_conv:
[32, 8, 8, 96]
output dimension of o2 for cell 7 block 2 with input 0 and operation 3x3_max_pool:
[32, 8, 8, 96]

Identity conv2D

output dimension of o1 for cell 7 block 3 with input -2 and operation identity:
[32, 8,WARNING:tensorflow:From /home/data/Projects/git_repo/hacone/Spearmint-PESM/examples/cifar10/train_eval_image_classifier_titanx.py:489: softmax_cross_entropy (from tensorflow.contrib.losses.python.losses.loss_ops) is deprecated and will be removed after 2016-12-30.
Instructions for updating:
Use tf.losses.softmax_cross_entropy instead. Note that the order of the logits and labels arguments has been changed.
WARNING:tensorflow:From /home/lile/Projects/.virtualenvs/nn_search/local/lib/python2.7/site-packages/tensorflow/contrib/losses/python/losses/loss_ops.py:398: compute_weighted_loss (from tensorflow.contrib.losses.python.losses.loss_ops) is deprecated and will be removed after 2016-12-30.
Instructions for updating:
Use tf.losses.compute_weighted_loss instead.
WARNING:tensorflow:From /home/lile/Projects/.virtualenvs/nn_search/local/lib/python2.7/site-packages/tensorflow/contrib/losses/python/losses/loss_ops.py:151: add_loss (from tensorflow.contrib.losses.python.losses.loss_ops) is deprecated and will be removed after 2016-12-30.
Instructions for updating:
Use tf.losses.add_loss instead.
INFO:tensorflow:Summary name /clone_loss is illegal; using clone_loss instead.
2019-02-15 06:04:16.042437: I tensorflow/core/platform/cpu_feature_guard.cc:137] Your CPU supports instructions that this TensorFlow binary was not compiled to use: SSE4.1 SSE4.2 AVX AVX2 FMA
2019-02-15 06:04:16.252931: I tensorflow/stream_executor/cuda/cuda_gpu_executor.cc:892] successful NUMA node read from SysFS had negative value (-1), but there must be at least one NUMA node, so returning NUMA node zero
2019-02-15 06:04:16.254609: I tensorflow/core/common_runtime/gpu/gpu_device.cc:1030] Found device 0 with properties: 
name: GeForce GTX 1080 Ti major: 6 minor: 1 memoryClockRate(GHz): 1.582
pciBusID: 0000:41:00.0
totalMemory: 10.91GiB freeMemory: 10.60GiB
2019-02-15 06:04:16.254634: I tensorflow/core/common_runtime/gpu/gpu_device.cc:1120] Creating TensorFlow device (/device:GPU:0) -> (device: 0, name: GeForce GTX 1080 Ti, pci bus id: 0000:41:00.0, compute capability: 6.1)
INFO:tensorflow:Restoring parameters from /home/lile/Projects/git_repo/hacone/outputs/cifarnet_titanx/_-1_-1_0_0_0_-2_0_1_-2_0_4_0_-2_-2_1_0_-2_3_1_2/model.ckpt-14062
INFO:tensorflow:Starting Session.
INFO:tensorflow:Saving checkpoint to path /home/lile/Projects/git_repo/hacone/outputs/cifarnet_titanx/_-1_-1_0_0_0_-2_0_1_-2_0_4_0_-2_-2_1_0_-2_3_1_2/model.ckpt
INFO:tensorflow:Starting Queues.
INFO:tensorflow:global_step/sec: 0
INFO:tensorflow:Recording summary at step 14062.
INFO:tensorflow:Stopping Training.
INFO:tensorflow:Finished training! Saving model to disk.
WARNING:tensorflow:From /home/data/Projects/git_repo/hacone/Spearmint-PESM/examples/cifar10/train_eval_image_classifier_titanx.py:597: get_or_create_global_step (from tensorflow.contrib.framework.python.ops.variables) is deprecated and will be removed in a future version.
Instructions for updating:
Please switch to tf.train.get_or_create_global_step
INFO:tensorflow:Scale of 0 disables regularizer.
 8, 96]
output dimension of o2 for cell 7 block 3 with input -2 and operation 3x3_max_pool:
[32, 8, 8, 96]

Identity conv2D

output dimension of o1 for cell 7 block 4 with input -2 and operation identity:
[32, 8, 8, 96]
output dimension of o2 for cell 7 block 4 with input 3 and operation 3x3_depth_conv:
[32, 8, 8, 96]
final output shape
(32, 1, 1, 288)
eval model
output dimension of o1 for cell 0 block 0 with input -1 and operation 3x3_max_pool:
[100, 32, 32, 24]
output dimension of o2 for cell 0 block 0 with input -1 and operation 3x3_max_pool:
[100, 32, 32, 24]

Identity conv2D

output dimension of o1 for cell 0 block 1 with input 0 and operation 3x3_max_pool:
[100, 32, 32, 24]
output dimension of o2 for cell 0 block 1 with input -2 and operation identity:
[100, 32, 32, 24]
output dimension of o1 for cell 0 block 2 with input -2 and operation 5x5_depth_conv:
[100, 32, 32, 24]
output dimension of o2 for cell 0 block 2 with input 0 and operation 3x3_max_pool:
[100, 32, 32, 24]

Identity conv2D

output dimension of o1 for cell 0 block 3 with input -2 and operation identity:
[100, 32, 32, 24]
output dimension of o2 for cell 0 block 3 with input -2 and operation 3x3_max_pool:
[100, 32, 32, 24]

Identity conv2D

output dimension of o1 for cell 0 block 4 with input -2 and operation identity:
[100, 32, 32, 24]
output dimension of o2 for cell 0 block 4 with input 3 and operation 3x3_depth_conv:
[100, 32, 32, 24]
output dimension of o1 for cell 1 block 0 with input -1 and operation 3x3_max_pool:
[100, 32, 32, 24]
output dimension of o2 for cell 1 block 0 with input -1 and operation 3x3_max_pool:
[100, 32, 32, 24]

Identity conv2D

output dimension of o1 for cell 1 block 1 with input 0 and operation 3x3_max_pool:
[100, 32, 32, 24]
output dimension of o2 for cell 1 block 1 with input -2 and operation identity:
[100, 32, 32, 24]
output dimension of o1 for cell 1 block 2 with input -2 and operation 5x5_depth_conv:
[100, 32, 32, 24]
output dimension of o2 for cell 1 block 2 with input 0 and operation 3x3_max_pool:
[100, 32, 32, 24]

Identity conv2D

output dimension of o1 for cell 1 block 3 with input -2 and operation identity:
[100, 32, 32, 24]
output dimension of o2 for cell 1 block 3 with input -2 and operation 3x3_max_pool:
[100, 32, 32, 24]

Identity conv2D

output dimension of o1 for cell 1 block 4 with input -2 and operation identity:
[100, 32, 32, 24]
output dimension of o2 for cell 1 block 4 with input 3 and operation 3x3_depth_conv:
[100, 32, 32, 24]
output dimension of o1 for cell 2 block 0 with input -1 and operation 3x3_max_pool:
[100, 16, 16, 24]
output dimension of o2 for cell 2 block 0 with input -1 and operation 3x3_max_pool:
[100, 16, 16, 24]

Identity conv2D

output dimension of o1 for cell 2 block 1 with input 0 and operation 3x3_max_pool:
[100, 16, 16, 24]
output dimension of o2 for cell 2 block 1 with input -2 and operation identity:
[100, 16, 16, 24]
output dimension of o1 for cell 2 block 2 with input -2 and operation 5x5_depth_conv:
[100, 16, 16, 24]
output dimension of o2 for cell 2 block 2 with input 0 and operation 3x3_max_pool:
[100, 16, 16, 24]

Identity conv2D

output dimension of o1 for cell 2 block 3 with input -2 and operation identity:
[100, 16, 16, 24]
output dimension of o2 for cell 2 block 3 with input -2 and operation 3x3_max_pool:
[100, 16, 16, 24]

Identity conv2D

output dimension of o1 for cell 2 block 4 with input -2 and operation identity:
[100, 16, 16, 24]
output dimension of o2 for cell 2 block 4 with input 3 and operation 3x3_depth_conv:
[100, 16, 16, 24]
output dimension of o1 for cell 3 block 0 with input -1 and operation 3x3_max_pool:
[100, 16, 16, 48]
output dimension of o2 for cell 3 block 0 with input -1 and operation 3x3_max_pool:
[100, 16, 16, 48]

Identity conv2D

output dimension of o1 for cell 3 block 1 with input 0 and operation 3x3_max_pool:
[100, 16, 16, 48]
output dimension of o2 for cell 3 block 1 with input -2 and operation identity:
[100, 32, 32, 48]
output dimension of o1 for cell 3 block 2 with input -2 and operation 5x5_depth_conv:
[100, 32, 32, 48]
output dimension of o2 for cell 3 block 2 with input 0 and operation 3x3_max_pool:
[100, 16, 16, 48]

Identity conv2D

output dimension of o1 for cell 3 block 3 with input -2 and operation identity:
[100, 32, 32, 48]
output dimension of o2 for cell 3 block 3 with input -2 and operation 3x3_max_pool:
[100, 32, 32, 48]

Identity conv2D

output dimension of o1 for cell 3 block 4 with input -2 and operation identity:
[100, 32, 32, 48]
output dimension of o2 for cell 3 block 4 with input 3 and operation 3x3_depth_conv:
[100, 32, 32, 48]
output dimension of o1 for cell 4 block 0 with input -1 and operation 3x3_max_pool:
[100, 16, 16, 48]
output dimension of o2 for cell 4 block 0 with input -1 and operation 3x3_max_pool:
[100, 16, 16, 48]

Identity conv2D

output dimension of o1 for cell 4 block 1 with input 0 and operation 3x3_max_pool:
[100, 16, 16, 48]
output dimension of o2 for cell 4 block 1 with input -2 and operation identity:
[100, 16, 16, 48]
output dimension of o1 for cell 4 block 2 with input -2 and operation 5x5_depth_conv:
[100, 16, 16, 48]
output dimension of o2 for cell 4 block 2 with input 0 and operation 3x3_max_pool:
[100, 16, 16, 48]

Identity conv2D

output dimension of o1 for cell 4 block 3 with input -2 and operation identity:
[100, 16, 16, 48]
output dimension of o2 for cell 4 block 3 with input -2 and operation 3x3_max_pool:
[100, 16, 16, 48]

Identity conv2D

output dimension of o1 for cell 4 block 4 with input -2 and operation identity:
[100, 16, 16, 48]
output dimension of o2 for cell 4 block 4 with input 3 and operation 3x3_depth_conv:
[100, 16, 16, 48]
output dimension of o1 for cell 5 block 0 with input -1 and operation 3x3_max_pool:
[100, 8, 8, 48]
output dimension of o2 for cell 5 block 0 with input -1 and operation 3x3_max_pool:
[100, 8, 8, 48]

Identity conv2D

output dimension of o1 for cell 5 block 1 with input 0 and operation 3x3_max_pool:
[100, 8, 8, 48]
output dimension of o2 for cell 5 block 1 with input -2 and operation identity:
[100, 8, 8, 48]
output dimension of o1 for cell 5 block 2 with input -2 and operation 5x5_depth_conv:
[100, 8, 8, 48]
output dimension of o2 for cell 5 block 2 with input 0 and operation 3x3_max_pool:
[100, 8, 8, 48]

Identity conv2D

output dimension of o1 for cell 5 block 3 with input -2 and operation identity:
[100, 8, 8, 48]
output dimension of o2 for cell 5 block 3 with input -2 and operation 3x3_max_pool:
[100, 8, 8, 48]

Identity conv2D

output dimension of o1 for cell 5 block 4 with input -2 and operation identity:
[100, 8, 8, 48]
output dimension of o2 for cell 5 block 4 with input 3 and operation 3x3_depth_conv:
[100, 8, 8, 48]
output dimension of o1 for cell 6 block 0 with input -1 and operation 3x3_max_pool:
[100, 8, 8, 96]
output dimension of o2 for cell 6 block 0 with input -1 and operation 3x3_max_pool:
[100, 8, 8, 96]

Identity conv2D

output dimension of o1 for cell 6 block 1 with input 0 and operation 3x3_max_pool:
[100, 8, 8, 96]
output dimension of o2 for cell 6 block 1 with input -2 and operation identity:
[100, 16, 16, 96]
output dimension of o1 for cell 6 block 2 with input -2 and operation 5x5_depth_conv:
[100, 16, 16, 96]
output dimension of o2 for cell 6 block 2 with input 0 and operation 3x3_max_pool:
[100, 8, 8, 96]

Identity conv2D

output dimension of o1 for cell 6 block 3 with input -2 and operation identity:
[100, 16, 16, 96]
output dimension of o2 for cell 6 block 3 with input -2 and operation 3x3_max_pool:
[100, 16, 16, 96]

Identity conv2D

output dimension of o1 for cell 6 block 4 with input -2 and operation identity:
[100, 16, 16, 96]
output dimension of o2 for cell 6 block 4 with input 3 and operation 3x3_depth_conv:
[100, 16, 16, 96]
output dimension of o1 for cell 7 block 0 with input -1 and operation 3x3_max_pool:
[100, 8, 8, 96]
output dimension of o2 for cell 7 block 0 with input -1 and operation 3x3_max_pool:
[100, 8, 8, 96]

Identity conv2D

output dimension of o1 for cell 7 block 1 with input 0 and operation 3x3_max_pool:
[100, 8, 8, 96]
output dimension of o2 for cell 7 block 1 with input -2 and operation identity:
[100, 8, 8, 96]
WARNING:tensorflow:From /home/data/Projects/git_repo/hacone/Spearmint-PESM/examples/cifar10/train_eval_image_classifier_titanx.py:664: streaming_recall_at_k (from tensorflow.contrib.metrics.python.ops.metric_ops) is deprecated and will be removed after 2016-11-08.
Instructions for updating:
Please use `streaming_sparse_recall_at_k`, and reshape labels from [batch_size] to [batch_size, 1].
INFO:tensorflow:Evaluating /home/lile/Projects/git_repo/hacone/outputs/cifarnet_titanx/_-1_-1_0_0_0_-2_0_1_-2_0_4_0_-2_-2_1_0_-2_3_1_2/model.ckpt-14063
INFO:tensorflow:Starting evaluation at 2019-02-14-22:04:27
2019-02-15 06:04:27.954924: I tensorflow/core/common_runtime/gpu/gpu_device.cc:1120] Creating TensorFlow device (/device:GPU:0) -> (device: 0, name: GeForce GTX 1080 Ti, pci bus id: 0000:41:00.0, compute capability: 6.1)
INFO:tensorflow:Restoring parameters from /home/lile/Projects/git_repo/hacone/outputs/cifarnet_titanx/_-1_-1_0_0_0_-2_0_1_-2_0_4_0_-2_-2_1_0_-2_3_1_2/model.ckpt-14063
INFO:tensorflow:Evaluation [1/50]
INFO:tensorflow:Evaluation [2/50]
INFO:tensorflow:Evaluation [3/50]
INFO:tensorflow:Evaluation [4/50]
INFO:tensorflow:Evaluation [5/50]
INFO:tensorflow:Evaluation [6/50]
INFO:tensorflow:Evaluation [7/50]
INFO:tensorflow:Evaluation [8/50]
INFO:tensorflow:Evaluation [9/50]
INFO:tensorflow:Evaluation [10/50]
INFO:tensorflow:Evaluation [11/50]
INFO:tensorflow:Evaluation [12/50]
INFO:tensorflow:Evaluation [13/50]
INFO:tensorflow:Evaluation [14/50]
INFO:tensorflow:Evaluation [15/50]
INFO:tensorflow:Evaluation [16/50]
INFO:tensorflow:Evaluation [17/50]
INFO:tensorflow:Evaluation [18/50]
INFO:tensorflow:Evaluation [19/50]
INFO:tensorflow:Evaluation [20/50]
INFO:tensorflow:Evaluation [21/50]
INFO:tensorflow:Evaluation [22/50]
INFO:tensorflow:Evaluation [23/50]
INFO:tensorflow:Evaluation [24/50]
INFO:tensorflow:Evaluation [25/50]
INFO:tensorflow:Evaluation [26/50]
INFO:tensorflow:Evaluation [27/50]
INFO:tensorflow:Evaluation [28/50]
INFO:tensorflow:Evaluation [29/50]
INFO:tensorflow:Evaluation [30/50]
INFO:tensorflow:Evaluation [31/50]
INFO:tensorflow:Evaluation [32/50]
INFO:tensorflow:Evaluation [33/50]
INFO:tensorflow:Evaluation [34/50]
INFO:tensorflow:Evaluation [35/50]
INFO:tensorflow:Evaluation [36/50]
INFO:tensorflow:Evaluation [37/50]
INFO:tensorflow:Evaluation [38/50]
INFO:tensorflow:Evaluation [39/50]
INFO:tensorflow:Evaluation [40/50]
INFO:tensorflow:Evaluation [41/50]
INFO:tensorflow:Evaluation [42/50]
INFO:tensorflow:Evaluation [43/50]
INFO:tensorflow:Evaluation [44/50]
INFO:tensorflow:Evaluation [45/50]
INFO:tensorflow:Evaluation [46/50]
INFO:tensorflow:Evaluation [47/50]
INFO:tensorflow:Evaluation [48/50]
INFO:tensorflow:Evaluation [49/50]
INFO:tensorflow:Evaluation [50/50]
2019-02-15 06:04:36.024205: I tensorflow/core/kernels/logging_ops.cc:79] eval/Accuracy[0.7262]
2019-02-15 06:04:36.026726: I tensorflow/core/kernels/logging_ops.cc:79] eval/Recall_5[0.9756]
INFO:tensorflow:Finished evaluation at 2019-02-14-22:04:36
WARNING:tensorflow:From /mnt/sdh/lile/Projects/hacone/scripts/inference_titan_x.py:604: get_or_create_global_step (from tensorflow.contrib.framework.python.ops.variables) is deprecated and will be removed in a future version.
Instructions for updating:
Please switch to tf.train.get_or_create_global_step
INFO:tensorflow:Scale of 0 disables regularizer.
/mnt/sdh/lile/Projects/hacone/outputs/_-1_-1_0_0_0_-2_0_1_-2_0_4_0_-2_-2_1_0_-2_3_1_2
[-1, -1, 0, 0, 0, -2, 0, 1, -2, 0, 4, 0, -2, -2, 1, 0, -2, 3, 1, 2]
eval model
output dimension of o1 for cell 0 block 0 with input -1 and operation 3x3_max_pool:
[100, 32, 32, 24]
output dimension of o2 for cell 0 block 0 with input -1 and operation 3x3_max_pool:
[100, 32, 32, 24]

Identity conv2D

output dimension of o1 for cell 0 block 1 with input 0 and operation 3x3_max_pool:
[100, 32, 32, 24]
output dimension of o2 for cell 0 block 1 with input -2 and operation identity:
[100, 32, 32, 24]
output dimension of o1 for cell 0 block 2 with input -2 and operation 5x5_depth_conv:
[100, 32, 32, 24]
output dimension of o2 for cell 0 block 2 with input 0 and operation 3x3_max_pool:
[100, 32, 32, 24]

Identity conv2D

output dimension of o1 for cell 0 block 3 with input -2 and operation identity:
[100, 32, 32, 24]
output dimension of o2 for cell 0 block 3 with input -2 and operation 3x3_max_pool:
[100, 32, 32, 24]

Identity conv2D

output dimension of o1 for cell 0 block 4 with input -2 and operation identity:
[100, 32, 32, 24]
output dimension of o2 for cell 0 block 4 with input 3 and operation 3x3_depth_conv:
[100, 32, 32, 24]
output dimension of o1 for cell 1 block 0 with input -1 and operation 3x3_max_pool:
[100, 32, 32, 24]
output dimension of o2 for cell 1 block 0 with input -1 and operation 3x3_max_pool:
[100, 32, 32, 24]

Identity conv2D

output dimension of o1 for cell 1 block 1 with input 0 and operation 3x3_max_pool:
[100, 32, 32, 24]
output dimension of o2 for cell 1 block 1 with input -2 and operation identity:
[100, 32, 32, 24]
output dimension of o1 for cell 1 block 2 with input -2 and operation 5x5_depth_conv:
[100, 32, 32, 24]
output dimension of o2 for cell 1 block 2 with input 0 and operation 3x3_max_pool:
[100, 32, 32, 24]

Identity conv2D

output dimension of o1 for cell 1 block 3 with input -2 and operation identity:
[100, 32, 32, 24]
output dimension of o2 for cell 1 block 3 with input -2 and operation 3x3_max_pool:
[100, 32, 32, 24]

Identity conv2D

output dimension of o1 for cell 1 block 4 with input -2 and operation identity:
[100, 32, 32, 24]
output dimension of o2 for cell 1 block 4 with input 3 and operation 3x3_depth_conv:
[100, 32, 32, 24]
output dimension of o1 for cell 2 block 0 with input -1 and operation 3x3_max_pool:
[100, 16, 16, 24]
output dimension of o2 for cell 2 block 0 with input -1 and operation 3x3_max_pool:
[100, 16, 16, 24]

Identity conv2D

output dimension of o1 for cell 2 block 1 with input 0 and operation 3x3_max_pool:
[100, 16, 16, 24]
output dimension of o2 for cell 2 block 1 with input -2 and operation identity:
[100, 16, 16, 24]
output dimension of o1 for cell 2 block 2 with input -2 and operation 5x5_depth_conv:
[100, 16, 16, 24]
output dimension of o2 for cell 2 block 2 with input 0 and operation 3x3_max_pool:
[100, 16, 16, 24]

Identity conv2D

output dimension of o1 for cell 2 block 3 with input -2 and operation identity:
[100, 16, 16, 24]
output dimension of o2 for cell 2 block 3 with input -2 and operation 3x3_max_pool:
[100, 16, 16, 24]

Identity conv2D

output dimension of o1 for cell 2 block 4 with input -2 and operation identity:
[100, 16, 16, 24]
output dimension of o2 for cell 2 block 4 with input 3 and operation 3x3_depth_conv:
[100, 16, 16, 24]
output dimension of o1 for cell 3 block 0 with input -1 and operation 3x3_max_pool:
[100, 16, 16, 48]
output dimension of o2 for cell 3 block 0 with input -1 and operation 3x3_max_pool:
[100, 16, 16, 48]

Identity conv2D

output dimension of o1 for cell 3 block 1 with input 0 and operation 3x3_max_pool:
[100, 16, 16, 48]
output dimension of o2 for cell 3 block 1 with input -2 and operation identity:
[100, 32, 32, 48]
output dimension of o1 for cell 3 block 2 with input -2 and operation 5x5_depth_conv:
[100, 32, 32, 48]
output dimension of o2 for cell 3 block 2 with input 0 and operation 3x3_max_pool:
[100, 16, 16, 48]

Identity conv2D

output dimension of o1 for cell 3 block 3 with input -2 and operation identity:
[100, 32, 32, 48]
output dimension of o2 for cell 3 block 3 with input -2 and operation 3x3_max_pool:
[100, 32, 32, 48]

Identity conv2D

output dimension of o1 for cell 3 block 4 with input -2 and operation identity:
[100, 32, 32, 48]
output dimension of o2 for cell 3 block 4 with input 3 and operation 3x3_depth_conv:
[100, 32, 32, 48]
output dimension of o1 for cell 4 block 0 with input -1 and operation 3x3_max_pool:
[100, 16, 16, 48]
output dimension of o2 for cell 4 block 0 with input -1 and operation 3x3_max_pool:
[100, 16, 16, 48]

Identity conv2D

output dimension of o1 for cell 4 block 1 with input 0 and operation 3x3_max_pool:
[100, 16, 16, 48]
output dimension of o2 for cell 4 block 1 with input -2 and operation identity:
[100, 16, 16, 48]
output dimension of o1 for cell 4 block 2 with input -2 and operation 5x5_depth_conv:
[100, 16, 16, 48]
output dimension of o2 for cell 4 block 2 with input 0 and operation 3x3_max_pool:
[100, 16, 16, 48]

Identity conv2D

output dimension of o1 for cell 4 block 3 with input -2 and operation identity:
[100, 16, 16, 48]
output dimension of o2 for cell 4 block 3 with input -2 and operation 3x3_max_pool:
[100, 16, 16, 48]

Identity conv2D

output dimension of o1 for cell 4 block 4 with input -2 and operation identity:
[100, 16, 16, 48]
output dimension of o2 for cell 4 block 4 with input 3 and operation 3x3_depth_conv:
[100, 16, 16, 48]
output dimension of o1 for cell 5 block 0 with input -1 and operation 3x3_max_pool:
[100, 8, 8, 48]
output dimension of o2 for cell 5 block 0 with input -1 and operation 3x3_max_pool:
[100, 8, 8, 48]

Identity conv2D

output dimension of o1 for cell 5 block 1 with input 0 and operation 3x3_max_pool:
[100, 8, 8, 48]
output dimension of o2 for cell 5 block 1 with input -2 and operation identity:
[100, 8, 8, 48]
output dimension of o1 for cell 5 block 2 with input -2 and operation 5x5_depth_conv:
[100, 8, 8, 48]
output dimension of o2 for cell 5 block 2 with input 0 and operation 3x3_max_pool:
[100, 8, 8, 48]

Identity conv2D

output dimension of o1 for cell 5 block 3 with input -2 and operation identity:
[100, 8, 8, 48]
output dimension of o2 for cell 5 block 3 with input -2 and operation 3x3_max_pool:
[100, 8, 8, 48]

Identity conv2D

output dimension of o1 for cell 5 block 4 with input -2 and operation identity:
[100, 8, 8, 48]
output dimension of o2 for cell 5 block 4 with input 3 and operation 3x3_depth_conv:
[100, 8, 8, 48]
output dimension of o1 for cell 6 block 0 with input -1 and operation 3x3_max_pool:
[100, 8, 8, 96]
output dimension of o2 for cell 6 block 0 with input -1 and operation 3x3_max_pool:
[100, 8, 8, 96]

Identity conv2D

output dimension of o1 for cell 6 block 1 with input 0 and operation 3x3_max_pool:
[100, 8, 8, 96]
output dimension of o2 for cell 6 block 1 with input -2 and operation identity:
[100, 16, 16, 96]
output dimension of o1 for cell 6 block 2 with input -2 and operation 5x5_depth_conv:
[100, 16, 16, 96]
output dimension of o2 for cell 6 block 2 with input 0 and operation 3x3_max_pool:
[100, 8, 8, 96]

Identity conv2D

output dimension of o1 for cell 6 block 3 with input -2 and operation identity:
[100, 16, 16, 96]
output dimension of o2 for cell 6 block 3 with input -2 and operation 3x3_max_pool:
[100, 16, 16, 96]

Identity conv2D

output dimension of o1 for cell 6 block 4 with input -2 and operation identity:
[100, 16, 16, 96]
output dimension of o2 for cell 6 block 4 with input 3 and operation 3x3_depth_conv:
[100, 16, 16, 96]
output dimension of o1 for cell 7 block 0 with input -1 and operation 3x3_max_pool:
[100, 8, 8, 96]
output dimension of o2 for cell 7 block 0 with input -1 and operation 3x3_max_pool:
[100, 8, 8, 96]

Identity conv2D

output dimension of o1 for cell 7 block 1 with input 0 and operation 3x3_max_pool:
[100, 8, 8, 96]
output dimension of o2 for cell 7 block 1 with input -2 and operation identity:
[100, 8, 8, 96]
output dimension of o1 for cell 7 block 2 with input -2 and operation 5x5_depth_conv:
[100, 8, 8, 96]
output dimension of o2 for cell 7 block 2 with input 0 and operation 3x3_max_pool:
[100, 8, 8, 96]
WARNING:tensorflow:From /mnt/sdh/lile/Projects/hacone/tensorflow/nn_search/nets/cifarnet.py:117: calling reduce_mean (from tensorflow.python.ops.math_ops) with keep_dims is deprecated and will be removed in a future version.
Instructions for updating:
keep_dims is deprecated, use keepdims instead
WARNING:tensorflow:From /mnt/sdh/lile/Projects/hacone/scripts/inference_titan_x.py:669: streaming_accuracy (from tensorflow.contrib.metrics.python.ops.metric_ops) is deprecated and will be removed in a future version.
Instructions for updating:
Please switch to tf.metrics.accuracy. Note that the order of the labels and predictions arguments has been switched.
WARNING:tensorflow:From /mnt/sdh/lile/Projects/hacone/scripts/inference_titan_x.py:671: streaming_recall_at_k (from tensorflow.contrib.metrics.python.ops.metric_ops) is deprecated and will be removed after 2016-11-08.
Instructions for updating:
Please use `streaming_sparse_recall_at_k`, and reshape labels from [batch_size] to [batch_size, 1].
WARNING:tensorflow:From /mnt/sdh/lile/.envs/tf/local/lib/python2.7/site-packages/tensorflow/contrib/metrics/python/ops/metric_ops.py:2133: streaming_mean (from tensorflow.contrib.metrics.python.ops.metric_ops) is deprecated and will be removed in a future version.
Instructions for updating:
Please switch to tf.metrics.mean
INFO:tensorflow:Evaluating None
INFO:tensorflow:Starting evaluation at 2019-02-14-21:41:47
INFO:tensorflow:Graph was finalized.
2019-02-15 05:41:47.926565: I tensorflow/core/platform/cpu_feature_guard.cc:140] Your CPU supports instructions that this TensorFlow binary was not compiled to use: AVX2 FMA
2019-02-15 05:41:48.103898: I tensorflow/core/common_runtime/gpu/gpu_device.cc:1356] Found device 0 with properties: 
name: GeForce GTX TITAN X major: 5 minor: 2 memoryClockRate(GHz): 1.076
pciBusID: 0000:82:00.0
totalMemory: 11.92GiB freeMemory: 11.57GiB
2019-02-15 05:41:48.103936: I tensorflow/core/common_runtime/gpu/gpu_device.cc:1435] Adding visible gpu devices: 0
2019-02-15 05:41:48.442302: I tensorflow/core/common_runtime/gpu/gpu_device.cc:923] Device interconnect StreamExecutor with strength 1 edge matrix:
2019-02-15 05:41:48.442352: I tensorflow/core/common_runtime/gpu/gpu_device.cc:929]      0 
2019-02-15 05:41:48.442360: I tensorflow/core/common_runtime/gpu/gpu_device.cc:942] 0:   N 
2019-02-15 05:41:48.442683: I tensorflow/core/common_runtime/gpu/gpu_device.cc:1053] Created TensorFlow device (/job:localhost/replica:0/task:0/device:GPU:0 with 11201 MB memory) -> physical GPU (device: 0, name: GeForce GTX TITAN X, pci bus id: 0000:82:00.0, compute capability: 5.2)
INFO:tensorflow:Running local_init_op.
INFO:tensorflow:Done running local_init_op.
INFO:tensorflow:Evaluation [5/50]
INFO:tensorflow:Evaluation [10/50]
INFO:tensorflow:Evaluation [15/50]
INFO:tensorflow:Evaluation [20/50]
INFO:tensorflow:Evaluation [25/50]
INFO:tensorflow:Evaluation [30/50]
INFO:tensorflow:Evaluation [35/50]
INFO:tensorflow:Evaluation [40/50]
INFO:tensorflow:Evaluation [45/50]
INFO:tensorflow:Evaluation [50/50]

Identity conv2D

output dimension of o1 for cell 7 block 3 with input -2 and operation identity:
[100, 8, 8, 96]
output dimension of o2 for cell 7 block 3 with input -2 and operation 3x3_max_pool:
[100, 8, 8, 96]

Identity conv2D

output dimension of o1 for cell 7 block 4 with input -2 and operation identity:
[100, 8, 8, 96]
output dimension of o2 for cell 7 block 4 with input 3 and operation 3x3_depth_conv:
[100, 8, 8, 96]
final output shape
(100, 288)
eval/Accuracy[0.0986]
eval/Recall_5[0.5022]
INFO:tensorflow:Finished evaluation at 2019-02-14-21:41:56
________________________________
duration :8.78685808182
________________________________
duration in main:8.78685808182
integration time: 4.74

integration energy: 554.74746

Got result {'energy': 554.7474600000006, 'time': 4.74, 'f': 0.2738000154495239}
Completed successfully in 39.78 seconds. [{'energy': 554.7474600000006, 'time': 4.74, 'f': 0.2738000154495239}]
output dimension of o1 for cell 7 block 2 with input -2 and operation 5x5_depth_conv:
[100, 8, 8, 96]
output dimension of o2 for cell 7 block 2 with input 0 and operation 3x3_max_pool:
[100, 8, 8, 96]

Identity conv2D

output dimension of o1 for cell 7 block 3 with input -2 and operation identity:
[100, 8, 8, 96]
output dimension of o2 for cell 7 block 3 with input -2 and operation 3x3_max_pool:
[100, 8, 8, 96]

Identity conv2D

output dimension of o1 for cell 7 block 4 with input -2 and operation identity:
[100, 8, 8, 96]
output dimension of o2 for cell 7 block 4 with input 3 and operation 3x3_depth_conv:
[100, 8, 8, 96]
final output shape
(100, 1, 1, 288)
