Job launching after 0.41 seconds in submission.
Running python job.
Changed into dir /home/data/Projects/git_repo/hacone/Spearmint-PESM/examples/cifar10
Importing train_eval_image_classifier_movidius.py
Running train_eval_image_classifier_movidius.main()
WARNING:tensorflow:From /home/data/Projects/git_repo/hacone/Spearmint-PESM/examples/cifar10/train_eval_image_classifier_movidius.py:420: create_global_step (from tensorflow.contrib.framework.python.ops.variables) is deprecated and will be removed in a future version.
Instructions for updating:
Please switch to tf.train.create_global_step
_-2_-2_3_0_-2_0_0_1_1_-2_3_0_1_-2_5_0_-2_3_3_0
[-2, -2, 3, 0, -2, 0, 0, 1, 1, -2, 3, 0, 1, -2, 5, 0, -2, 3, 3, 0]
train model
cifar10
output dimension of o1 for cell 0 block 0 with input -2 and operation 3x3_conv:
[32, 32, 32, 24]
output dimension of o2 for cell 0 block 0 with input -2 and operation 3x3_max_pool:
[32, 32, 32, 24]

Identity subsample used

output dimension of o1 for cell 0 block 1 with input -2 and operation 3x3_max_pool:
[32, 32, 32, 24]
output dimension of o2 for cell 0 block 1 with input 0 and operation identity:
[32, 32, 32, 24]
output dimension of o1 for cell 0 block 2 with input 1 and operation 3x3_conv:
[32, 32, 32, 24]
output dimension of o2 for cell 0 block 2 with input -2 and operation 3x3_max_pool:
[32, 32, 32, 24]
output dimension of o1 for cell 0 block 3 with input 1 and operation 5x5_conv:
[32, 32, 32, 24]
output dimension of o2 for cell 0 block 3 with input -2 and operation 3x3_max_pool:
[32, 32, 32, 24]
output dimension of o1 for cell 0 block 4 with input -2 and operation 3x3_conv:
[32, 32, 32, 24]
output dimension of o2 for cell 0 block 4 with input 3 and operation 3x3_max_pool:
[32, 32, 32, 24]
output dimension of o1 for cell 1 block 0 with input -2 and operation 3x3_conv:
[32, 32, 32, 24]
output dimension of o2 for cell 1 block 0 with input -2 and operation 3x3_max_pool:
[32, 32, 32, 24]

Identity subsample used

output dimension of o1 for cell 1 block 1 with input -2 and operation 3x3_max_pool:
[32, 32, 32, 24]
output dimension of o2 for cell 1 block 1 with input 0 and operation identity:
[32, 32, 32, 24]
output dimension of o1 for cell 1 block 2 with input 1 and operation 3x3_conv:
[32, 32, 32, 24]
output dimension of o2 for cell 1 block 2 with input -2 and operation 3x3_max_pool:
[32, 32, 32, 24]
output dimension of o1 for cell 1 block 3 with input 1 and operation 5x5_conv:
[32, 32, 32, 24]
output dimension of o2 for cell 1 block 3 with input -2 and operation 3x3_max_pool:
[32, 32, 32, 24]
output dimension of o1 for cell 1 block 4 with input -2 and operation 3x3_conv:
[32, 32, 32, 24]
output dimension of o2 for cell 1 block 4 with input 3 and operation 3x3_max_pool:
[32, 32, 32, 24]
output dimension of o1 for cell 2 block 0 with input -2 and operation 3x3_conv:
[32, 16, 16, 24]
output dimension of o2 for cell 2 block 0 with input -2 and operation 3x3_max_pool:
[32, 16, 16, 24]

Identity subsample used

output dimension of o1 for cell 2 block 1 with input -2 and operation 3x3_max_pool:
[32, 16, 16, 24]
output dimension of o2 for cell 2 block 1 with input 0 and operation identity:
[32, 16, 16, 24]
output dimension of o1 for cell 2 block 2 with input 1 and operation 3x3_conv:
[32, 16, 16, 24]
output dimension of o2 for cell 2 block 2 with input -2 and operation 3x3_max_pool:
[32, 16, 16, 24]
output dimension of o1 for cell 2 block 3 with input 1 and operation 5x5_conv:
[32, 16, 16, 24]
output dimension of o2 for cell 2 block 3 with input -2 and operation 3x3_max_pool:
[32, 16, 16, 24]
output dimension of o1 for cell 2 block 4 with input -2 and operation 3x3_conv:
[32, 16, 16, 24]
output dimension of o2 for cell 2 block 4 with input 3 and operation 3x3_max_pool:
[32, 16, 16, 24]
output dimension of o1 for cell 3 block 0 with input -2 and operation 3x3_conv:
[32, 32, 32, 48]
output dimension of o2 for cell 3 block 0 with input -2 and operation 3x3_max_pool:
[32, 32, 32, 48]

Identity subsample used

output dimension of o1 for cell 3 block 1 with input -2 and operation 3x3_max_pool:
[32, 32, 32, 48]
output dimension of o2 for cell 3 block 1 with input 0 and operation identity:
[32, 32, 32, 48]
output dimension of o1 for cell 3 block 2 with input 1 and operation 3x3_conv:
[32, 32, 32, 48]
output dimension of o2 for cell 3 block 2 with input -2 and operation 3x3_max_pool:
[32, 32, 32, 48]
output dimension of o1 for cell 3 block 3 with input 1 and operation 5x5_conv:
[32, 32, 32, 48]
output dimension of o2 for cell 3 block 3 with input -2 and operation 3x3_max_pool:
[32, 32, 32, 48]
output dimension of o1 for cell 3 block 4 with input -2 and operation 3x3_conv:
[32, 32, 32, 48]
output dimension of o2 for cell 3 block 4 with input 3 and operation 3x3_max_pool:
[32, 32, 32, 48]
output dimension of o1 for cell 4 block 0 with input -2 and operation 3x3_conv:
[32, 16, 16, 48]
output dimension of o2 for cell 4 block 0 with input -2 and operation 3x3_max_pool:
[32, 16, 16, 48]

Identity subsample used

output dimension of o1 for cell 4 block 1 with input -2 and operation 3x3_max_pool:
[32, 16, 16, 48]
output dimension of o2 for cell 4 block 1 with input 0 and operation identity:
[32, 16, 16, 48]
output dimension of o1 for cell 4 block 2 with input 1 and operation 3x3_conv:
[32, 16, 16, 48]
output dimension of o2 for cell 4 block 2 with input -2 and operation 3x3_max_pool:
[32, 16, 16, 48]
output dimension of o1 for cell 4 block 3 with input 1 and operation 5x5_conv:
[32, 16, 16, 48]
output dimension of o2 for cell 4 block 3 with input -2 and operation 3x3_max_pool:
[32, 16, 16, 48]
output dimension of o1 for cell 4 block 4 with input -2 and operation 3x3_conv:
[32, 16, 16, 48]
output dimension of o2 for cell 4 block 4 with input 3 and operation 3x3_max_pool:
[32, 16, 16, 48]
output dimension of o1 for cell 5 block 0 with input -2 and operation 3x3_conv:
[32, 16, 16, 48]
output dimension of o2 for cell 5 block 0 with input -2 and operation 3x3_max_pool:
[32, 16, 16, 48]

Identity subsample used

output dimension of o1 for cell 5 block 1 with input -2 and operation 3x3_max_pool:
[32, 16, 16, 48]
output dimension of o2 for cell 5 block 1 with input 0 and operation identity:
[32, 16, 16, 48]
output dimension of o1 for cell 5 block 2 with input 1 and operation 3x3_conv:
[32, 16, 16, 48]
output dimension of o2 for cell 5 block 2 with input -2 and operation 3x3_max_pool:
[32, 16, 16, 48]
output dimension of o1 for cell 5 block 3 with input 1 and operation 5x5_conv:
[32, 16, 16, 48]
output dimension of o2 for cell 5 block 3 with input -2 and operation 3x3_max_pool:
[32, 16, 16, 48]
output dimension of o1 for cell 5 block 4 with input -2 and operation 3x3_conv:
[32, 16, 16, 48]
output dimension of o2 for cell 5 block 4 with input 3 and operation 3x3_max_pool:
[32, 16, 16, 48]
output dimension of o1 for cell 6 block 0 with input -2 and operation 3x3_conv:
[32, 16, 16, 96]
output dimension of o2 for cell 6 block 0 with input -2 and operation 3x3_max_pool:
[32, 16, 16, 96]

Identity subsample used

output dimension of o1 for cell 6 block 1 with input -2 and operation 3x3_max_pool:
[32, 16, 16, 96]
output dimension of o2 for cell 6 block 1 with input 0 and operation identity:
[32, 16, 16, 96]
output dimension of o1 for cell 6 block 2 with input 1 and operation 3x3_conv:
[32, 16, 16, 96]
output dimension of o2 for cell 6 block 2 with input -2 and operation 3x3_max_pool:
[32, 16, 16, 96]
output dimension of o1 for cell 6 block 3 with input 1 and operation 5x5_conv:
[32, 16, 16, 96]
output dimension of o2 for cell 6 block 3 with input -2 and operation 3x3_max_pool:
[32, 16, 16, 96]
output dimension of o1 for cell 6 block 4 with input -2 and operation 3x3_conv:
[32, 16, 16, 96]
output dimension of o2 for cell 6 block 4 with input 3 and operation 3x3_max_pool:
[32, 16, 16, 96]
output dimension of o1 for cell 7 block 0 with input -2 and operation 3x3_conv:
[32, 16, 16, 96]
output dimension of o2 for cell 7 block 0 with input -2 and operation 3x3_max_pool:
[32, 16, 16, 96]

Identity subsample used

output dimension of o1 for cell 7 block 1 with input -2 and operation 3x3_max_pool:
[32, 16, 16, 96]
output dimension of o2 for cell 7 block 1 with input 0 and operation identity:
[32, 16, 16, 96]
output dimension of o1 for cell 7 block 2 with input 1 and operation 3x3_conv:
[32, 16, 16, 96]
output dimension of o2 for cell 7 block 2 with input -2 and operation 3x3_max_pool:
[32, 16, 16, 96]
output dimension of o1 for cell 7 block 3 with input 1 and operation 5x5_conv:
[32, 16, 16, 96]
output dimension of o2 for cell 7 block 3 with input -2 and operation 3x3_max_pool:
[32, 16, 16, 96]
output dimension of o1 for cell 7 block 4 with input -2 and operation 3x3_conv:
[32, 16, 16, 96]
output dimension of o2 for cell 7 block 4 with input 3 and opeWARNING:tensorflow:From /home/data/Projects/git_repo/hacone/Spearmint-PESM/examples/cifar10/train_eval_image_classifier_movidius.py:490: softmax_cross_entropy (from tensorflow.contrib.losses.python.losses.loss_ops) is deprecated and will be removed after 2016-12-30.
Instructions for updating:
Use tf.losses.softmax_cross_entropy instead. Note that the order of the logits and labels arguments has been changed.
WARNING:tensorflow:From /home/lile/Projects/.virtualenvs/nn_search/local/lib/python2.7/site-packages/tensorflow/contrib/losses/python/losses/loss_ops.py:398: compute_weighted_loss (from tensorflow.contrib.losses.python.losses.loss_ops) is deprecated and will be removed after 2016-12-30.
Instructions for updating:
Use tf.losses.compute_weighted_loss instead.
WARNING:tensorflow:From /home/lile/Projects/.virtualenvs/nn_search/local/lib/python2.7/site-packages/tensorflow/contrib/losses/python/losses/loss_ops.py:151: add_loss (from tensorflow.contrib.losses.python.losses.loss_ops) is deprecated and will be removed after 2016-12-30.
Instructions for updating:
Use tf.losses.add_loss instead.
INFO:tensorflow:Summary name /clone_loss is illegal; using clone_loss instead.
2019-02-23 03:29:47.767073: I tensorflow/core/platform/cpu_feature_guard.cc:137] Your CPU supports instructions that this TensorFlow binary was not compiled to use: SSE4.1 SSE4.2 AVX AVX2 FMA
2019-02-23 03:29:47.984559: I tensorflow/core/common_runtime/gpu/gpu_device.cc:1030] Found device 0 with properties: 
name: GeForce GTX 1080 Ti major: 6 minor: 1 memoryClockRate(GHz): 1.582
pciBusID: 0000:08:00.0
totalMemory: 10.91GiB freeMemory: 10.60GiB
2019-02-23 03:29:47.984610: I tensorflow/core/common_runtime/gpu/gpu_device.cc:1120] Creating TensorFlow device (/device:GPU:0) -> (device: 0, name: GeForce GTX 1080 Ti, pci bus id: 0000:08:00.0, compute capability: 6.1)
INFO:tensorflow:Restoring parameters from /home/lile/Projects/git_repo/hacone/outputs/cifarnet_movidius/_-2_-2_3_0_-2_0_0_1_1_-2_3_0_1_-2_5_0_-2_3_3_0/model.ckpt-14062
INFO:tensorflow:Starting Session.
INFO:tensorflow:Saving checkpoint to path /home/lile/Projects/git_repo/hacone/outputs/cifarnet_movidius/_-2_-2_3_0_-2_0_0_1_1_-2_3_0_1_-2_5_0_-2_3_3_0/model.ckpt
INFO:tensorflow:Starting Queues.
INFO:tensorflow:global_step/sec: 0
INFO:tensorflow:Recording summary at step 14063.
INFO:tensorflow:Stopping Training.
INFO:tensorflow:Finished training! Saving model to disk.
WARNING:tensorflow:From /home/data/Projects/git_repo/hacone/Spearmint-PESM/examples/cifar10/train_eval_image_classifier_movidius.py:603: get_or_create_global_step (from tensorflow.contrib.framework.python.ops.variables) is deprecated and will be removed in a future version.
Instructions for updating:
Please switch to tf.train.get_or_create_global_step
INFO:tensorflow:Scale of 0 disables regularizer.
ration 3x3_max_pool:
[32, 16, 16, 96]
final output shape
(32, 1, 1, 192)
eval model
output dimension of o1 for cell 0 block 0 with input -2 and operation 3x3_conv:
[100, 32, 32, 24]
output dimension of o2 for cell 0 block 0 with input -2 and operation 3x3_max_pool:
[100, 32, 32, 24]

Identity subsample used

output dimension of o1 for cell 0 block 1 with input -2 and operation 3x3_max_pool:
[100, 32, 32, 24]
output dimension of o2 for cell 0 block 1 with input 0 and operation identity:
[100, 32, 32, 24]
output dimension of o1 for cell 0 block 2 with input 1 and operation 3x3_conv:
[100, 32, 32, 24]
output dimension of o2 for cell 0 block 2 with input -2 and operation 3x3_max_pool:
[100, 32, 32, 24]
output dimension of o1 for cell 0 block 3 with input 1 and operation 5x5_conv:
[100, 32, 32, 24]
output dimension of o2 for cell 0 block 3 with input -2 and operation 3x3_max_pool:
[100, 32, 32, 24]
output dimension of o1 for cell 0 block 4 with input -2 and operation 3x3_conv:
[100, 32, 32, 24]
output dimension of o2 for cell 0 block 4 with input 3 and operation 3x3_max_pool:
[100, 32, 32, 24]
output dimension of o1 for cell 1 block 0 with input -2 and operation 3x3_conv:
[100, 32, 32, 24]
output dimension of o2 for cell 1 block 0 with input -2 and operation 3x3_max_pool:
[100, 32, 32, 24]

Identity subsample used

output dimension of o1 for cell 1 block 1 with input -2 and operation 3x3_max_pool:
[100, 32, 32, 24]
output dimension of o2 for cell 1 block 1 with input 0 and operation identity:
[100, 32, 32, 24]
output dimension of o1 for cell 1 block 2 with input 1 and operation 3x3_conv:
[100, 32, 32, 24]
output dimension of o2 for cell 1 block 2 with input -2 and operation 3x3_max_pool:
[100, 32, 32, 24]
output dimension of o1 for cell 1 block 3 with input 1 and operation 5x5_conv:
[100, 32, 32, 24]
output dimension of o2 for cell 1 block 3 with input -2 and operation 3x3_max_pool:
[100, 32, 32, 24]
output dimension of o1 for cell 1 block 4 with input -2 and operation 3x3_conv:
[100, 32, 32, 24]
output dimension of o2 for cell 1 block 4 with input 3 and operation 3x3_max_pool:
[100, 32, 32, 24]
output dimension of o1 for cell 2 block 0 with input -2 and operation 3x3_conv:
[100, 16, 16, 24]
output dimension of o2 for cell 2 block 0 with input -2 and operation 3x3_max_pool:
[100, 16, 16, 24]

Identity subsample used

output dimension of o1 for cell 2 block 1 with input -2 and operation 3x3_max_pool:
[100, 16, 16, 24]
output dimension of o2 for cell 2 block 1 with input 0 and operation identity:
[100, 16, 16, 24]
output dimension of o1 for cell 2 block 2 with input 1 and operation 3x3_conv:
[100, 16, 16, 24]
output dimension of o2 for cell 2 block 2 with input -2 and operation 3x3_max_pool:
[100, 16, 16, 24]
output dimension of o1 for cell 2 block 3 with input 1 and operation 5x5_conv:
[100, 16, 16, 24]
output dimension of o2 for cell 2 block 3 with input -2 and operation 3x3_max_pool:
[100, 16, 16, 24]
output dimension of o1 for cell 2 block 4 with input -2 and operation 3x3_conv:
[100, 16, 16, 24]
output dimension of o2 for cell 2 block 4 with input 3 and operation 3x3_max_pool:
[100, 16, 16, 24]
output dimension of o1 for cell 3 block 0 with input -2 and operation 3x3_conv:
[100, 32, 32, 48]
output dimension of o2 for cell 3 block 0 with input -2 and operation 3x3_max_pool:
[100, 32, 32, 48]

Identity subsample used

output dimension of o1 for cell 3 block 1 with input -2 and operation 3x3_max_pool:
[100, 32, 32, 48]
output dimension of o2 for cell 3 block 1 with input 0 and operation identity:
[100, 32, 32, 48]
output dimension of o1 for cell 3 block 2 with input 1 and operation 3x3_conv:
[100, 32, 32, 48]
output dimension of o2 for cell 3 block 2 with input -2 and operation 3x3_max_pool:
[100, 32, 32, 48]
output dimension of o1 for cell 3 block 3 with input 1 and operation 5x5_conv:
[100, 32, 32, 48]
output dimension of o2 for cell 3 block 3 with input -2 and operation 3x3_max_pool:
[100, 32, 32, 48]
output dimension of o1 for cell 3 block 4 with input -2 and operation 3x3_conv:
[100, 32, 32, 48]
output dimension of o2 for cell 3 block 4 with input 3 and operation 3x3_max_pool:
[100, 32, 32, 48]
output dimension of o1 for cell 4 block 0 with input -2 and operation 3x3_conv:
[100, 16, 16, 48]
output dimension of o2 for cell 4 block 0 with input -2 and operation 3x3_max_pool:
[100, 16, 16, 48]

Identity subsample used

output dimension of o1 for cell 4 block 1 with input -2 and operation 3x3_max_pool:
[100, 16, 16, 48]
output dimension of o2 for cell 4 block 1 with input 0 and operation identity:
[100, 16, 16, 48]
output dimension of o1 for cell 4 block 2 with input 1 and operation 3x3_conv:
[100, 16, 16, 48]
output dimension of o2 for cell 4 block 2 with input -2 and operation 3x3_max_pool:
[100, 16, 16, 48]
output dimension of o1 for cell 4 block 3 with input 1 and operation 5x5_conv:
[100, 16, 16, 48]
output dimension of o2 for cell 4 block 3 with input -2 and operation 3x3_max_pool:
[100, 16, 16, 48]
output dimension of o1 for cell 4 block 4 with input -2 and operation 3x3_conv:
[100, 16, 16, 48]
output dimension of o2 for cell 4 block 4 with input 3 and operation 3x3_max_pool:
[100, 16, 16, 48]
output dimension of o1 for cell 5 block 0 with input -2 and operation 3x3_conv:
[100, 16, 16, 48]
output dimension of o2 for cell 5 block 0 with input -2 and operation 3x3_max_pool:
[100, 16, 16, 48]

Identity subsample used

output dimension of o1 for cell 5 block 1 with input -2 and operation 3x3_max_pool:
[100, 16, 16, 48]
output dimension of o2 for cell 5 block 1 with input 0 and operation identity:
[100, 16, 16, 48]
output dimension of o1 for cell 5 block 2 with input 1 and operation 3x3_conv:
[100, 16, 16, 48]
output dimension of o2 for cell 5 block 2 with input -2 and operation 3x3_max_pool:
[100, 16, 16, 48]
output dimension of o1 for cell 5 block 3 with input 1 and operation 5x5_conv:
[100, 16, 16, 48]
output dimension of o2 for cell 5 block 3 with input -2 and operation 3x3_max_pool:
[100, 16, 16, 48]
output dimension of o1 for cell 5 block 4 with input -2 and operation 3x3_conv:
[100, 16, 16, 48]
output dimension of o2 for cell 5 block 4 with input 3 and operation 3x3_max_pool:
[100, 16, 16, 48]
output dimension of o1 for cell 6 block 0 with input -2 and operation 3x3_conv:
[100, 16, 16, 96]
output dimension of o2 for cell 6 block 0 with input -2 and operation 3x3_max_pool:
[100, 16, 16, 96]

Identity subsample used

output dimension of o1 for cell 6 block 1 with input -2 and operation 3x3_max_pool:
[100, 16, 16, 96]
output dimension of o2 for cell 6 block 1 with input 0 and operation identity:
[100, 16, 16, 96]
output dimension of o1 for cell 6 block 2 with input 1 and operation 3x3_conv:
[100, 16, 16, 96]
output dimension of o2 for cell 6 block 2 with input -2 and operation 3x3_max_pool:
[100, 16, 16, 96]
output dimension of o1 for cell 6 block 3 with input 1 and operation 5x5_conv:
[100, 16, 16, 96]
output dimension of o2 for cell 6 block 3 with input -2 and operation 3x3_max_pool:
[100, 16, 16, 96]
output dimension of o1 for cell 6 block 4 with input -2 and operation 3x3_conv:
[100, 16, 16, 96]
output dimension of o2 for cell 6 block 4 with input 3 and operation 3x3_max_pool:
[100, 16, 16, 96]
output dimension of o1 for cell 7 block 0 with input -2 and operation 3x3_conv:
[100, 16, 16, 96]
output dimension of o2 for cell 7 block 0 with input -2 and operation 3x3_max_pool:
[100, 16, 16, 96]

Identity subsample used

output dimension of o1 for cell 7 block 1 with input -2 and operation 3x3_max_pool:
[100, 16, 16, 96]
output dimension of o2 for cell 7 block 1 with input 0 and operation identity:
[100, 16, 16, 96]
output dimension of o1 for cell 7 block 2 with input 1 and operation 3x3_conv:
[100, 16, 16, 96]
output dimension of o2 for cell 7 block 2 with input -2 and operation 3x3_max_pool:
[100, 16, 16, 96]
output dimension of o1 for cell 7 block 3 with input 1 and operation 5x5_conv:
[100, 16, 16, 96]
output dimension of o2 for cell 7 block 3 with input -2 and operation 3x3_max_pool:
[100, 16, 16, 96]
output dimension of o1 for cell 7 block 4 with input -2 and operation 3x3_conv:
[100, 16, 16, 96]
output dimension of o2 for cell 7WARNING:tensorflow:From /home/data/Projects/git_repo/hacone/Spearmint-PESM/examples/cifar10/train_eval_image_classifier_movidius.py:670: streaming_recall_at_k (from tensorflow.contrib.metrics.python.ops.metric_ops) is deprecated and will be removed after 2016-11-08.
Instructions for updating:
Please use `streaming_sparse_recall_at_k`, and reshape labels from [batch_size] to [batch_size, 1].
INFO:tensorflow:Evaluating /home/lile/Projects/git_repo/hacone/outputs/cifarnet_movidius/_-2_-2_3_0_-2_0_0_1_1_-2_3_0_1_-2_5_0_-2_3_3_0/model.ckpt-14063
INFO:tensorflow:Starting evaluation at 2019-02-22-19:29:56
2019-02-23 03:29:56.308709: I tensorflow/core/common_runtime/gpu/gpu_device.cc:1120] Creating TensorFlow device (/device:GPU:0) -> (device: 0, name: GeForce GTX 1080 Ti, pci bus id: 0000:08:00.0, compute capability: 6.1)
INFO:tensorflow:Restoring parameters from /home/lile/Projects/git_repo/hacone/outputs/cifarnet_movidius/_-2_-2_3_0_-2_0_0_1_1_-2_3_0_1_-2_5_0_-2_3_3_0/model.ckpt-14063
INFO:tensorflow:Evaluation [1/50]
INFO:tensorflow:Evaluation [2/50]
INFO:tensorflow:Evaluation [3/50]
INFO:tensorflow:Evaluation [4/50]
INFO:tensorflow:Evaluation [5/50]
INFO:tensorflow:Evaluation [6/50]
INFO:tensorflow:Evaluation [7/50]
INFO:tensorflow:Evaluation [8/50]
INFO:tensorflow:Evaluation [9/50]
INFO:tensorflow:Evaluation [10/50]
INFO:tensorflow:Evaluation [11/50]
INFO:tensorflow:Evaluation [12/50]
INFO:tensorflow:Evaluation [13/50]
INFO:tensorflow:Evaluation [14/50]
INFO:tensorflow:Evaluation [15/50]
INFO:tensorflow:Evaluation [16/50]
INFO:tensorflow:Evaluation [17/50]
INFO:tensorflow:Evaluation [18/50]
INFO:tensorflow:Evaluation [19/50]
INFO:tensorflow:Evaluation [20/50]
INFO:tensorflow:Evaluation [21/50]
INFO:tensorflow:Evaluation [22/50]
INFO:tensorflow:Evaluation [23/50]
INFO:tensorflow:Evaluation [24/50]
INFO:tensorflow:Evaluation [25/50]
INFO:tensorflow:Evaluation [26/50]
INFO:tensorflow:Evaluation [27/50]
INFO:tensorflow:Evaluation [28/50]
INFO:tensorflow:Evaluation [29/50]
INFO:tensorflow:Evaluation [30/50]
INFO:tensorflow:Evaluation [31/50]
INFO:tensorflow:Evaluation [32/50]
INFO:tensorflow:Evaluation [33/50]
INFO:tensorflow:Evaluation [34/50]
INFO:tensorflow:Evaluation [35/50]
INFO:tensorflow:Evaluation [36/50]
INFO:tensorflow:Evaluation [37/50]
INFO:tensorflow:Evaluation [38/50]
INFO:tensorflow:Evaluation [39/50]
INFO:tensorflow:Evaluation [40/50]
INFO:tensorflow:Evaluation [41/50]
INFO:tensorflow:Evaluation [42/50]
INFO:tensorflow:Evaluation [43/50]
INFO:tensorflow:Evaluation [44/50]
INFO:tensorflow:Evaluation [45/50]
INFO:tensorflow:Evaluation [46/50]
INFO:tensorflow:Evaluation [47/50]
INFO:tensorflow:Evaluation [48/50]
INFO:tensorflow:Evaluation [49/50]
INFO:tensorflow:Evaluation [50/50]
2019-02-23 03:30:05.087573: I tensorflow/core/kernels/logging_ops.cc:79] eval/Accuracy[0.6968]
2019-02-23 03:30:05.087606: I tensorflow/core/kernels/logging_ops.cc:79] eval/Recall_5[0.9698]
INFO:tensorflow:Finished evaluation at 2019-02-22-19:30:05
INFO:tensorflow:Scale of 0 disables regularizer.
main
[-2, -2, 3, 0, -2, 0, 0, 1, 1, -2, 3, 0, 1, -2, 5, 0, -2, 3, 3, 0]
output dimension of o1 for cell 0 block 0 with input -2 and operation 3x3_conv:
[None, 32, 32, 24]
output dimension of o2 for cell 0 block 0 with input -2 and operation 3x3_max_pool:
[None, 32, 32, 24]

Identity subsample used

output dimension of o1 for cell 0 block 1 with input -2 and operation 3x3_max_pool:
[None, 32, 32, 24]
output dimension of o2 for cell 0 block 1 with input 0 and operation identity:
[None, 32, 32, 24]
output dimension of o1 for cell 0 block 2 with input 1 and operation 3x3_conv:
[None, 32, 32, 24]
output dimension of o2 for cell 0 block 2 with input -2 and operation 3x3_max_pool:
[None, 32, 32, 24]
output dimension of o1 for cell 0 block 3 with input 1 and operation 5x5_conv:
[None, 32, 32, 24]
output dimension of o2 for cell 0 block 3 with input -2 and operation 3x3_max_pool:
[None, 32, 32, 24]
output dimension of o1 for cell 0 block 4 with input -2 and operation 3x3_conv:
[None, 32, 32, 24]
output dimension of o2 for cell 0 block 4 with input 3 and operation 3x3_max_pool:
[None, 32, 32, 24]
output dimension of o1 for cell 1 block 0 with input -2 and operation 3x3_conv:
[None, 32, 32, 24]
output dimension of o2 for cell 1 block 0 with input -2 and operation 3x3_max_pool:
[None, 32, 32, 24]

Identity subsample used

output dimension of o1 for cell 1 block 1 with input -2 and operation 3x3_max_pool:
[None, 32, 32, 24]
output dimension of o2 for cell 1 block 1 with input 0 and operation identity:
[None, 32, 32, 24]
output dimension of o1 for cell 1 block 2 with input 1 and operation 3x3_conv:
[None, 32, 32, 24]
output dimension of o2 for cell 1 block 2 with input -2 and operation 3x3_max_pool:
[None, 32, 32, 24]
output dimension of o1 for cell 1 block 3 with input 1 and operation 5x5_conv:
[None, 32, 32, 24]
output dimension of o2 for cell 1 block 3 with input -2 and operation 3x3_max_pool:
[None, 32, 32, 24]
output dimension of o1 for cell 1 block 4 with input -2 and operation 3x3_conv:
[None, 32, 32, 24]
output dimension of o2 for cell 1 block 4 with input 3 and operation 3x3_max_pool:
[None, 32, 32, 24]
output dimension of o1 for cell 2 block 0 with input -2 and operation 3x3_conv:
[None, 16, 16, 24]
output dimension of o2 for cell 2 block 0 with input -2 and operation 3x3_max_pool:
[None, 16, 16, 24]

Identity subsample used

output dimension of o1 for cell 2 block 1 with input -2 and operation 3x3_max_pool:
[None, 16, 16, 24]
output dimension of o2 for cell 2 block 1 with input 0 and operation identity:
[None, 16, 16, 24]
output dimension of o1 for cell 2 block 2 with input 1 and operation 3x3_conv:
[None, 16, 16, 24]
output dimension of o2 for cell 2 block 2 with input -2 and operation 3x3_max_pool:
[None, 16, 16, 24]
output dimension of o1 for cell 2 block 3 with input 1 and operation 5x5_conv:
[None, 16, 16, 24]
output dimension of o2 for cell 2 block 3 with input -2 and operation 3x3_max_pool:
[None, 16, 16, 24]
output dimension of o1 for cell 2 block 4 with input -2 and operation 3x3_conv:
[None, 16, 16, 24]
output dimension of o2 for cell 2 block 4 with input 3 and operation 3x3_max_pool:
[None, 16, 16, 24]
output dimension of o1 for cell 3 block 0 with input -2 and operation 3x3_conv:
[None, 32, 32, 48]
output dimension of o2 for cell 3 block 0 with input -2 and operation 3x3_max_pool:
[None, 32, 32, 48]

Identity subsample used

output dimension of o1 for cell 3 block 1 with input -2 and operation 3x3_max_pool:
[None, 32, 32, 48]
output dimension of o2 for cell 3 block 1 with input 0 and operation identity:
[None, 32, 32, 48]
output dimension of o1 for cell 3 block 2 with input 1 and operation 3x3_conv:
[None, 32, 32, 48]
output dimension of o2 for cell 3 block 2 with input -2 and operation 3x3_max_pool:
[None, 32, 32, 48]
output dimension of o1 for cell 3 block 3 with input 1 and operation 5x5_conv:
[None, 32, 32, 48]
output dimension of o2 for cell 3 block 3 with input -2 and operation 3x3_max_pool:
[None, 32, 32, 48]
output dimension of o1 for cell 3 block 4 with input -2 and operation 3x3_conv:
[None, 32, 32, 48]
output dimension of o2 for cell 3 block 4 with input 3 and operation 3x3_max_pool:
[None, 32, 32, 48]
output dimension of o1 for cell 4 block 0 with input -2 and operation 3x3_conv:
[None, 16, 16, 48]
output dimension of o2 for cell 4 block 0 with input -2 and operation 3x3_max_pool:
[None, 16, 16, 48]

Identity subsample used

output dimension of o1 for cell 4 block 1 with input -2 and operation 3x3_max_pool:
[None, 16, 16, 48]
output dimension of o2 for cell 4 block 1 with input 0 and operation identity:
[None, 16, 16, 48]
output dimension of o1 for cell 4 block 2 with input 1 and operation 3x3_conv:
[None, 16, 16, 48]
output dimension of o2 for cell 4 block 2 with input -2 and operation 3x3_max_pool:
[None, 16, 16, 48]
output dimension of o1 for cell 4 block 3 with input 1 and operation 5x5_conv:
[None, 16, 16, 48]
output dimension of o2 for cell 4 block 3 with input -2 and operation 3x3_max_pool:
[None, 16, 16, 48]
output dimension of o1 for cell 4 block 4 with input -2 and operation 3x3_conv:
[None, 16, 16, 48]
output dimension of o2 for cell 4 block 4 with input 3 and operation 3x3_max_pool:
[None, 16, 16, 48]
output dimension of o1 for cell 5 block 0 with input -2 and operation 3x3_conv:
[None, 16, 16, 48]
output dimension of o2 for cell 5 block 0 with input -2 and operation 3x3_max_pool:
[None, 16, 16, 48]

Identity subsample used

output dimension of o1 for cell 5 block 1 with input -2 and operation 3x3_max_pool:
[None, 16, 16, 48]
output dimension of o2 for cell 5 block 1 with input 0 and operation identity:
[None, 16, 16, 48]
output dimension of o1 for cell 5 block 2 with input 1 and operation 3x3_conv:
[None, 16, 16, 48]
output dimension of o2 for cell 5 block 2 with input -2 and operation 3x3_max_pool:
[None, 16, 16, 48]
output dimension of o1 for cell 5 block 3 with input 1 and operation 5x5_conv:
[None, 16, 16, 48]
output dimension of o2 for cell 5 block 3 with input -2 and operation 3x3_max_pool:
[None, 16, 16, 48]
output dimension of o1 for cell 5 block 4 with input -2 and operation 3x3_conv:
[None, 16, 16, 48]
output dimension of o2 for cell 5 block 4 with input 3 and operation 3x3_max_pool:
[None, 16, 16, 48]
output dimension of o1 for cell 6 block 0 with input -2 and operation 3x3_conv:
[None, 16, 16, 96]
output dimension of o2 for cell 6 block 0 with input -2 and operation 3x3_max_pool:
[None, 16, 16, 96]

Identity subsample used

output dimension of o1 for cell 6 block 1 with input -2 and operation 3x3_max_pool:
[None, 16, 16, 96]
output dimension of o2 for cell 6 block 1 with input 0 and operation identity:
[None, 16, 16, 96]
output dimension of o1 for cell 6 block 2 with input 1 and operation 3x3_conv:
[None, 16, 16, 96]
output dimension of o2 for cell 6 block 2 with input -2 and operation 3x3_max_pool:
[None, 16, 16, 96]
output dimension of o1 for cell 6 block 3 with input 1 and operation 5x5_conv:
[None, 16, 16, 96]
output dimension of o2 for cell 6 block 3 with input -2 and operation 3x3_max_pool:
[None, 16, 16, 96]
output dimension of o1 for cell 6 block 4 with input -2 and operation 3x3_conv:
[None, 16, 16, 96]
output dimension of o2 for cell 6 block 4 with input 3 and operation 3x3_max_pool:
[None, 16, 16, 96]
output dimension of o1 for cell 7 block 0 with input -2 and operation 3x3_conv:
[None, 16, 16, 96]
output dimension of o2 for cell 7 block 0 with input -2 and operation 3x3_max_pool:
[None, 16, 16, 96]

Identity subsample used

output dimension of o1 for cell 7 block 1 with input -2 and operation 3x3_max_pool:
[None, 16, 16, 96]
output dimension of o2 for cell 7 block 1 with input 0 and operation identity:
[None, 16, 16, 96]
output dimension of o1 for cell 7 block 2 with input 1 and operation 3x3_conv:
[None, 16, 16, 96]
output dimension of o2 for cell 7 block 2 with input -2 and operation 3x3_max_pool:
[None, 16, 16, 96]
output dimension of o1 for cell 7 block 3 with input 1 and operation 5x5_conv:
[None, 16, 16, 96]
output dimension of o2 for cell 7 block 3 with input -2 and operation 3x3_max_pool:
[None, 16, 16, 96]
output dimension of o1 for cell 7 block 4 with input -2 and operation 3x3_conv:
[None, 16, 16, 96]
output dimension of o2 for cell 7 block 4 with input 3 and operation 3x3_max_pool:
[None, 16, 16, 96]
final output shape
(?, 1, 1, 192)
2019-02-23 03:30:08.886971: I tensorflow/core/platform/cpu_feature_guard.cc:137] Your CPU supports instructions that this TensorFlow binary was not compiled to use: SSE4.1 SSE4.2 AVX AVX2 FMA
2019-02-23 03:30:09.045697: I tensorflow/core/common_runtime/gpu/gpu_device.cc:1030] Found device 0 with properties: 
name: GeForce GTX 1080 Ti major: 6 minor: 1 memoryClockRate(GHz): 1.582
pciBusID: 0000:08:00.0
totalMemory: 10.91GiB freeMemory: 9.29GiB
2019-02-23 03:30:09.045752: I tensorflow/core/common_runtime/gpu/gpu_device.cc:1120] Creating TensorFlow device (/device:GPU:0) -> (device: 0, name: GeForce GTX 1080 Ti, pci bus id: 0000:08:00.0, compute capability: 6.1)
Converted 82 variables to const ops.
/usr/lib/python3/dist-packages/scipy/stats/morestats.py:16: DeprecationWarning: Importing from numpy.testing.decorators is deprecated, import from numpy.testing instead.
  from numpy.testing.decorators import setastest
/home/lile/.local/lib/python3.5/site-packages/tensorflow/python/framework/ops.py:871: DeprecationWarning: builtin type EagerTensor has no __module__ attribute
/home/lile/.local/lib/python3.5/site-packages/tensorflow/python/util/tf_inspect.py:45: DeprecationWarning: inspect.getargspec() is deprecated, use inspect.signature() instead
/usr/lib/python3.5/site-packages/h5py/__init__.py:34: FutureWarning: Conversion of the second argument of issubdtype from `float` to `np.floating` is deprecated. In future, it will be treated as `np.float64 == np.dtype(float).type`.
/home/lile/.local/lib/python3.5/site-packages/tensorflow/python/util/tf_inspect.py:45: DeprecationWarning: inspect.getargspec() is deprecated, use inspect.signature() instead
/home/lile/.local/lib/python3.5/site-packages/tensorflow/python/framework/tensor_util.py:560: DeprecationWarning: The binary mode of fromstring is deprecated, as it behaves surprisingly on unicode inputs. Use frombuffer instead
/opt/movidius/NCSDK/ncsdk-x86_64/tk/Controllers/FileIO.py:65: UserWarning: [93mYou are using a large type. Consider reducing your data sizes for best performance[0m
/opt/movidius/NCSDK/ncsdk-x86_64/api/python/mvnc/mvncapi.py:408: DeprecationWarning: The binary mode of fromstring is deprecated, as it behaves surprisingly on unicode inputs. Use frombuffer instead
file done
Got result {'energy': 1.1779, 'time': 32.53, 'f': 0.30320000648498535}
Completed successfully in 48.68 seconds. [{'energy': 1.1779, 'time': 32.53, 'f': 0.30320000648498535}]
 block 4 with input 3 and operation 3x3_max_pool:
[100, 16, 16, 96]
final output shape
(100, 1, 1, 192)
